#
# There is insufficient memory for the Java Runtime Environment to continue.
# Native memory allocation (malloc) failed to allocate 1954736 bytes for Chunk::new
# Possible reasons:
#   The system is out of physical RAM or swap space
#   The process is running with CompressedOops enabled, and the Java Heap may be blocking the growth of the native heap
# Possible solutions:
#   Reduce memory load on the system
#   Increase physical memory or swap space
#   Check if swap backing store is full
#   Decrease Java heap size (-Xmx/-Xms)
#   Decrease number of Java threads
#   Decrease Java thread stack sizes (-Xss)
#   Set larger code cache with -XX:ReservedCodeCacheSize=
#   JVM is running with Unscaled Compressed Oops mode in which the Java heap is
#     placed in the first 4GB address space. The Java Heap base address is the
#     maximum limit for the native heap growth. Please use -XX:HeapBaseMinAddress
#     to set the Java Heap base and to place the Java Heap above 4GB virtual address.
# This output file may be truncated or incomplete.
#
#  Out of Memory Error (./src/hotspot/share/memory/arena.cpp:197), pid=3960, tid=9676
#
# JRE version: OpenJDK Runtime Environment (11.0.8+10) (build 11.0.8+10-b944.6842174)
# Java VM: OpenJDK 64-Bit Server VM (11.0.8+10-b944.6842174, mixed mode, tiered, compressed oops, g1 gc, windows-amd64)
# No core dump will be written. Minidumps are not enabled by default on client versions of Windows
#

---------------  S U M M A R Y ------------

Command Line: --add-opens=java.base/java.util=ALL-UNNAMED --add-opens=java.base/java.lang=ALL-UNNAMED --add-opens=java.base/java.lang.invoke=ALL-UNNAMED --add-opens=java.prefs/java.util.prefs=ALL-UNNAMED -Xmx2048m -Dfile.encoding=UTF-8 -Duser.country=CN -Duser.language=zh -Duser.variant org.gradle.launcher.daemon.bootstrap.GradleDaemon 6.7.1

Host: Intel(R) Core(TM) i7-10510U CPU @ 1.80GHz, 8 cores, 15G,  Windows 10 , 64 bit Build 19041 (10.0.19041.1023)
Time: Sun Jul 25 18:57:38 2021 GMT ÏÄÁîÊ± elapsed time: 13 seconds (0d 0h 0m 13s)

---------------  T H R E A D  ---------------

Current thread (0x000001c4c0609000):  JavaThread "C2 CompilerThread0" daemon [_thread_in_native, id=9676, stack(0x0000006c28e00000,0x0000006c28f00000)]


Current CompileTask:
C2:  13161 6073       4       sun.reflect.generics.parser.SignatureParser::parseClassTypeSignature (118 bytes)

Stack: [0x0000006c28e00000,0x0000006c28f00000]
Native frames: (J=compiled Java code, j=interpreted, Vv=VM code, C=native code)
V  [jvm.dll+0x5de50a]
V  [jvm.dll+0x7122f5]
V  [jvm.dll+0x71384d]
V  [jvm.dll+0x713f03]
V  [jvm.dll+0x23e728]
V  [jvm.dll+0xb899c]
V  [jvm.dll+0xb8e9c]
V  [jvm.dll+0x35020b]
V  [jvm.dll+0x31dea3]
V  [jvm.dll+0x31d39a]
V  [jvm.dll+0x1f7702]
V  [jvm.dll+0x1f68d4]
V  [jvm.dll+0x17f32c]
V  [jvm.dll+0x205047]
V  [jvm.dll+0x203891]
V  [jvm.dll+0x6dad3f]
V  [jvm.dll+0x6d3895]
V  [jvm.dll+0x5dd4a6]
C  [ucrtbase.dll+0x21bb2]
C  [KERNEL32.DLL+0x17034]
C  [ntdll.dll+0x52651]


---------------  P R O C E S S  ---------------

Threads class SMR info:
_java_thread_list=0x000001c4c3cd5c80, length=138, elements={
0x000001c4a5a1d000, 0x000001c4c0591000, 0x000001c4c0593800, 0x000001c4c0607800,
0x000001c4c0608000, 0x000001c4c0609000, 0x000001c4c0614000, 0x000001c4c0619800,
0x000001c4c076d800, 0x000001c4c078a800, 0x000001c4c2127800, 0x000001c4c0957800,
0x000001c4c1d42000, 0x000001c4c2ae5000, 0x000001c4c39b2800, 0x000001c4c0c05000,
0x000001c4c16a4000, 0x000001c4c3500800, 0x000001c4c1946800, 0x000001c4c2629800,
0x000001c4c39d7800, 0x000001c4c39d5000, 0x000001c4c39d7000, 0x000001c4c3be4000,
0x000001c4c39d8800, 0x000001c4c39d9800, 0x000001c4c39d3800, 0x000001c4c39d6000,
0x000001c4c3eb3000, 0x000001c4c39da000, 0x000001c4c39d4800, 0x000001c4c268c800,
0x000001c4c2691000, 0x000001c4c268c000, 0x000001c4c268e800, 0x000001c4c268d800,
0x000001c4c2690000, 0x000001c4c268b000, 0x000001c4c2693800, 0x000001c4c2692800,
0x000001c4c2697800, 0x000001c4c2691800, 0x000001c4c2698000, 0x000001c4c2695800,
0x000001c4c2699000, 0x000001c4c2695000, 0x000001c4c2696800, 0x000001c4c269a000,
0x000001c4c2694000, 0x000001c4c3df2000, 0x000001c4c3df5800, 0x000001c4c3df3800,
0x000001c4c3df4800, 0x000001c4c3df6000, 0x000001c4c3df7000, 0x000001c4c3df1000,
0x000001c4c3df7800, 0x000001c4c3df8800, 0x000001c4c3df3000, 0x000001c4c3dfc000,
0x000001c4c3dfc800, 0x000001c4c3df9800, 0x000001c4c3e00000, 0x000001c4c3dfa000,
0x000001c4c3dfb000, 0x000001c4c3dff000, 0x000001c4c3dfd800, 0x000001c4c3dfe800,
0x000001c4c633d000, 0x000001c4c633c000, 0x000001c4c633b000, 0x000001c4c6341800,
0x000001c4c633d800, 0x000001c4c633f000, 0x000001c4c633e800, 0x000001c4c6340000,
0x000001c4c6341000, 0x000001c4c6e44800, 0x000001c4c6e4b000, 0x000001c4c6e48800,
0x000001c4c6e45000, 0x000001c4c6e4a000, 0x000001c4c6e49000, 0x000001c4c6e46000,
0x000001c4c6e47000, 0x000001c4c6e47800, 0x000001c4c2906000, 0x000001c4c2901800,
0x000001c4c2907000, 0x000001c4c2908000, 0x000001c4c2902000, 0x000001c4c2903000,
0x000001c4c2904800, 0x000001c4c2903800, 0x000001c4c2905800, 0x000001c4c6535800,
0x000001c4c6536800, 0x000001c4c6534000, 0x000001c4c6538000, 0x000001c4c6535000,
0x000001c4c6537800, 0x000001c4c6539000, 0x000001c4c6533800, 0x000001c4c653a000,
0x000001c4c3576800, 0x000001c4c3577800, 0x000001c4c3572800, 0x000001c4c3572000,
0x000001c4c3574000, 0x000001c4c3578800, 0x000001c4c3579000, 0x000001c4c3573800,
0x000001c4c357a000, 0x000001c4c357b000, 0x000001c4c3575000, 0x000001c4c357b800,
0x000001c4c3576000, 0x000001c4c357e000, 0x000001c4c357c800, 0x000001c4c357d000,
0x000001c4c357f000, 0x000001c4c357f800, 0x000001c4c3580800, 0x000001c4c6f57800,
0x000001c4c6f58000, 0x000001c4c6f5a800, 0x000001c4c6f59000, 0x000001c4c6f55800,
0x000001c4c6f5c000, 0x000001c4c6f5b800, 0x000001c4c6f5a000, 0x000001c4c6f56800,
0x000001c4c4254800, 0x000001c4c4251000, 0x000001c4c4255000, 0x000001c4c4257000,
0x000001c4c4253800, 0x000001c4c4256000
}

Java Threads: ( => current thread )
  0x000001c4a5a1d000 JavaThread "main" [_thread_blocked, id=15792, stack(0x0000006c28300000,0x0000006c28400000)]
  0x000001c4c0591000 JavaThread "Reference Handler" daemon [_thread_blocked, id=4556, stack(0x0000006c28a00000,0x0000006c28b00000)]
  0x000001c4c0593800 JavaThread "Finalizer" daemon [_thread_blocked, id=7116, stack(0x0000006c28b00000,0x0000006c28c00000)]
  0x000001c4c0607800 JavaThread "Signal Dispatcher" daemon [_thread_blocked, id=4232, stack(0x0000006c28c00000,0x0000006c28d00000)]
  0x000001c4c0608000 JavaThread "Attach Listener" daemon [_thread_blocked, id=4952, stack(0x0000006c28d00000,0x0000006c28e00000)]
=>0x000001c4c0609000 JavaThread "C2 CompilerThread0" daemon [_thread_in_native, id=9676, stack(0x0000006c28e00000,0x0000006c28f00000)]
  0x000001c4c0614000 JavaThread "C1 CompilerThread0" daemon [_thread_blocked, id=3200, stack(0x0000006c28f00000,0x0000006c29000000)]
  0x000001c4c0619800 JavaThread "Sweeper thread" daemon [_thread_blocked, id=1028, stack(0x0000006c29000000,0x0000006c29100000)]
  0x000001c4c076d800 JavaThread "Common-Cleaner" daemon [_thread_blocked, id=11024, stack(0x0000006c29100000,0x0000006c29200000)]
  0x000001c4c078a800 JavaThread "Service Thread" daemon [_thread_blocked, id=2112, stack(0x0000006c29200000,0x0000006c29300000)]
  0x000001c4c2127800 JavaThread "Daemon health stats" [_thread_blocked, id=10844, stack(0x0000006c29b00000,0x0000006c29c00000)]
  0x000001c4c0957800 JavaThread "Incoming local TCP Connector on port 65245" [_thread_in_native, id=9724, stack(0x0000006c29c00000,0x0000006c29d00000)]
  0x000001c4c1d42000 JavaThread "Daemon periodic checks" [_thread_blocked, id=15460, stack(0x0000006c29d00000,0x0000006c29e00000)]
  0x000001c4c2ae5000 JavaThread "Daemon" [_thread_blocked, id=13424, stack(0x0000006c29e00000,0x0000006c29f00000)]
  0x000001c4c39b2800 JavaThread "Handler for socket connection from /127.0.0.1:65245 to /127.0.0.1:65246" [_thread_in_native, id=14644, stack(0x0000006c29f00000,0x0000006c2a000000)]
  0x000001c4c0c05000 JavaThread "Cancel handler" [_thread_blocked, id=15896, stack(0x0000006c2a000000,0x0000006c2a100000)]
  0x000001c4c16a4000 JavaThread "Daemon worker" [_thread_in_vm, id=2544, stack(0x0000006c2a100000,0x0000006c2a200000)]
  0x000001c4c3500800 JavaThread "Asynchronous log dispatcher for DefaultDaemonConnection: socket connection from /127.0.0.1:65245 to /127.0.0.1:65246" [_thread_blocked, id=16272, stack(0x0000006c2a200000,0x0000006c2a300000)]
  0x000001c4c1946800 JavaThread "Stdin handler" [_thread_blocked, id=16208, stack(0x0000006c2a300000,0x0000006c2a400000)]
  0x000001c4c2629800 JavaThread "Thread-8" [_thread_blocked, id=15668, stack(0x0000006c2a400000,0x0000006c2a500000)]
  0x000001c4c39d7800 JavaThread "Cache worker for file hash cache (D:\Android\.gradle\caches\6.7.1\fileHashes)" [_thread_blocked, id=9660, stack(0x0000006c2a500000,0x0000006c2a600000)]
  0x000001c4c39d5000 JavaThread "File lock request listener" [_thread_in_native, id=16216, stack(0x0000006c2a600000,0x0000006c2a700000)]
  0x000001c4c39d7000 JavaThread "Cache worker for journal cache (D:\Android\.gradle\caches\journal-1)" [_thread_blocked, id=10048, stack(0x0000006c2aa00000,0x0000006c2ab00000)]
  0x000001c4c3be4000 JavaThread "C2 CompilerThread1" daemon [_thread_in_native, id=2316, stack(0x0000006c2ab00000,0x0000006c2ac00000)]
  0x000001c4c39d8800 JavaThread "Cache worker for file hash cache (D:\User\JupyterBookFiles\Dissertation_code\Android_HAR_app\.gradle\6.7.1\fileHashes)" [_thread_blocked, id=15036, stack(0x0000006c2ac00000,0x0000006c2ad00000)]
  0x000001c4c39d9800 JavaThread "Cache worker for checksums cache (D:\User\JupyterBookFiles\Dissertation_code\Android_HAR_app\.gradle\checksums)" [_thread_blocked, id=16256, stack(0x0000006c2ad00000,0x0000006c2ae00000)]
  0x000001c4c39d3800 JavaThread "Cache worker for cache directory md-supplier (D:\Android\.gradle\caches\6.7.1\md-supplier)" [_thread_blocked, id=15880, stack(0x0000006c2ae00000,0x0000006c2af00000)]
  0x000001c4c39d6000 JavaThread "Cache worker for cache directory md-rule (D:\Android\.gradle\caches\6.7.1\md-rule)" [_thread_blocked, id=13452, stack(0x0000006c2af00000,0x0000006c2b000000)]
  0x000001c4c3eb3000 JavaThread "C2 CompilerThread2" daemon [_thread_blocked, id=7000, stack(0x0000006c2b000000,0x0000006c2b100000)]
  0x000001c4c39da000 JavaThread "Cache worker for execution history cache (D:\Android\.gradle\caches\6.7.1\executionHistory)" [_thread_blocked, id=11664, stack(0x0000006c2b100000,0x0000006c2b200000)]
  0x000001c4c39d4800 JavaThread "jar transforms" [_thread_blocked, id=16228, stack(0x0000006c2b200000,0x0000006c2b300000)]
  0x000001c4c268c800 JavaThread "Cache worker for file content cache (D:\Android\.gradle\caches\6.7.1\fileContent)" [_thread_blocked, id=4860, stack(0x0000006c2b300000,0x0000006c2b400000)]
  0x000001c4c2691000 JavaThread "Cache worker for Build Output Cleanup Cache (D:\User\JupyterBookFiles\Dissertation_code\Android_HAR_app\.gradle\buildOutputCleanup)" [_thread_blocked, id=4120, stack(0x0000006c2b400000,0x0000006c2b500000)]
  0x000001c4c268c000 JavaThread "Build operations" [_thread_blocked, id=15900, stack(0x0000006c2b500000,0x0000006c2b600000)]
  0x000001c4c268e800 JavaThread "Build operations Thread 2" [_thread_blocked, id=9444, stack(0x0000006c2b600000,0x0000006c2b700000)]
  0x000001c4c268d800 JavaThread "Build operations Thread 3" [_thread_blocked, id=4968, stack(0x0000006c2b700000,0x0000006c2b800000)]
  0x000001c4c2690000 JavaThread "Build operations Thread 4" [_thread_blocked, id=14024, stack(0x0000006c2b800000,0x0000006c2b900000)]
  0x000001c4c268b000 JavaThread "Build operations Thread 5" [_thread_blocked, id=6204, stack(0x0000006c2b900000,0x0000006c2ba00000)]
  0x000001c4c2693800 JavaThread "Build operations Thread 6" [_thread_blocked, id=3504, stack(0x0000006c2ba00000,0x0000006c2bb00000)]
  0x000001c4c2692800 JavaThread "Build operations Thread 7" [_thread_blocked, id=6008, stack(0x0000006c2bb00000,0x0000006c2bc00000)]
  0x000001c4c2697800 JavaThread "Build operations Thread 8" [_thread_blocked, id=16172, stack(0x0000006c2bc00000,0x0000006c2bd00000)]
  0x000001c4c2691800 JavaThread "jar transforms Thread 2" [_thread_blocked, id=11384, stack(0x0000006c2bd00000,0x0000006c2be00000)]
  0x000001c4c2698000 JavaThread "jar transforms Thread 3" [_thread_blocked, id=6624, stack(0x0000006c2be00000,0x0000006c2bf00000)]
  0x000001c4c2695800 JavaThread "jar transforms Thread 4" [_thread_blocked, id=15268, stack(0x0000006c2bf00000,0x0000006c2c000000)]
  0x000001c4c2699000 JavaThread "jar transforms Thread 5" [_thread_blocked, id=16168, stack(0x0000006c2c000000,0x0000006c2c100000)]
  0x000001c4c2695000 JavaThread "jar transforms Thread 6" [_thread_blocked, id=9796, stack(0x0000006c2c100000,0x0000006c2c200000)]
  0x000001c4c2696800 JavaThread "jar transforms Thread 7" [_thread_blocked, id=13728, stack(0x0000006c2c200000,0x0000006c2c300000)]
  0x000001c4c269a000 JavaThread "jar transforms Thread 8" [_thread_blocked, id=14124, stack(0x0000006c2c300000,0x0000006c2c400000)]
  0x000001c4c2694000 JavaThread "jar transforms Thread 9" [_thread_blocked, id=4824, stack(0x0000006c2c400000,0x0000006c2c500000)]
  0x000001c4c3df2000 JavaThread "jar transforms Thread 10" [_thread_blocked, id=7540, stack(0x0000006c2c500000,0x0000006c2c600000)]
  0x000001c4c3df5800 JavaThread "jar transforms Thread 11" [_thread_blocked, id=3280, stack(0x0000006c2c600000,0x0000006c2c700000)]
  0x000001c4c3df3800 JavaThread "jar transforms Thread 12" [_thread_blocked, id=1844, stack(0x0000006c2c700000,0x0000006c2c800000)]
  0x000001c4c3df4800 JavaThread "jar transforms Thread 13" [_thread_blocked, id=14052, stack(0x0000006c2c800000,0x0000006c2c900000)]
  0x000001c4c3df6000 JavaThread "jar transforms Thread 14" [_thread_blocked, id=8160, stack(0x0000006c2c900000,0x0000006c2ca00000)]
  0x000001c4c3df7000 JavaThread "jar transforms Thread 15" [_thread_blocked, id=15544, stack(0x0000006c2ca00000,0x0000006c2cb00000)]
  0x000001c4c3df1000 JavaThread "jar transforms Thread 16" [_thread_blocked, id=10060, stack(0x0000006c2cb00000,0x0000006c2cc00000)]
  0x000001c4c3df7800 JavaThread "jar transforms Thread 17" [_thread_blocked, id=12784, stack(0x0000006c2cc00000,0x0000006c2cd00000)]
  0x000001c4c3df8800 JavaThread "jar transforms Thread 18" [_thread_blocked, id=12372, stack(0x0000006c2cd00000,0x0000006c2ce00000)]
  0x000001c4c3df3000 JavaThread "jar transforms Thread 19" [_thread_blocked, id=10552, stack(0x0000006c2ce00000,0x0000006c2cf00000)]
  0x000001c4c3dfc000 JavaThread "jar transforms Thread 20" [_thread_blocked, id=7192, stack(0x0000006c2cf00000,0x0000006c2d000000)]
  0x000001c4c3dfc800 JavaThread "jar transforms Thread 21" [_thread_blocked, id=6992, stack(0x0000006c2d000000,0x0000006c2d100000)]
  0x000001c4c3df9800 JavaThread "jar transforms Thread 22" [_thread_blocked, id=13988, stack(0x0000006c2d100000,0x0000006c2d200000)]
  0x000001c4c3e00000 JavaThread "jar transforms Thread 23" [_thread_blocked, id=10828, stack(0x0000006c2d200000,0x0000006c2d300000)]
  0x000001c4c3dfa000 JavaThread "jar transforms Thread 24" [_thread_blocked, id=9416, stack(0x0000006c2d300000,0x0000006c2d400000)]
  0x000001c4c3dfb000 JavaThread "jar transforms Thread 25" [_thread_blocked, id=11268, stack(0x0000006c2d400000,0x0000006c2d500000)]
  0x000001c4c3dff000 JavaThread "jar transforms Thread 26" [_thread_blocked, id=1904, stack(0x0000006c2d500000,0x0000006c2d600000)]
  0x000001c4c3dfd800 JavaThread "jar transforms Thread 27" [_thread_blocked, id=7424, stack(0x0000006c2d600000,0x0000006c2d700000)]
  0x000001c4c3dfe800 JavaThread "jar transforms Thread 28" [_thread_blocked, id=1712, stack(0x0000006c2d700000,0x0000006c2d800000)]
  0x000001c4c633d000 JavaThread "jar transforms Thread 29" [_thread_blocked, id=10832, stack(0x0000006c2d800000,0x0000006c2d900000)]
  0x000001c4c633c000 JavaThread "jar transforms Thread 30" [_thread_blocked, id=14136, stack(0x0000006c2d900000,0x0000006c2da00000)]
  0x000001c4c633b000 JavaThread "jar transforms Thread 31" [_thread_blocked, id=11052, stack(0x0000006c2da00000,0x0000006c2db00000)]
  0x000001c4c6341800 JavaThread "jar transforms Thread 32" [_thread_blocked, id=8420, stack(0x0000006c2db00000,0x0000006c2dc00000)]
  0x000001c4c633d800 JavaThread "jar transforms Thread 33" [_thread_blocked, id=14620, stack(0x0000006c2dc00000,0x0000006c2dd00000)]
  0x000001c4c633f000 JavaThread "jar transforms Thread 34" [_thread_blocked, id=15820, stack(0x0000006c2dd00000,0x0000006c2de00000)]
  0x000001c4c633e800 JavaThread "jar transforms Thread 35" [_thread_blocked, id=8204, stack(0x0000006c2de00000,0x0000006c2df00000)]
  0x000001c4c6340000 JavaThread "jar transforms Thread 36" [_thread_blocked, id=3320, stack(0x0000006c2df00000,0x0000006c2e000000)]
  0x000001c4c6341000 JavaThread "jar transforms Thread 37" [_thread_blocked, id=5544, stack(0x0000006c2e000000,0x0000006c2e100000)]
  0x000001c4c6e44800 JavaThread "jar transforms Thread 38" [_thread_blocked, id=15116, stack(0x0000006c2e100000,0x0000006c2e200000)]
  0x000001c4c6e4b000 JavaThread "jar transforms Thread 39" [_thread_blocked, id=13328, stack(0x0000006c2e200000,0x0000006c2e300000)]
  0x000001c4c6e48800 JavaThread "jar transforms Thread 40" [_thread_blocked, id=11856, stack(0x0000006c2e300000,0x0000006c2e400000)]
  0x000001c4c6e45000 JavaThread "jar transforms Thread 41" [_thread_blocked, id=15748, stack(0x0000006c2e400000,0x0000006c2e500000)]
  0x000001c4c6e4a000 JavaThread "jar transforms Thread 42" [_thread_blocked, id=15608, stack(0x0000006c2e500000,0x0000006c2e600000)]
  0x000001c4c6e49000 JavaThread "jar transforms Thread 43" [_thread_blocked, id=12864, stack(0x0000006c2e600000,0x0000006c2e700000)]
  0x000001c4c6e46000 JavaThread "jar transforms Thread 44" [_thread_blocked, id=16112, stack(0x0000006c2e700000,0x0000006c2e800000)]
  0x000001c4c6e47000 JavaThread "jar transforms Thread 45" [_thread_blocked, id=3348, stack(0x0000006c2e800000,0x0000006c2e900000)]
  0x000001c4c6e47800 JavaThread "jar transforms Thread 46" [_thread_blocked, id=12048, stack(0x0000006c2e900000,0x0000006c2ea00000)]
  0x000001c4c2906000 JavaThread "jar transforms Thread 47" [_thread_blocked, id=16100, stack(0x0000006c2ea00000,0x0000006c2eb00000)]
  0x000001c4c2901800 JavaThread "jar transforms Thread 48" [_thread_blocked, id=1660, stack(0x0000006c2eb00000,0x0000006c2ec00000)]
  0x000001c4c2907000 JavaThread "jar transforms Thread 49" [_thread_blocked, id=10852, stack(0x0000006c2ec00000,0x0000006c2ed00000)]
  0x000001c4c2908000 JavaThread "jar transforms Thread 50" [_thread_blocked, id=15816, stack(0x0000006c2ed00000,0x0000006c2ee00000)]
  0x000001c4c2902000 JavaThread "jar transforms Thread 51" [_thread_blocked, id=11288, stack(0x0000006c2ee00000,0x0000006c2ef00000)]
  0x000001c4c2903000 JavaThread "jar transforms Thread 52" [_thread_blocked, id=6136, stack(0x0000006c2ef00000,0x0000006c2f000000)]
  0x000001c4c2904800 JavaThread "jar transforms Thread 53" [_thread_blocked, id=15604, stack(0x0000006c2f000000,0x0000006c2f100000)]
  0x000001c4c2903800 JavaThread "jar transforms Thread 54" [_thread_blocked, id=16300, stack(0x0000006c2f100000,0x0000006c2f200000)]
  0x000001c4c2905800 JavaThread "jar transforms Thread 55" [_thread_blocked, id=8576, stack(0x0000006c2f200000,0x0000006c2f300000)]
  0x000001c4c6535800 JavaThread "jar transforms Thread 56" [_thread_blocked, id=3908, stack(0x0000006c2f300000,0x0000006c2f400000)]
  0x000001c4c6536800 JavaThread "jar transforms Thread 57" [_thread_blocked, id=4584, stack(0x0000006c2f400000,0x0000006c2f500000)]
  0x000001c4c6534000 JavaThread "jar transforms Thread 58" [_thread_blocked, id=12408, stack(0x0000006c2f500000,0x0000006c2f600000)]
  0x000001c4c6538000 JavaThread "jar transforms Thread 59" [_thread_blocked, id=3776, stack(0x0000006c2f600000,0x0000006c2f700000)]
  0x000001c4c6535000 JavaThread "jar transforms Thread 60" [_thread_blocked, id=4060, stack(0x0000006c2f700000,0x0000006c2f800000)]
  0x000001c4c6537800 JavaThread "jar transforms Thread 61" [_thread_blocked, id=16180, stack(0x0000006c2f800000,0x0000006c2f900000)]
  0x000001c4c6539000 JavaThread "jar transforms Thread 62" [_thread_blocked, id=14168, stack(0x0000006c2f900000,0x0000006c2fa00000)]
  0x000001c4c6533800 JavaThread "jar transforms Thread 63" [_thread_blocked, id=10820, stack(0x0000006c2fa00000,0x0000006c2fb00000)]
  0x000001c4c653a000 JavaThread "jar transforms Thread 64" [_thread_blocked, id=15484, stack(0x0000006c2fb00000,0x0000006c2fc00000)]
  0x000001c4c3576800 JavaThread "jar transforms Thread 65" [_thread_blocked, id=6876, stack(0x0000006c2fc00000,0x0000006c2fd00000)]
  0x000001c4c3577800 JavaThread "jar transforms Thread 66" [_thread_blocked, id=13780, stack(0x0000006c2fd00000,0x0000006c2fe00000)]
  0x000001c4c3572800 JavaThread "jar transforms Thread 67" [_thread_blocked, id=5692, stack(0x0000006c2fe00000,0x0000006c2ff00000)]
  0x000001c4c3572000 JavaThread "jar transforms Thread 68" [_thread_blocked, id=12196, stack(0x0000006c2ff00000,0x0000006c30000000)]
  0x000001c4c3574000 JavaThread "jar transforms Thread 69" [_thread_blocked, id=6780, stack(0x0000006c30000000,0x0000006c30100000)]
  0x000001c4c3578800 JavaThread "jar transforms Thread 70" [_thread_blocked, id=4696, stack(0x0000006c30100000,0x0000006c30200000)]
  0x000001c4c3579000 JavaThread "jar transforms Thread 71" [_thread_blocked, id=11000, stack(0x0000006c30200000,0x0000006c30300000)]
  0x000001c4c3573800 JavaThread "jar transforms Thread 72" [_thread_blocked, id=4164, stack(0x0000006c30300000,0x0000006c30400000)]
  0x000001c4c357a000 JavaThread "jar transforms Thread 73" [_thread_blocked, id=15020, stack(0x0000006c30400000,0x0000006c30500000)]
  0x000001c4c357b000 JavaThread "jar transforms Thread 74" [_thread_blocked, id=9808, stack(0x0000006c30500000,0x0000006c30600000)]
  0x000001c4c3575000 JavaThread "jar transforms Thread 75" [_thread_blocked, id=4244, stack(0x0000006c30600000,0x0000006c30700000)]
  0x000001c4c357b800 JavaThread "jar transforms Thread 76" [_thread_blocked, id=3572, stack(0x0000006c30700000,0x0000006c30800000)]
  0x000001c4c3576000 JavaThread "jar transforms Thread 77" [_thread_blocked, id=4184, stack(0x0000006c30800000,0x0000006c30900000)]
  0x000001c4c357e000 JavaThread "jar transforms Thread 78" [_thread_blocked, id=15864, stack(0x0000006c30900000,0x0000006c30a00000)]
  0x000001c4c357c800 JavaThread "jar transforms Thread 79" [_thread_blocked, id=1084, stack(0x0000006c30a00000,0x0000006c30b00000)]
  0x000001c4c357d000 JavaThread "jar transforms Thread 80" [_thread_blocked, id=5768, stack(0x0000006c30b00000,0x0000006c30c00000)]
  0x000001c4c357f000 JavaThread "jar transforms Thread 81" [_thread_blocked, id=7524, stack(0x0000006c30c00000,0x0000006c30d00000)]
  0x000001c4c357f800 JavaThread "jar transforms Thread 82" [_thread_blocked, id=4924, stack(0x0000006c30d00000,0x0000006c30e00000)]
  0x000001c4c3580800 JavaThread "jar transforms Thread 83" [_thread_blocked, id=5948, stack(0x0000006c30e00000,0x0000006c30f00000)]
  0x000001c4c6f57800 JavaThread "jar transforms Thread 84" [_thread_blocked, id=4300, stack(0x0000006c30f00000,0x0000006c31000000)]
  0x000001c4c6f58000 JavaThread "jar transforms Thread 85" [_thread_blocked, id=6620, stack(0x0000006c31000000,0x0000006c31100000)]
  0x000001c4c6f5a800 JavaThread "jar transforms Thread 86" [_thread_blocked, id=5644, stack(0x0000006c31100000,0x0000006c31200000)]
  0x000001c4c6f59000 JavaThread "jar transforms Thread 87" [_thread_blocked, id=12320, stack(0x0000006c31200000,0x0000006c31300000)]
  0x000001c4c6f55800 JavaThread "jar transforms Thread 88" [_thread_blocked, id=15016, stack(0x0000006c31300000,0x0000006c31400000)]
  0x000001c4c6f5c000 JavaThread "jar transforms Thread 89" [_thread_blocked, id=14708, stack(0x0000006c31400000,0x0000006c31500000)]
  0x000001c4c6f5b800 JavaThread "jar transforms Thread 90" [_thread_blocked, id=15940, stack(0x0000006c31500000,0x0000006c31600000)]
  0x000001c4c6f5a000 JavaThread "jar transforms Thread 91" [_thread_blocked, id=15588, stack(0x0000006c31600000,0x0000006c31700000)]
  0x000001c4c6f56800 JavaThread "jar transforms Thread 92" [_thread_blocked, id=12244, stack(0x0000006c31700000,0x0000006c31800000)]
  0x000001c4c4254800 JavaThread "jar transforms Thread 93" [_thread_blocked, id=4840, stack(0x0000006c31800000,0x0000006c31900000)]
  0x000001c4c4251000 JavaThread "jar transforms Thread 94" [_thread_blocked, id=6884, stack(0x0000006c31900000,0x0000006c31a00000)]
  0x000001c4c4255000 JavaThread "jar transforms Thread 95" [_thread_blocked, id=15948, stack(0x0000006c31a00000,0x0000006c31b00000)]
  0x000001c4c4257000 JavaThread "jar transforms Thread 96" [_thread_blocked, id=13344, stack(0x0000006c31b00000,0x0000006c31c00000)]
  0x000001c4c4253800 JavaThread "jar transforms Thread 97" [_thread_blocked, id=4424, stack(0x0000006c31c00000,0x0000006c31d00000)]
  0x000001c4c4256000 JavaThread "Memory manager" [_thread_blocked, id=11680, stack(0x0000006c31d00000,0x0000006c31e00000)]

Other Threads:
  0x000001c4bfd5e800 VMThread "VM Thread" [stack: 0x0000006c28900000,0x0000006c28a00000] [id=4560]
  0x000001c4c078b800 WatcherThread [stack: 0x0000006c29300000,0x0000006c29400000] [id=15068]
  0x000001c4a5a32800 GCTaskThread "GC Thread#0" [stack: 0x0000006c28400000,0x0000006c28500000] [id=9032]
  0x000001c4c0a62000 GCTaskThread "GC Thread#1" [stack: 0x0000006c29500000,0x0000006c29600000] [id=1608]
  0x000001c4c0a63000 GCTaskThread "GC Thread#2" [stack: 0x0000006c29600000,0x0000006c29700000] [id=3568]
  0x000001c4c10d1000 GCTaskThread "GC Thread#3" [stack: 0x0000006c29700000,0x0000006c29800000] [id=11596]
  0x000001c4c10d1800 GCTaskThread "GC Thread#4" [stack: 0x0000006c29800000,0x0000006c29900000] [id=16104]
  0x000001c4c1020800 GCTaskThread "GC Thread#5" [stack: 0x0000006c29900000,0x0000006c29a00000] [id=15756]
  0x000001c4c2ceb800 GCTaskThread "GC Thread#6" [stack: 0x0000006c2a700000,0x0000006c2a800000] [id=472]
  0x000001c4c3063800 GCTaskThread "GC Thread#7" [stack: 0x0000006c2a800000,0x0000006c2a900000] [id=11244]
  0x000001c4a5a64800 ConcurrentGCThread "G1 Main Marker" [stack: 0x0000006c28500000,0x0000006c28600000] [id=15644]
  0x000001c4a5a66800 ConcurrentGCThread "G1 Conc#0" [stack: 0x0000006c28600000,0x0000006c28700000] [id=6584]
  0x000001c4c174d800 ConcurrentGCThread "G1 Conc#1" [stack: 0x0000006c2a900000,0x0000006c2aa00000] [id=11292]
  0x000001c4a5afe800 ConcurrentGCThread "G1 Refine#0" [stack: 0x0000006c28700000,0x0000006c28800000] [id=8856]
  0x000001c4c772c000 ConcurrentGCThread "G1 Refine#1" [stack: 0x0000006c31e00000,0x0000006c31f00000] [id=1832]
  0x000001c4bfbda800 ConcurrentGCThread "G1 Young RemSet Sampling" [stack: 0x0000006c28800000,0x0000006c28900000] [id=15412]

Threads with active compile tasks:
C2 CompilerThread0  13199 6073       4       sun.reflect.generics.parser.SignatureParser::parseClassTypeSignature (118 bytes)
C2 CompilerThread1  13199 5961 %     4       org.gradle.internal.instantiation.generator.AbstractClassGenerator::inspectType @ 107 (560 bytes)

VM state:not at safepoint (normal execution)

VM Mutex/Monitor currently owned by a thread: None

Heap address: 0x0000000080000000, size: 2048 MB, Compressed Oops mode: 32-bit
Narrow klass base: 0x0000000000000000, Narrow klass shift: 3
Compressed class space size: 1073741824 Address: 0x0000000100000000

Heap:
 garbage-first heap   total 260096K, used 63301K [0x0000000080000000, 0x0000000100000000)
  region size 1024K, 25 young (25600K), 9 survivors (9216K)
 Metaspace       used 69169K, capacity 70729K, committed 70860K, reserved 1110016K
  class space    used 9068K, capacity 9615K, committed 9728K, reserved 1048576K
Heap Regions: E=young(eden), S=young(survivor), O=old, HS=humongous(starts), HC=humongous(continues), CS=collection set, F=free, A=archive, TAMS=top-at-mark-start (previous, next)
|   0|0x0000000080000000, 0x0000000080100000, 0x0000000080100000|100%| O|  |TAMS 0x0000000080100000, 0x0000000080000000| Untracked 
|   1|0x0000000080100000, 0x0000000080200000, 0x0000000080200000|100%| O|  |TAMS 0x0000000080200000, 0x0000000080100000| Untracked 
|   2|0x0000000080200000, 0x0000000080300000, 0x0000000080300000|100%| O|  |TAMS 0x0000000080300000, 0x0000000080200000| Untracked 
|   3|0x0000000080300000, 0x0000000080400000, 0x0000000080400000|100%|HS|  |TAMS 0x0000000080400000, 0x0000000080300000| Complete 
|   4|0x0000000080400000, 0x0000000080500000, 0x0000000080500000|100%|HC|  |TAMS 0x0000000080500000, 0x0000000080400000| Complete 
|   5|0x0000000080500000, 0x0000000080600000, 0x0000000080600000|100%|HC|  |TAMS 0x0000000080600000, 0x0000000080500000| Complete 
|   6|0x0000000080600000, 0x0000000080700000, 0x0000000080700000|100%| O|  |TAMS 0x0000000080700000, 0x0000000080600000| Untracked 
|   7|0x0000000080700000, 0x0000000080800000, 0x0000000080800000|100%| O|  |TAMS 0x0000000080800000, 0x0000000080700000| Untracked 
|   8|0x0000000080800000, 0x0000000080900000, 0x0000000080900000|100%| O|  |TAMS 0x0000000080900000, 0x0000000080800000| Untracked 
|   9|0x0000000080900000, 0x0000000080a00000, 0x0000000080a00000|100%| O|  |TAMS 0x0000000080a00000, 0x0000000080900000| Untracked 
|  10|0x0000000080a00000, 0x0000000080b00000, 0x0000000080b00000|100%| O|  |TAMS 0x0000000080b00000, 0x0000000080a00000| Untracked 
|  11|0x0000000080b00000, 0x0000000080c00000, 0x0000000080c00000|100%| O|  |TAMS 0x0000000080c00000, 0x0000000080b00000| Untracked 
|  12|0x0000000080c00000, 0x0000000080d00000, 0x0000000080d00000|100%| O|  |TAMS 0x0000000080d00000, 0x0000000080c00000| Untracked 
|  13|0x0000000080d00000, 0x0000000080e00000, 0x0000000080e00000|100%| O|  |TAMS 0x0000000080e00000, 0x0000000080d00000| Untracked 
|  14|0x0000000080e00000, 0x0000000080f00000, 0x0000000080f00000|100%| O|  |TAMS 0x0000000080f00000, 0x0000000080e00000| Untracked 
|  15|0x0000000080f00000, 0x0000000081000000, 0x0000000081000000|100%| O|  |TAMS 0x0000000081000000, 0x0000000080f00000| Untracked 
|  16|0x0000000081000000, 0x0000000081100000, 0x0000000081100000|100%|HS|  |TAMS 0x0000000081100000, 0x0000000081000000| Complete 
|  17|0x0000000081100000, 0x0000000081200000, 0x0000000081200000|100%|HS|  |TAMS 0x0000000081200000, 0x0000000081100000| Complete 
|  18|0x0000000081200000, 0x0000000081300000, 0x0000000081300000|100%|HC|  |TAMS 0x0000000081300000, 0x0000000081200000| Complete 
|  19|0x0000000081300000, 0x0000000081400000, 0x0000000081400000|100%| O|  |TAMS 0x0000000081400000, 0x0000000081300000| Untracked 
|  20|0x0000000081400000, 0x0000000081500000, 0x0000000081500000|100%| O|  |TAMS 0x0000000081500000, 0x0000000081400000| Untracked 
|  21|0x0000000081500000, 0x0000000081500000, 0x0000000081600000|  0%| F|  |TAMS 0x0000000081500000, 0x0000000081500000| Untracked 
|  22|0x0000000081600000, 0x0000000081700000, 0x0000000081700000|100%| O|  |TAMS 0x0000000081700000, 0x0000000081600000| Untracked 
|  23|0x0000000081700000, 0x0000000081800000, 0x0000000081800000|100%| O|  |TAMS 0x0000000081800000, 0x0000000081700000| Untracked 
|  24|0x0000000081800000, 0x0000000081900000, 0x0000000081900000|100%| O|  |TAMS 0x0000000081900000, 0x0000000081800000| Untracked 
|  25|0x0000000081900000, 0x0000000081a00000, 0x0000000081a00000|100%| O|  |TAMS 0x0000000081a00000, 0x0000000081900000| Untracked 
|  26|0x0000000081a00000, 0x0000000081b00000, 0x0000000081b00000|100%| O|  |TAMS 0x0000000081b00000, 0x0000000081a00000| Untracked 
|  27|0x0000000081b00000, 0x0000000081c00000, 0x0000000081c00000|100%| O|  |TAMS 0x0000000081c00000, 0x0000000081b00000| Untracked 
|  28|0x0000000081c00000, 0x0000000081d00000, 0x0000000081d00000|100%| O|  |TAMS 0x0000000081d00000, 0x0000000081c00000| Untracked 
|  29|0x0000000081d00000, 0x0000000081e00000, 0x0000000081e00000|100%| O|  |TAMS 0x0000000081e00000, 0x0000000081d00000| Untracked 
|  30|0x0000000081e00000, 0x0000000081f00000, 0x0000000081f00000|100%| O|  |TAMS 0x0000000081f00000, 0x0000000081e00000| Untracked 
|  31|0x0000000081f00000, 0x0000000082000000, 0x0000000082000000|100%| O|  |TAMS 0x0000000082000000, 0x0000000081f00000| Untracked 
|  32|0x0000000082000000, 0x0000000082100000, 0x0000000082100000|100%| O|  |TAMS 0x0000000082100000, 0x0000000082000000| Untracked 
|  33|0x0000000082100000, 0x0000000082200000, 0x0000000082200000|100%| O|  |TAMS 0x0000000082200000, 0x0000000082100000| Untracked 
|  34|0x0000000082200000, 0x0000000082300000, 0x0000000082300000|100%| O|  |TAMS 0x0000000082300000, 0x0000000082200000| Untracked 
|  35|0x0000000082300000, 0x0000000082400000, 0x0000000082400000|100%| O|  |TAMS 0x0000000082400000, 0x0000000082300000| Untracked 
|  36|0x0000000082400000, 0x0000000082500000, 0x0000000082500000|100%| O|  |TAMS 0x0000000082500000, 0x0000000082400000| Untracked 
|  37|0x0000000082500000, 0x0000000082600000, 0x0000000082600000|100%| O|  |TAMS 0x0000000082600000, 0x0000000082500000| Untracked 
|  38|0x0000000082600000, 0x0000000082700000, 0x0000000082700000|100%| O|  |TAMS 0x0000000082700000, 0x0000000082600000| Untracked 
|  39|0x0000000082700000, 0x0000000082792200, 0x0000000082800000| 57%| O|  |TAMS 0x0000000082792200, 0x0000000082700000| Untracked 
|  40|0x0000000082800000, 0x0000000082800000, 0x0000000082900000|  0%| F|  |TAMS 0x0000000082800000, 0x0000000082800000| Untracked 
|  41|0x0000000082900000, 0x0000000082900000, 0x0000000082a00000|  0%| F|  |TAMS 0x0000000082900000, 0x0000000082900000| Untracked 
|  42|0x0000000082a00000, 0x0000000082a00000, 0x0000000082b00000|  0%| F|  |TAMS 0x0000000082a00000, 0x0000000082a00000| Untracked 
|  43|0x0000000082b00000, 0x0000000082b00000, 0x0000000082c00000|  0%| F|  |TAMS 0x0000000082b00000, 0x0000000082b00000| Untracked 
|  44|0x0000000082c00000, 0x0000000082c00000, 0x0000000082d00000|  0%| F|  |TAMS 0x0000000082c00000, 0x0000000082c00000| Untracked 
|  45|0x0000000082d00000, 0x0000000082d00000, 0x0000000082e00000|  0%| F|  |TAMS 0x0000000082d00000, 0x0000000082d00000| Untracked 
|  46|0x0000000082e00000, 0x0000000082e00000, 0x0000000082f00000|  0%| F|  |TAMS 0x0000000082e00000, 0x0000000082e00000| Untracked 
|  47|0x0000000082f00000, 0x0000000082f00000, 0x0000000083000000|  0%| F|  |TAMS 0x0000000082f00000, 0x0000000082f00000| Untracked 
|  48|0x0000000083000000, 0x0000000083000000, 0x0000000083100000|  0%| F|  |TAMS 0x0000000083000000, 0x0000000083000000| Untracked 
|  49|0x0000000083100000, 0x0000000083100000, 0x0000000083200000|  0%| F|  |TAMS 0x0000000083100000, 0x0000000083100000| Untracked 
|  50|0x0000000083200000, 0x0000000083200000, 0x0000000083300000|  0%| F|  |TAMS 0x0000000083200000, 0x0000000083200000| Untracked 
|  51|0x0000000083300000, 0x0000000083300000, 0x0000000083400000|  0%| F|  |TAMS 0x0000000083300000, 0x0000000083300000| Untracked 
|  52|0x0000000083400000, 0x0000000083400000, 0x0000000083500000|  0%| F|  |TAMS 0x0000000083400000, 0x0000000083400000| Untracked 
|  53|0x0000000083500000, 0x0000000083500000, 0x0000000083600000|  0%| F|  |TAMS 0x0000000083500000, 0x0000000083500000| Untracked 
|  54|0x0000000083600000, 0x0000000083600000, 0x0000000083700000|  0%| F|  |TAMS 0x0000000083600000, 0x0000000083600000| Untracked 
|  55|0x0000000083700000, 0x0000000083700000, 0x0000000083800000|  0%| F|  |TAMS 0x0000000083700000, 0x0000000083700000| Untracked 
|  56|0x0000000083800000, 0x0000000083800000, 0x0000000083900000|  0%| F|  |TAMS 0x0000000083800000, 0x0000000083800000| Untracked 
|  57|0x0000000083900000, 0x0000000083900000, 0x0000000083a00000|  0%| F|  |TAMS 0x0000000083900000, 0x0000000083900000| Untracked 
|  58|0x0000000083a00000, 0x0000000083a00000, 0x0000000083b00000|  0%| F|  |TAMS 0x0000000083a00000, 0x0000000083a00000| Untracked 
|  59|0x0000000083b00000, 0x0000000083b00000, 0x0000000083c00000|  0%| F|  |TAMS 0x0000000083b00000, 0x0000000083b00000| Untracked 
|  60|0x0000000083c00000, 0x0000000083c00000, 0x0000000083d00000|  0%| F|  |TAMS 0x0000000083c00000, 0x0000000083c00000| Untracked 
|  61|0x0000000083d00000, 0x0000000083d00000, 0x0000000083e00000|  0%| F|  |TAMS 0x0000000083d00000, 0x0000000083d00000| Untracked 
|  62|0x0000000083e00000, 0x0000000083e00000, 0x0000000083f00000|  0%| F|  |TAMS 0x0000000083e00000, 0x0000000083e00000| Untracked 
|  63|0x0000000083f00000, 0x0000000083f00000, 0x0000000084000000|  0%| F|  |TAMS 0x0000000083f00000, 0x0000000083f00000| Untracked 
|  64|0x0000000084000000, 0x0000000084000000, 0x0000000084100000|  0%| F|  |TAMS 0x0000000084000000, 0x0000000084000000| Untracked 
|  65|0x0000000084100000, 0x0000000084100000, 0x0000000084200000|  0%| F|  |TAMS 0x0000000084100000, 0x0000000084100000| Untracked 
|  66|0x0000000084200000, 0x0000000084200000, 0x0000000084300000|  0%| F|  |TAMS 0x0000000084200000, 0x0000000084200000| Untracked 
|  67|0x0000000084300000, 0x0000000084300000, 0x0000000084400000|  0%| F|  |TAMS 0x0000000084300000, 0x0000000084300000| Untracked 
|  68|0x0000000084400000, 0x0000000084400000, 0x0000000084500000|  0%| F|  |TAMS 0x0000000084400000, 0x0000000084400000| Untracked 
|  69|0x0000000084500000, 0x0000000084500000, 0x0000000084600000|  0%| F|  |TAMS 0x0000000084500000, 0x0000000084500000| Untracked 
|  70|0x0000000084600000, 0x0000000084600000, 0x0000000084700000|  0%| F|  |TAMS 0x0000000084600000, 0x0000000084600000| Untracked 
|  71|0x0000000084700000, 0x0000000084700000, 0x0000000084800000|  0%| F|  |TAMS 0x0000000084700000, 0x0000000084700000| Untracked 
|  72|0x0000000084800000, 0x0000000084800000, 0x0000000084900000|  0%| F|  |TAMS 0x0000000084800000, 0x0000000084800000| Untracked 
|  73|0x0000000084900000, 0x0000000084900000, 0x0000000084a00000|  0%| F|  |TAMS 0x0000000084900000, 0x0000000084900000| Untracked 
|  74|0x0000000084a00000, 0x0000000084a00000, 0x0000000084b00000|  0%| F|  |TAMS 0x0000000084a00000, 0x0000000084a00000| Untracked 
|  75|0x0000000084b00000, 0x0000000084b00000, 0x0000000084c00000|  0%| F|  |TAMS 0x0000000084b00000, 0x0000000084b00000| Untracked 
|  76|0x0000000084c00000, 0x0000000084c00000, 0x0000000084d00000|  0%| F|  |TAMS 0x0000000084c00000, 0x0000000084c00000| Untracked 
|  77|0x0000000084d00000, 0x0000000084d00000, 0x0000000084e00000|  0%| F|  |TAMS 0x0000000084d00000, 0x0000000084d00000| Untracked 
|  78|0x0000000084e00000, 0x0000000084e00000, 0x0000000084f00000|  0%| F|  |TAMS 0x0000000084e00000, 0x0000000084e00000| Untracked 
|  79|0x0000000084f00000, 0x0000000084f00000, 0x0000000085000000|  0%| F|  |TAMS 0x0000000084f00000, 0x0000000084f00000| Untracked 
|  80|0x0000000085000000, 0x0000000085000000, 0x0000000085100000|  0%| F|  |TAMS 0x0000000085000000, 0x0000000085000000| Untracked 
|  81|0x0000000085100000, 0x0000000085100000, 0x0000000085200000|  0%| F|  |TAMS 0x0000000085100000, 0x0000000085100000| Untracked 
|  82|0x0000000085200000, 0x0000000085200000, 0x0000000085300000|  0%| F|  |TAMS 0x0000000085200000, 0x0000000085200000| Untracked 
|  83|0x0000000085300000, 0x0000000085300000, 0x0000000085400000|  0%| F|  |TAMS 0x0000000085300000, 0x0000000085300000| Untracked 
|  84|0x0000000085400000, 0x0000000085400000, 0x0000000085500000|  0%| F|  |TAMS 0x0000000085400000, 0x0000000085400000| Untracked 
|  85|0x0000000085500000, 0x0000000085500000, 0x0000000085600000|  0%| F|  |TAMS 0x0000000085500000, 0x0000000085500000| Untracked 
|  86|0x0000000085600000, 0x0000000085600000, 0x0000000085700000|  0%| F|  |TAMS 0x0000000085600000, 0x0000000085600000| Untracked 
|  87|0x0000000085700000, 0x0000000085700000, 0x0000000085800000|  0%| F|  |TAMS 0x0000000085700000, 0x0000000085700000| Untracked 
|  88|0x0000000085800000, 0x0000000085800000, 0x0000000085900000|  0%| F|  |TAMS 0x0000000085800000, 0x0000000085800000| Untracked 
|  89|0x0000000085900000, 0x0000000085900000, 0x0000000085a00000|  0%| F|  |TAMS 0x0000000085900000, 0x0000000085900000| Untracked 
|  90|0x0000000085a00000, 0x0000000085a00000, 0x0000000085b00000|  0%| F|  |TAMS 0x0000000085a00000, 0x0000000085a00000| Untracked 
|  91|0x0000000085b00000, 0x0000000085b00000, 0x0000000085c00000|  0%| F|  |TAMS 0x0000000085b00000, 0x0000000085b00000| Untracked 
|  92|0x0000000085c00000, 0x0000000085c00000, 0x0000000085d00000|  0%| F|  |TAMS 0x0000000085c00000, 0x0000000085c00000| Untracked 
|  93|0x0000000085d00000, 0x0000000085d00000, 0x0000000085e00000|  0%| F|  |TAMS 0x0000000085d00000, 0x0000000085d00000| Untracked 
|  94|0x0000000085e00000, 0x0000000085e00000, 0x0000000085f00000|  0%| F|  |TAMS 0x0000000085e00000, 0x0000000085e00000| Untracked 
|  95|0x0000000085f00000, 0x0000000085f00000, 0x0000000086000000|  0%| F|  |TAMS 0x0000000085f00000, 0x0000000085f00000| Untracked 
|  96|0x0000000086000000, 0x0000000086000000, 0x0000000086100000|  0%| F|  |TAMS 0x0000000086000000, 0x0000000086000000| Untracked 
|  97|0x0000000086100000, 0x0000000086100000, 0x0000000086200000|  0%| F|  |TAMS 0x0000000086100000, 0x0000000086100000| Untracked 
|  98|0x0000000086200000, 0x0000000086200000, 0x0000000086300000|  0%| F|  |TAMS 0x0000000086200000, 0x0000000086200000| Untracked 
|  99|0x0000000086300000, 0x0000000086300000, 0x0000000086400000|  0%| F|  |TAMS 0x0000000086300000, 0x0000000086300000| Untracked 
| 100|0x0000000086400000, 0x0000000086400000, 0x0000000086500000|  0%| F|  |TAMS 0x0000000086400000, 0x0000000086400000| Untracked 
| 101|0x0000000086500000, 0x0000000086500000, 0x0000000086600000|  0%| F|  |TAMS 0x0000000086500000, 0x0000000086500000| Untracked 
| 102|0x0000000086600000, 0x0000000086600000, 0x0000000086700000|  0%| F|  |TAMS 0x0000000086600000, 0x0000000086600000| Untracked 
| 103|0x0000000086700000, 0x0000000086700000, 0x0000000086800000|  0%| F|  |TAMS 0x0000000086700000, 0x0000000086700000| Untracked 
| 104|0x0000000086800000, 0x0000000086800000, 0x0000000086900000|  0%| F|  |TAMS 0x0000000086800000, 0x0000000086800000| Untracked 
| 105|0x0000000086900000, 0x0000000086900000, 0x0000000086a00000|  0%| F|  |TAMS 0x0000000086900000, 0x0000000086900000| Untracked 
| 106|0x0000000086a00000, 0x0000000086a00000, 0x0000000086b00000|  0%| F|  |TAMS 0x0000000086a00000, 0x0000000086a00000| Untracked 
| 107|0x0000000086b00000, 0x0000000086b00000, 0x0000000086c00000|  0%| F|  |TAMS 0x0000000086b00000, 0x0000000086b00000| Untracked 
| 108|0x0000000086c00000, 0x0000000086c00000, 0x0000000086d00000|  0%| F|  |TAMS 0x0000000086c00000, 0x0000000086c00000| Untracked 
| 109|0x0000000086d00000, 0x0000000086d00000, 0x0000000086e00000|  0%| F|  |TAMS 0x0000000086d00000, 0x0000000086d00000| Untracked 
| 110|0x0000000086e00000, 0x0000000086e00000, 0x0000000086f00000|  0%| F|  |TAMS 0x0000000086e00000, 0x0000000086e00000| Untracked 
| 111|0x0000000086f00000, 0x0000000086f00000, 0x0000000087000000|  0%| F|  |TAMS 0x0000000086f00000, 0x0000000086f00000| Untracked 
| 112|0x0000000087000000, 0x0000000087000000, 0x0000000087100000|  0%| F|  |TAMS 0x0000000087000000, 0x0000000087000000| Untracked 
| 113|0x0000000087100000, 0x0000000087100000, 0x0000000087200000|  0%| F|  |TAMS 0x0000000087100000, 0x0000000087100000| Untracked 
| 114|0x0000000087200000, 0x0000000087200000, 0x0000000087300000|  0%| F|  |TAMS 0x0000000087200000, 0x0000000087200000| Untracked 
| 115|0x0000000087300000, 0x0000000087300000, 0x0000000087400000|  0%| F|  |TAMS 0x0000000087300000, 0x0000000087300000| Untracked 
| 116|0x0000000087400000, 0x0000000087400000, 0x0000000087500000|  0%| F|  |TAMS 0x0000000087400000, 0x0000000087400000| Untracked 
| 117|0x0000000087500000, 0x0000000087500000, 0x0000000087600000|  0%| F|  |TAMS 0x0000000087500000, 0x0000000087500000| Untracked 
| 118|0x0000000087600000, 0x0000000087600000, 0x0000000087700000|  0%| F|  |TAMS 0x0000000087600000, 0x0000000087600000| Untracked 
| 119|0x0000000087700000, 0x0000000087700000, 0x0000000087800000|  0%| F|  |TAMS 0x0000000087700000, 0x0000000087700000| Untracked 
| 120|0x0000000087800000, 0x0000000087800000, 0x0000000087900000|  0%| F|  |TAMS 0x0000000087800000, 0x0000000087800000| Untracked 
| 121|0x0000000087900000, 0x0000000087900000, 0x0000000087a00000|  0%| F|  |TAMS 0x0000000087900000, 0x0000000087900000| Untracked 
| 122|0x0000000087a00000, 0x0000000087a00000, 0x0000000087b00000|  0%| F|  |TAMS 0x0000000087a00000, 0x0000000087a00000| Untracked 
| 123|0x0000000087b00000, 0x0000000087b00000, 0x0000000087c00000|  0%| F|  |TAMS 0x0000000087b00000, 0x0000000087b00000| Untracked 
| 124|0x0000000087c00000, 0x0000000087c00000, 0x0000000087d00000|  0%| F|  |TAMS 0x0000000087c00000, 0x0000000087c00000| Untracked 
| 125|0x0000000087d00000, 0x0000000087d00000, 0x0000000087e00000|  0%| F|  |TAMS 0x0000000087d00000, 0x0000000087d00000| Untracked 
| 126|0x0000000087e00000, 0x0000000087e00000, 0x0000000087f00000|  0%| F|  |TAMS 0x0000000087e00000, 0x0000000087e00000| Untracked 
| 127|0x0000000087f00000, 0x0000000087f00000, 0x0000000088000000|  0%| F|  |TAMS 0x0000000087f00000, 0x0000000087f00000| Untracked 
| 128|0x0000000088000000, 0x0000000088000000, 0x0000000088100000|  0%| F|  |TAMS 0x0000000088000000, 0x0000000088000000| Untracked 
| 129|0x0000000088100000, 0x0000000088100000, 0x0000000088200000|  0%| F|  |TAMS 0x0000000088100000, 0x0000000088100000| Untracked 
| 130|0x0000000088200000, 0x0000000088200000, 0x0000000088300000|  0%| F|  |TAMS 0x0000000088200000, 0x0000000088200000| Untracked 
| 131|0x0000000088300000, 0x0000000088300000, 0x0000000088400000|  0%| F|  |TAMS 0x0000000088300000, 0x0000000088300000| Untracked 
| 132|0x0000000088400000, 0x0000000088400000, 0x0000000088500000|  0%| F|  |TAMS 0x0000000088400000, 0x0000000088400000| Untracked 
| 133|0x0000000088500000, 0x0000000088500000, 0x0000000088600000|  0%| F|  |TAMS 0x0000000088500000, 0x0000000088500000| Untracked 
| 134|0x0000000088600000, 0x0000000088600000, 0x0000000088700000|  0%| F|  |TAMS 0x0000000088600000, 0x0000000088600000| Untracked 
| 135|0x0000000088700000, 0x0000000088700000, 0x0000000088800000|  0%| F|  |TAMS 0x0000000088700000, 0x0000000088700000| Untracked 
| 136|0x0000000088800000, 0x0000000088800000, 0x0000000088900000|  0%| F|  |TAMS 0x0000000088800000, 0x0000000088800000| Untracked 
| 137|0x0000000088900000, 0x0000000088900000, 0x0000000088a00000|  0%| F|  |TAMS 0x0000000088900000, 0x0000000088900000| Untracked 
| 138|0x0000000088a00000, 0x0000000088a00000, 0x0000000088b00000|  0%| F|  |TAMS 0x0000000088a00000, 0x0000000088a00000| Untracked 
| 139|0x0000000088b00000, 0x0000000088b00000, 0x0000000088c00000|  0%| F|  |TAMS 0x0000000088b00000, 0x0000000088b00000| Untracked 
| 140|0x0000000088c00000, 0x0000000088c00000, 0x0000000088d00000|  0%| F|  |TAMS 0x0000000088c00000, 0x0000000088c00000| Untracked 
| 141|0x0000000088d00000, 0x0000000088d00000, 0x0000000088e00000|  0%| F|  |TAMS 0x0000000088d00000, 0x0000000088d00000| Untracked 
| 142|0x0000000088e00000, 0x0000000088e00000, 0x0000000088f00000|  0%| F|  |TAMS 0x0000000088e00000, 0x0000000088e00000| Untracked 
| 143|0x0000000088f00000, 0x0000000088f00000, 0x0000000089000000|  0%| F|  |TAMS 0x0000000088f00000, 0x0000000088f00000| Untracked 
| 144|0x0000000089000000, 0x0000000089000000, 0x0000000089100000|  0%| F|  |TAMS 0x0000000089000000, 0x0000000089000000| Untracked 
| 145|0x0000000089100000, 0x0000000089100000, 0x0000000089200000|  0%| F|  |TAMS 0x0000000089100000, 0x0000000089100000| Untracked 
| 146|0x0000000089200000, 0x0000000089200000, 0x0000000089300000|  0%| F|  |TAMS 0x0000000089200000, 0x0000000089200000| Untracked 
| 147|0x0000000089300000, 0x0000000089300000, 0x0000000089400000|  0%| F|  |TAMS 0x0000000089300000, 0x0000000089300000| Untracked 
| 148|0x0000000089400000, 0x0000000089400000, 0x0000000089500000|  0%| F|  |TAMS 0x0000000089400000, 0x0000000089400000| Untracked 
| 149|0x0000000089500000, 0x0000000089500000, 0x0000000089600000|  0%| F|  |TAMS 0x0000000089500000, 0x0000000089500000| Untracked 
| 150|0x0000000089600000, 0x000000008963f530, 0x0000000089700000| 24%| S|CS|TAMS 0x0000000089600000, 0x0000000089600000| Complete 
| 151|0x0000000089700000, 0x0000000089800000, 0x0000000089800000|100%| S|CS|TAMS 0x0000000089700000, 0x0000000089700000| Complete 
| 152|0x0000000089800000, 0x0000000089900000, 0x0000000089900000|100%| S|CS|TAMS 0x0000000089800000, 0x0000000089800000| Complete 
| 153|0x0000000089900000, 0x0000000089a00000, 0x0000000089a00000|100%| S|CS|TAMS 0x0000000089900000, 0x0000000089900000| Complete 
| 154|0x0000000089a00000, 0x0000000089b00000, 0x0000000089b00000|100%| S|CS|TAMS 0x0000000089a00000, 0x0000000089a00000| Complete 
| 155|0x0000000089b00000, 0x0000000089c00000, 0x0000000089c00000|100%| S|CS|TAMS 0x0000000089b00000, 0x0000000089b00000| Complete 
| 156|0x0000000089c00000, 0x0000000089d00000, 0x0000000089d00000|100%| S|CS|TAMS 0x0000000089c00000, 0x0000000089c00000| Complete 
| 157|0x0000000089d00000, 0x0000000089e00000, 0x0000000089e00000|100%| S|CS|TAMS 0x0000000089d00000, 0x0000000089d00000| Complete 
| 158|0x0000000089e00000, 0x0000000089f00000, 0x0000000089f00000|100%| S|CS|TAMS 0x0000000089e00000, 0x0000000089e00000| Complete 
| 159|0x0000000089f00000, 0x0000000089f00000, 0x000000008a000000|  0%| F|  |TAMS 0x0000000089f00000, 0x0000000089f00000| Untracked 
| 160|0x000000008a000000, 0x000000008a000000, 0x000000008a100000|  0%| F|  |TAMS 0x000000008a000000, 0x000000008a000000| Untracked 
| 161|0x000000008a100000, 0x000000008a100000, 0x000000008a200000|  0%| F|  |TAMS 0x000000008a100000, 0x000000008a100000| Untracked 
| 162|0x000000008a200000, 0x000000008a200000, 0x000000008a300000|  0%| F|  |TAMS 0x000000008a200000, 0x000000008a200000| Untracked 
| 163|0x000000008a300000, 0x000000008a300000, 0x000000008a400000|  0%| F|  |TAMS 0x000000008a300000, 0x000000008a300000| Untracked 
| 164|0x000000008a400000, 0x000000008a400000, 0x000000008a500000|  0%| F|  |TAMS 0x000000008a400000, 0x000000008a400000| Untracked 
| 165|0x000000008a500000, 0x000000008a500000, 0x000000008a600000|  0%| F|  |TAMS 0x000000008a500000, 0x000000008a500000| Untracked 
| 166|0x000000008a600000, 0x000000008a600000, 0x000000008a700000|  0%| F|  |TAMS 0x000000008a600000, 0x000000008a600000| Untracked 
| 167|0x000000008a700000, 0x000000008a700000, 0x000000008a800000|  0%| F|  |TAMS 0x000000008a700000, 0x000000008a700000| Untracked 
| 168|0x000000008a800000, 0x000000008a800000, 0x000000008a900000|  0%| F|  |TAMS 0x000000008a800000, 0x000000008a800000| Untracked 
| 169|0x000000008a900000, 0x000000008a900000, 0x000000008aa00000|  0%| F|  |TAMS 0x000000008a900000, 0x000000008a900000| Untracked 
| 170|0x000000008aa00000, 0x000000008aa00000, 0x000000008ab00000|  0%| F|  |TAMS 0x000000008aa00000, 0x000000008aa00000| Untracked 
| 171|0x000000008ab00000, 0x000000008ab00000, 0x000000008ac00000|  0%| F|  |TAMS 0x000000008ab00000, 0x000000008ab00000| Untracked 
| 172|0x000000008ac00000, 0x000000008ac00000, 0x000000008ad00000|  0%| F|  |TAMS 0x000000008ac00000, 0x000000008ac00000| Untracked 
| 173|0x000000008ad00000, 0x000000008ad00000, 0x000000008ae00000|  0%| F|  |TAMS 0x000000008ad00000, 0x000000008ad00000| Untracked 
| 174|0x000000008ae00000, 0x000000008ae00000, 0x000000008af00000|  0%| F|  |TAMS 0x000000008ae00000, 0x000000008ae00000| Untracked 
| 175|0x000000008af00000, 0x000000008af00000, 0x000000008b000000|  0%| F|  |TAMS 0x000000008af00000, 0x000000008af00000| Untracked 
| 176|0x000000008b000000, 0x000000008b000000, 0x000000008b100000|  0%| F|  |TAMS 0x000000008b000000, 0x000000008b000000| Untracked 
| 177|0x000000008b100000, 0x000000008b100000, 0x000000008b200000|  0%| F|  |TAMS 0x000000008b100000, 0x000000008b100000| Untracked 
| 178|0x000000008b200000, 0x000000008b200000, 0x000000008b300000|  0%| F|  |TAMS 0x000000008b200000, 0x000000008b200000| Untracked 
| 179|0x000000008b300000, 0x000000008b300000, 0x000000008b400000|  0%| F|  |TAMS 0x000000008b300000, 0x000000008b300000| Untracked 
| 180|0x000000008b400000, 0x000000008b400000, 0x000000008b500000|  0%| F|  |TAMS 0x000000008b400000, 0x000000008b400000| Untracked 
| 181|0x000000008b500000, 0x000000008b500000, 0x000000008b600000|  0%| F|  |TAMS 0x000000008b500000, 0x000000008b500000| Untracked 
| 182|0x000000008b600000, 0x000000008b600000, 0x000000008b700000|  0%| F|  |TAMS 0x000000008b600000, 0x000000008b600000| Untracked 
| 183|0x000000008b700000, 0x000000008b700000, 0x000000008b800000|  0%| F|  |TAMS 0x000000008b700000, 0x000000008b700000| Untracked 
| 184|0x000000008b800000, 0x000000008b800000, 0x000000008b900000|  0%| F|  |TAMS 0x000000008b800000, 0x000000008b800000| Untracked 
| 185|0x000000008b900000, 0x000000008b900000, 0x000000008ba00000|  0%| F|  |TAMS 0x000000008b900000, 0x000000008b900000| Untracked 
| 186|0x000000008ba00000, 0x000000008ba00000, 0x000000008bb00000|  0%| F|  |TAMS 0x000000008ba00000, 0x000000008ba00000| Untracked 
| 187|0x000000008bb00000, 0x000000008bb00000, 0x000000008bc00000|  0%| F|  |TAMS 0x000000008bb00000, 0x000000008bb00000| Untracked 
| 188|0x000000008bc00000, 0x000000008bc00000, 0x000000008bd00000|  0%| F|  |TAMS 0x000000008bc00000, 0x000000008bc00000| Untracked 
| 189|0x000000008bd00000, 0x000000008bd00000, 0x000000008be00000|  0%| F|  |TAMS 0x000000008bd00000, 0x000000008bd00000| Untracked 
| 190|0x000000008be00000, 0x000000008be00000, 0x000000008bf00000|  0%| F|  |TAMS 0x000000008be00000, 0x000000008be00000| Untracked 
| 191|0x000000008bf00000, 0x000000008bf00000, 0x000000008c000000|  0%| F|  |TAMS 0x000000008bf00000, 0x000000008bf00000| Untracked 
| 192|0x000000008c000000, 0x000000008c000000, 0x000000008c100000|  0%| F|  |TAMS 0x000000008c000000, 0x000000008c000000| Untracked 
| 193|0x000000008c100000, 0x000000008c100000, 0x000000008c200000|  0%| F|  |TAMS 0x000000008c100000, 0x000000008c100000| Untracked 
| 194|0x000000008c200000, 0x000000008c200000, 0x000000008c300000|  0%| F|  |TAMS 0x000000008c200000, 0x000000008c200000| Untracked 
| 195|0x000000008c300000, 0x000000008c300000, 0x000000008c400000|  0%| F|  |TAMS 0x000000008c300000, 0x000000008c300000| Untracked 
| 196|0x000000008c400000, 0x000000008c400000, 0x000000008c500000|  0%| F|  |TAMS 0x000000008c400000, 0x000000008c400000| Untracked 
| 197|0x000000008c500000, 0x000000008c500000, 0x000000008c600000|  0%| F|  |TAMS 0x000000008c500000, 0x000000008c500000| Untracked 
| 198|0x000000008c600000, 0x000000008c600000, 0x000000008c700000|  0%| F|  |TAMS 0x000000008c600000, 0x000000008c600000| Untracked 
| 199|0x000000008c700000, 0x000000008c700000, 0x000000008c800000|  0%| F|  |TAMS 0x000000008c700000, 0x000000008c700000| Untracked 
| 200|0x000000008c800000, 0x000000008c800000, 0x000000008c900000|  0%| F|  |TAMS 0x000000008c800000, 0x000000008c800000| Untracked 
| 201|0x000000008c900000, 0x000000008c900000, 0x000000008ca00000|  0%| F|  |TAMS 0x000000008c900000, 0x000000008c900000| Untracked 
| 202|0x000000008ca00000, 0x000000008ca00000, 0x000000008cb00000|  0%| F|  |TAMS 0x000000008ca00000, 0x000000008ca00000| Untracked 
| 203|0x000000008cb00000, 0x000000008cb00000, 0x000000008cc00000|  0%| F|  |TAMS 0x000000008cb00000, 0x000000008cb00000| Untracked 
| 204|0x000000008cc00000, 0x000000008cc00000, 0x000000008cd00000|  0%| F|  |TAMS 0x000000008cc00000, 0x000000008cc00000| Untracked 
| 205|0x000000008cd00000, 0x000000008cd00000, 0x000000008ce00000|  0%| F|  |TAMS 0x000000008cd00000, 0x000000008cd00000| Untracked 
| 206|0x000000008ce00000, 0x000000008ce00000, 0x000000008cf00000|  0%| F|  |TAMS 0x000000008ce00000, 0x000000008ce00000| Untracked 
| 207|0x000000008cf00000, 0x000000008cf00000, 0x000000008d000000|  0%| F|  |TAMS 0x000000008cf00000, 0x000000008cf00000| Untracked 
| 208|0x000000008d000000, 0x000000008d000000, 0x000000008d100000|  0%| F|  |TAMS 0x000000008d000000, 0x000000008d000000| Untracked 
| 209|0x000000008d100000, 0x000000008d100000, 0x000000008d200000|  0%| F|  |TAMS 0x000000008d100000, 0x000000008d100000| Untracked 
| 210|0x000000008d200000, 0x000000008d200000, 0x000000008d300000|  0%| F|  |TAMS 0x000000008d200000, 0x000000008d200000| Untracked 
| 211|0x000000008d300000, 0x000000008d300000, 0x000000008d400000|  0%| F|  |TAMS 0x000000008d300000, 0x000000008d300000| Untracked 
| 212|0x000000008d400000, 0x000000008d400000, 0x000000008d500000|  0%| F|  |TAMS 0x000000008d400000, 0x000000008d400000| Untracked 
| 213|0x000000008d500000, 0x000000008d500000, 0x000000008d600000|  0%| F|  |TAMS 0x000000008d500000, 0x000000008d500000| Untracked 
| 214|0x000000008d600000, 0x000000008d600000, 0x000000008d700000|  0%| F|  |TAMS 0x000000008d600000, 0x000000008d600000| Untracked 
| 215|0x000000008d700000, 0x000000008d700000, 0x000000008d800000|  0%| F|  |TAMS 0x000000008d700000, 0x000000008d700000| Untracked 
| 216|0x000000008d800000, 0x000000008d800000, 0x000000008d900000|  0%| F|  |TAMS 0x000000008d800000, 0x000000008d800000| Untracked 
| 217|0x000000008d900000, 0x000000008d900000, 0x000000008da00000|  0%| F|  |TAMS 0x000000008d900000, 0x000000008d900000| Untracked 
| 218|0x000000008da00000, 0x000000008da00000, 0x000000008db00000|  0%| F|  |TAMS 0x000000008da00000, 0x000000008da00000| Untracked 
| 219|0x000000008db00000, 0x000000008db00000, 0x000000008dc00000|  0%| F|  |TAMS 0x000000008db00000, 0x000000008db00000| Untracked 
| 220|0x000000008dc00000, 0x000000008dc00000, 0x000000008dd00000|  0%| F|  |TAMS 0x000000008dc00000, 0x000000008dc00000| Untracked 
| 221|0x000000008dd00000, 0x000000008dd00000, 0x000000008de00000|  0%| F|  |TAMS 0x000000008dd00000, 0x000000008dd00000| Untracked 
| 222|0x000000008de00000, 0x000000008de00000, 0x000000008df00000|  0%| F|  |TAMS 0x000000008de00000, 0x000000008de00000| Untracked 
| 223|0x000000008df00000, 0x000000008df00000, 0x000000008e000000|  0%| F|  |TAMS 0x000000008df00000, 0x000000008df00000| Untracked 
| 224|0x000000008e000000, 0x000000008e000000, 0x000000008e100000|  0%| F|  |TAMS 0x000000008e000000, 0x000000008e000000| Untracked 
| 225|0x000000008e100000, 0x000000008e100000, 0x000000008e200000|  0%| F|  |TAMS 0x000000008e100000, 0x000000008e100000| Untracked 
| 226|0x000000008e200000, 0x000000008e200000, 0x000000008e300000|  0%| F|  |TAMS 0x000000008e200000, 0x000000008e200000| Untracked 
| 227|0x000000008e300000, 0x000000008e300000, 0x000000008e400000|  0%| F|  |TAMS 0x000000008e300000, 0x000000008e300000| Untracked 
| 228|0x000000008e400000, 0x000000008e400000, 0x000000008e500000|  0%| F|  |TAMS 0x000000008e400000, 0x000000008e400000| Untracked 
| 229|0x000000008e500000, 0x000000008e500000, 0x000000008e600000|  0%| F|  |TAMS 0x000000008e500000, 0x000000008e500000| Untracked 
| 230|0x000000008e600000, 0x000000008e600000, 0x000000008e700000|  0%| F|  |TAMS 0x000000008e600000, 0x000000008e600000| Untracked 
| 231|0x000000008e700000, 0x000000008e700000, 0x000000008e800000|  0%| F|  |TAMS 0x000000008e700000, 0x000000008e700000| Untracked 
| 232|0x000000008e800000, 0x000000008e800000, 0x000000008e900000|  0%| F|  |TAMS 0x000000008e800000, 0x000000008e800000| Untracked 
| 233|0x000000008e900000, 0x000000008e900000, 0x000000008ea00000|  0%| F|  |TAMS 0x000000008e900000, 0x000000008e900000| Untracked 
| 234|0x000000008ea00000, 0x000000008ea00000, 0x000000008eb00000|  0%| F|  |TAMS 0x000000008ea00000, 0x000000008ea00000| Untracked 
| 235|0x000000008eb00000, 0x000000008eb00000, 0x000000008ec00000|  0%| F|  |TAMS 0x000000008eb00000, 0x000000008eb00000| Untracked 
| 236|0x000000008ec00000, 0x000000008ec00000, 0x000000008ed00000|  0%| F|  |TAMS 0x000000008ec00000, 0x000000008ec00000| Untracked 
| 237|0x000000008ed00000, 0x000000008ed00000, 0x000000008ee00000|  0%| F|  |TAMS 0x000000008ed00000, 0x000000008ed00000| Untracked 
| 238|0x000000008ee00000, 0x000000008ee80800, 0x000000008ef00000| 50%| E|  |TAMS 0x000000008ee00000, 0x000000008ee00000| Complete 
| 239|0x000000008ef00000, 0x000000008f000000, 0x000000008f000000|100%| E|CS|TAMS 0x000000008ef00000, 0x000000008ef00000| Complete 
| 240|0x000000008f000000, 0x000000008f100000, 0x000000008f100000|100%| E|CS|TAMS 0x000000008f000000, 0x000000008f000000| Complete 
| 241|0x000000008f100000, 0x000000008f200000, 0x000000008f200000|100%| E|CS|TAMS 0x000000008f100000, 0x000000008f100000| Complete 
| 242|0x000000008f200000, 0x000000008f300000, 0x000000008f300000|100%| E|CS|TAMS 0x000000008f200000, 0x000000008f200000| Complete 
| 243|0x000000008f300000, 0x000000008f400000, 0x000000008f400000|100%| E|CS|TAMS 0x000000008f300000, 0x000000008f300000| Complete 
| 244|0x000000008f400000, 0x000000008f500000, 0x000000008f500000|100%| E|CS|TAMS 0x000000008f400000, 0x000000008f400000| Complete 
| 245|0x000000008f500000, 0x000000008f600000, 0x000000008f600000|100%| E|CS|TAMS 0x000000008f500000, 0x000000008f500000| Complete 
| 246|0x000000008f600000, 0x000000008f700000, 0x000000008f700000|100%| E|CS|TAMS 0x000000008f600000, 0x000000008f600000| Complete 
| 247|0x000000008f700000, 0x000000008f800000, 0x000000008f800000|100%| E|CS|TAMS 0x000000008f700000, 0x000000008f700000| Complete 
| 248|0x000000008f800000, 0x000000008f900000, 0x000000008f900000|100%| E|CS|TAMS 0x000000008f800000, 0x000000008f800000| Complete 
| 249|0x000000008f900000, 0x000000008fa00000, 0x000000008fa00000|100%| E|CS|TAMS 0x000000008f900000, 0x000000008f900000| Complete 
| 250|0x000000008fa00000, 0x000000008fb00000, 0x000000008fb00000|100%| E|CS|TAMS 0x000000008fa00000, 0x000000008fa00000| Complete 
| 251|0x000000008fb00000, 0x000000008fc00000, 0x000000008fc00000|100%| E|CS|TAMS 0x000000008fb00000, 0x000000008fb00000| Complete 
| 252|0x000000008fc00000, 0x000000008fd00000, 0x000000008fd00000|100%| E|CS|TAMS 0x000000008fc00000, 0x000000008fc00000| Complete 
| 253|0x000000008fd00000, 0x000000008fe00000, 0x000000008fe00000|100%| E|CS|TAMS 0x000000008fd00000, 0x000000008fd00000| Complete 

Card table byte_map: [0x000001c4b8ad0000,0x000001c4b8ed0000] _byte_map_base: 0x000001c4b86d0000

Marking Bits (Prev, Next): (CMBitMap*) 0x000001c4a5a5b910, (CMBitMap*) 0x000001c4a5a5b8d8
 Prev Bits: [0x000001c4bb2d0000, 0x000001c4bd2d0000)
 Next Bits: [0x000001c4b92d0000, 0x000001c4bb2d0000)

Polling page: 0x000001c4a3960000

Metaspace:

Usage:
  Non-class:     59.81 MB capacity,    58.76 MB ( 98%) used,   916.66 KB (  1%) free+waste,   154.13 KB ( <1%) overhead. 
      Class:      9.39 MB capacity,     8.87 MB ( 94%) used,   459.80 KB (  5%) free+waste,    72.31 KB ( <1%) overhead. 
       Both:     69.20 MB capacity,    67.63 MB ( 98%) used,     1.34 MB (  2%) free+waste,   226.44 KB ( <1%) overhead. 

Virtual space:
  Non-class space:       60.00 MB reserved,      59.95 MB (>99%) committed 
      Class space:        1.00 GB reserved,       9.50 MB ( <1%) committed 
             Both:        1.06 GB reserved,      69.45 MB (  6%) committed 

Chunk freelists:
   Non-Class:  18.00 KB
       Class:  17.00 KB
        Both:  35.00 KB

MaxMetaspaceSize: 17179869184.00 GB
CompressedClassSpaceSize: 1.00 GB

CodeHeap 'non-profiled nmethods': size=120000Kb used=3808Kb max_used=3808Kb free=116192Kb
 bounds [0x000001c4b0e70000, 0x000001c4b1230000, 0x000001c4b83a0000]
CodeHeap 'profiled nmethods': size=120000Kb used=12536Kb max_used=12536Kb free=107463Kb
 bounds [0x000001c4a9940000, 0x000001c4aa590000, 0x000001c4b0e70000]
CodeHeap 'non-nmethods': size=5760Kb used=2241Kb max_used=2290Kb free=3518Kb
 bounds [0x000001c4a93a0000, 0x000001c4a9610000, 0x000001c4a9940000]
 total_blobs=6731 nmethods=5907 adapters=734
 compilation: enabled
              stopped_count=0, restarted_count=0
 full_count=0

Compilation events (20 events):
Event: 13.108 Thread 0x000001c4c0614000 6154       3       com.sun.xml.bind.v2.model.impl.RuntimeElementPropertyInfoImpl::getTypes (5 bytes)
Event: 13.109 Thread 0x000001c4c0614000 nmethod 6154 0x000001c4aa57ab10 code [0x000001c4aa57acc0, 0x000001c4aa57ade8]
Event: 13.109 Thread 0x000001c4c0614000 6157       1       com.sun.xml.bind.v2.model.impl.PropertyInfoImpl::id (5 bytes)
Event: 13.109 Thread 0x000001c4c0614000 nmethod 6157 0x000001c4b1226f10 code [0x000001c4b12270c0, 0x000001c4b1227178]
Event: 13.109 Thread 0x000001c4c0614000 6156       3       com.sun.xml.bind.v2.model.impl.FieldPropertySeed::getName (17 bytes)
Event: 13.109 Thread 0x000001c4c0614000 nmethod 6156 0x000001c4aa57ae90 code [0x000001c4aa57b060, 0x000001c4aa57b3d8]
Event: 13.109 Thread 0x000001c4c0614000 6158       1       com.sun.xml.bind.v2.model.impl.ClassInfoImpl::getClazz (5 bytes)
Event: 13.109 Thread 0x000001c4c0614000 nmethod 6158 0x000001c4b1227210 code [0x000001c4b12273c0, 0x000001c4b1227478]
Event: 13.118 Thread 0x000001c4c0614000 6159       1       javax.xml.namespace.QName::getNamespaceURI (5 bytes)
Event: 13.119 Thread 0x000001c4c0614000 nmethod 6159 0x000001c4b1227510 code [0x000001c4b12276c0, 0x000001c4b1227778]
Event: 13.119 Thread 0x000001c4c0614000 6160       1       javax.xml.namespace.QName::getLocalPart (5 bytes)
Event: 13.119 Thread 0x000001c4c0614000 nmethod 6160 0x000001c4b1227810 code [0x000001c4b12279c0, 0x000001c4b1227a78]
Event: 13.119 Thread 0x000001c4c0614000 6161       1       com.sun.xml.bind.v2.model.impl.TypeRefImpl::getTagName (5 bytes)
Event: 13.119 Thread 0x000001c4c0614000 nmethod 6161 0x000001c4b1227b10 code [0x000001c4b1227cc0, 0x000001c4b1227d78]
Event: 13.119 Thread 0x000001c4c0614000 6162       3       com.sun.xml.bind.v2.util.QNameMap::hash (36 bytes)
Event: 13.119 Thread 0x000001c4c0614000 nmethod 6162 0x000001c4aa57b590 code [0x000001c4aa57b740, 0x000001c4aa57b888]
Event: 13.150 Thread 0x000001c4c0614000 6164       3       java.util.regex.Pattern$Dollar::match (209 bytes)
Event: 13.151 Thread 0x000001c4c0614000 nmethod 6164 0x000001c4aa57b990 code [0x000001c4aa57bc00, 0x000001c4aa57c818]
Event: 13.151 Thread 0x000001c4c0614000 6165       3       java.lang.invoke.InnerClassLambdaMetafactory::spinInnerClass (521 bytes)
Event: 13.156 Thread 0x000001c4c0614000 nmethod 6165 0x000001c4aa57ca90 code [0x000001c4aa57cfa0, 0x000001c4aa57f518]

GC Heap History (16 events):
Event: 0.963 GC heap before
{Heap before GC invocations=0 (full 0):
 garbage-first heap   total 260096K, used 29696K [0x0000000080000000, 0x0000000100000000)
  region size 1024K, 24 young (24576K), 0 survivors (0K)
 Metaspace       used 10424K, capacity 10663K, committed 10752K, reserved 1058816K
  class space    used 1096K, capacity 1193K, committed 1280K, reserved 1048576K
}
Event: 0.973 GC heap after
{Heap after GC invocations=1 (full 0):
 garbage-first heap   total 260096K, used 8595K [0x0000000080000000, 0x0000000100000000)
  region size 1024K, 3 young (3072K), 3 survivors (3072K)
 Metaspace       used 10424K, capacity 10663K, committed 10752K, reserved 1058816K
  class space    used 1096K, capacity 1193K, committed 1280K, reserved 1048576K
}
Event: 3.101 GC heap before
{Heap before GC invocations=1 (full 0):
 garbage-first heap   total 260096K, used 93587K [0x0000000080000000, 0x0000000100000000)
  region size 1024K, 87 young (89088K), 3 survivors (3072K)
 Metaspace       used 20607K, capacity 21103K, committed 21248K, reserved 1067008K
  class space    used 2526K, capacity 2712K, committed 2816K, reserved 1048576K
}
Event: 3.111 GC heap after
{Heap after GC invocations=2 (full 0):
 garbage-first heap   total 260096K, used 16573K [0x0000000080000000, 0x0000000100000000)
  region size 1024K, 11 young (11264K), 11 survivors (11264K)
 Metaspace       used 20607K, capacity 21103K, committed 21248K, reserved 1067008K
  class space    used 2526K, capacity 2712K, committed 2816K, reserved 1048576K
}
Event: 3.779 GC heap before
{Heap before GC invocations=3 (full 0):
 garbage-first heap   total 260096K, used 56509K [0x0000000080000000, 0x0000000100000000)
  region size 1024K, 50 young (51200K), 11 survivors (11264K)
 Metaspace       used 25213K, capacity 25940K, committed 26112K, reserved 1071104K
  class space    used 3260K, capacity 3496K, committed 3584K, reserved 1048576K
}
Event: 3.788 GC heap after
{Heap after GC invocations=4 (full 0):
 garbage-first heap   total 260096K, used 17651K [0x0000000080000000, 0x0000000100000000)
  region size 1024K, 2 young (2048K), 2 survivors (2048K)
 Metaspace       used 25213K, capacity 25940K, committed 26112K, reserved 1071104K
  class space    used 3260K, capacity 3496K, committed 3584K, reserved 1048576K
}
Event: 5.172 GC heap before
{Heap before GC invocations=4 (full 0):
 garbage-first heap   total 260096K, used 76019K [0x0000000080000000, 0x0000000100000000)
  region size 1024K, 60 young (61440K), 2 survivors (2048K)
 Metaspace       used 35063K, capacity 35785K, committed 35840K, reserved 1081344K
  class space    used 4561K, capacity 4824K, committed 4864K, reserved 1048576K
}
Event: 5.185 GC heap after
{Heap after GC invocations=5 (full 0):
 garbage-first heap   total 260096K, used 21008K [0x0000000080000000, 0x0000000100000000)
  region size 1024K, 6 young (6144K), 6 survivors (6144K)
 Metaspace       used 35063K, capacity 35785K, committed 35840K, reserved 1081344K
  class space    used 4561K, capacity 4824K, committed 4864K, reserved 1048576K
}
Event: 7.365 GC heap before
{Heap before GC invocations=6 (full 0):
 garbage-first heap   total 260096K, used 114192K [0x0000000080000000, 0x0000000100000000)
  region size 1024K, 94 young (96256K), 6 survivors (6144K)
 Metaspace       used 43476K, capacity 44469K, committed 44672K, reserved 1087488K
  class space    used 5571K, capacity 5903K, committed 6016K, reserved 1048576K
}
Event: 7.378 GC heap after
{Heap after GC invocations=7 (full 0):
 garbage-first heap   total 260096K, used 25952K [0x0000000080000000, 0x0000000100000000)
  region size 1024K, 11 young (11264K), 11 survivors (11264K)
 Metaspace       used 43476K, capacity 44469K, committed 44672K, reserved 1087488K
  class space    used 5571K, capacity 5903K, committed 6016K, reserved 1048576K
}
Event: 9.945 GC heap before
{Heap before GC invocations=7 (full 0):
 garbage-first heap   total 260096K, used 164192K [0x0000000080000000, 0x0000000100000000)
  region size 1024K, 144 young (147456K), 11 survivors (11264K)
 Metaspace       used 56012K, capacity 57490K, committed 57600K, reserved 1099776K
  class space    used 7121K, capacity 7602K, committed 7680K, reserved 1048576K
}
Event: 9.975 GC heap after
{Heap after GC invocations=8 (full 0):
 garbage-first heap   total 260096K, used 39669K [0x0000000080000000, 0x0000000100000000)
  region size 1024K, 18 young (18432K), 18 survivors (18432K)
 Metaspace       used 56012K, capacity 57490K, committed 57600K, reserved 1099776K
  class space    used 7121K, capacity 7602K, committed 7680K, reserved 1048576K
}
Event: 10.485 GC heap before
{Heap before GC invocations=8 (full 0):
 garbage-first heap   total 260096K, used 66293K [0x0000000080000000, 0x0000000100000000)
  region size 1024K, 44 young (45056K), 18 survivors (18432K)
 Metaspace       used 58663K, capacity 60111K, committed 60160K, reserved 1101824K
  class space    used 7429K, capacity 7910K, committed 7936K, reserved 1048576K
}
Event: 10.512 GC heap after
{Heap after GC invocations=9 (full 0):
 garbage-first heap   total 260096K, used 43921K [0x0000000080000000, 0x0000000100000000)
  region size 1024K, 5 young (5120K), 5 survivors (5120K)
 Metaspace       used 58663K, capacity 60111K, committed 60160K, reserved 1101824K
  class space    used 7429K, capacity 7910K, committed 7936K, reserved 1048576K
}
Event: 12.647 GC heap before
{Heap before GC invocations=10 (full 0):
 garbage-first heap   total 260096K, used 136081K [0x0000000080000000, 0x0000000100000000)
  region size 1024K, 95 young (97280K), 5 survivors (5120K)
 Metaspace       used 66805K, capacity 68395K, committed 68684K, reserved 1107968K
  class space    used 8724K, capacity 9272K, committed 9344K, reserved 1048576K
}
Event: 12.659 GC heap after
{Heap after GC invocations=11 (full 0):
 garbage-first heap   total 260096K, used 47941K [0x0000000080000000, 0x0000000100000000)
  region size 1024K, 9 young (9216K), 9 survivors (9216K)
 Metaspace       used 66805K, capacity 68395K, committed 68684K, reserved 1107968K
  class space    used 8724K, capacity 9272K, committed 9344K, reserved 1048576K
}

Deoptimization events (20 events):
Event: 12.240 Thread 0x000001c4c16a4000 Uncommon trap: trap_request=0xffffff4d fr.pc=0x000001c4b0f655e8 relative=0x00000000000001a8
Event: 12.240 Thread 0x000001c4c16a4000 Uncommon trap: reason=unstable_if action=reinterpret pc=0x000001c4b0f655e8 method=java.util.HashMap.getNode(ILjava/lang/Object;)Ljava/util/HashMap$Node; @ 84 c2
Event: 12.240 Thread 0x000001c4c16a4000 DEOPT PACKING pc=0x000001c4b0f655e8 sp=0x0000006c2a1fa0f0
Event: 12.240 Thread 0x000001c4c16a4000 DEOPT UNPACKING pc=0x000001c4a93c74af sp=0x0000006c2a1fa078 mode 2
Event: 12.568 Thread 0x000001c4c16a4000 Uncommon trap: trap_request=0xffffff4d fr.pc=0x000001c4b10c1284 relative=0x00000000000018c4
Event: 12.568 Thread 0x000001c4c16a4000 Uncommon trap: reason=unstable_if action=reinterpret pc=0x000001c4b10c1284 method=java.util.jar.JarFile.getVersionedEntry(Ljava/lang/String;Ljava/util/jar/JarEntry;)Ljava/util/jar/JarEntry; @ 67 c2
Event: 12.568 Thread 0x000001c4c16a4000 DEOPT PACKING pc=0x000001c4b10c1284 sp=0x0000006c2a1f7f90
Event: 12.568 Thread 0x000001c4c16a4000 DEOPT UNPACKING pc=0x000001c4a93c74af sp=0x0000006c2a1f7f28 mode 2
Event: 12.585 Thread 0x000001c4c16a4000 Uncommon trap: trap_request=0xffffff4d fr.pc=0x000001c4b11cd0e4 relative=0x0000000000004784
Event: 12.585 Thread 0x000001c4c16a4000 Uncommon trap: reason=unstable_if action=reinterpret pc=0x000001c4b11cd0e4 method=java.util.jar.JarFile.maybeInstantiateVerifier()V @ 4 c2
Event: 12.585 Thread 0x000001c4c16a4000 DEOPT PACKING pc=0x000001c4b11cd0e4 sp=0x0000006c2a1f8c80
Event: 12.585 Thread 0x000001c4c16a4000 DEOPT UNPACKING pc=0x000001c4a93c74af sp=0x0000006c2a1f8a30 mode 2
Event: 12.603 Thread 0x000001c4c16a4000 Uncommon trap: trap_request=0xffffff4d fr.pc=0x000001c4b11d895c relative=0x000000000000051c
Event: 12.603 Thread 0x000001c4c16a4000 Uncommon trap: reason=unstable_if action=reinterpret pc=0x000001c4b11d895c method=java.util.StringTokenizer.scanToken(I)I @ 42 c2
Event: 12.603 Thread 0x000001c4c16a4000 DEOPT PACKING pc=0x000001c4b11d895c sp=0x0000006c2a1f9d00
Event: 12.603 Thread 0x000001c4c16a4000 DEOPT UNPACKING pc=0x000001c4a93c74af sp=0x0000006c2a1f9c90 mode 2
Event: 12.953 Thread 0x000001c4c16a4000 Uncommon trap: trap_request=0xfffffff4 fr.pc=0x000001c4b120b248 relative=0x0000000000000768
Event: 12.953 Thread 0x000001c4c16a4000 Uncommon trap: reason=null_check action=make_not_entrant pc=0x000001c4b120b248 method=java.lang.Class.createAnnotationData(I)Ljava/lang/Class$AnnotationData; @ 14 c2
Event: 12.953 Thread 0x000001c4c16a4000 DEOPT PACKING pc=0x000001c4b120b248 sp=0x0000006c2a1f7f50
Event: 12.953 Thread 0x000001c4c16a4000 DEOPT UNPACKING pc=0x000001c4a93c74af sp=0x0000006c2a1f7e90 mode 2

Classes redefined (0 events):
No events

Internal exceptions (20 events):
Event: 10.915 Thread 0x000001c4c16a4000 Exception <a 'java/lang/ClassNotFoundException'{0x000000008e4c04c8}: org/gradle/api/internal/artifacts/dependencies/DefaultExternalModuleDependencyBeanInfo> (0x000000008e4c04c8) thrown at [./src/hotspot/share/classfile/systemDictionary.cpp, line 231]
Event: 10.917 Thread 0x000001c4c16a4000 Exception <a 'java/lang/ClassNotFoundException'{0x000000008e4fcce8}: org/gradle/api/internal/artifacts/dependencies/AbstractExternalModuleDependencyBeanInfo> (0x000000008e4fcce8) thrown at [./src/hotspot/share/classfile/systemDictionary.cpp, line 231]
Event: 10.918 Thread 0x000001c4c16a4000 Exception <a 'java/lang/ClassNotFoundException'{0x000000008de2aeb0}: org/gradle/api/internal/artifacts/dependencies/AbstractModuleDependencyBeanInfo> (0x000000008de2aeb0) thrown at [./src/hotspot/share/classfile/systemDictionary.cpp, line 231]
Event: 10.920 Thread 0x000001c4c16a4000 Exception <a 'java/lang/ClassNotFoundException'{0x000000008de576d0}: org/gradle/api/internal/artifacts/dependencies/AbstractDependencyBeanInfo> (0x000000008de576d0) thrown at [./src/hotspot/share/classfile/systemDictionary.cpp, line 231]
Event: 10.922 Thread 0x000001c4c16a4000 Exception <a 'java/lang/ClassNotFoundException'{0x000000008de85390}: org/gradle/api/internal/artifacts/dependencies/AbstractDependencyCustomizer> (0x000000008de85390) thrown at [./src/hotspot/share/classfile/systemDictionary.cpp, line 231]
Event: 10.923 Thread 0x000001c4c16a4000 Exception <a 'java/lang/ClassNotFoundException'{0x000000008deb66b8}: org/gradle/api/internal/artifacts/dependencies/AbstractModuleDependencyCustomizer> (0x000000008deb66b8) thrown at [./src/hotspot/share/classfile/systemDictionary.cpp, line 231]
Event: 10.927 Thread 0x000001c4c16a4000 Exception <a 'java/lang/ClassNotFoundException'{0x000000008dd0c860}: org/gradle/api/internal/artifacts/dependencies/AbstractExternalModuleDependencyCustomizer> (0x000000008dd0c860) thrown at [./src/hotspot/share/classfile/systemDictionary.cpp, line 231]
Event: 10.929 Thread 0x000001c4c16a4000 Exception <a 'java/lang/ClassNotFoundException'{0x000000008dd58ff8}: org/gradle/api/internal/artifacts/dependencies/DefaultExternalModuleDependencyCustomizer> (0x000000008dd58ff8) thrown at [./src/hotspot/share/classfile/systemDictionary.cpp, line 231]
Event: 10.931 Thread 0x000001c4c16a4000 Exception <a 'java/lang/ClassNotFoundException'{0x000000008dda4a60}: org/gradle/api/internal/artifacts/dependencies/DefaultExternalModuleDependency_DecoratedCustomizer> (0x000000008dda4a60) thrown at [./src/hotspot/share/classfile/systemDictionary.cpp, line 231]
Event: 11.982 Thread 0x000001c4c16a4000 Exception <a 'java/lang/ClassNotFoundException'{0x000000008b54cac8}: com/android/build/gradle/internal/api/ApkVariantOutputImpl_DecoratedBeanInfo> (0x000000008b54cac8) thrown at [./src/hotspot/share/classfile/systemDictionary.cpp, line 231]
Event: 11.983 Thread 0x000001c4c16a4000 Exception <a 'java/lang/ClassNotFoundException'{0x000000008b561ff0}: com/android/build/gradle/internal/api/ApkVariantOutputImplBeanInfo> (0x000000008b561ff0) thrown at [./src/hotspot/share/classfile/systemDictionary.cpp, line 231]
Event: 11.984 Thread 0x000001c4c16a4000 Exception <a 'java/lang/ClassNotFoundException'{0x000000008b577b50}: com/android/build/gradle/internal/api/BaseVariantOutputImplBeanInfo> (0x000000008b577b50) thrown at [./src/hotspot/share/classfile/systemDictionary.cpp, line 231]
Event: 11.984 Thread 0x000001c4c16a4000 Exception <a 'java/lang/ClassNotFoundException'{0x000000008b58d960}: com/android/build/gradle/internal/api/BaseVariantOutputImplCustomizer> (0x000000008b58d960) thrown at [./src/hotspot/share/classfile/systemDictionary.cpp, line 231]
Event: 11.986 Thread 0x000001c4c16a4000 Exception <a 'java/lang/ClassNotFoundException'{0x000000008b5b5bc0}: com/android/build/gradle/internal/api/ApkVariantOutputImplCustomizer> (0x000000008b5b5bc0) thrown at [./src/hotspot/share/classfile/systemDictionary.cpp, line 231]
Event: 11.987 Thread 0x000001c4c16a4000 Exception <a 'java/lang/ClassNotFoundException'{0x000000008b5d9d38}: com/android/build/gradle/internal/api/ApkVariantOutputImpl_DecoratedCustomizer> (0x000000008b5d9d38) thrown at [./src/hotspot/share/classfile/systemDictionary.cpp, line 231]
Event: 12.414 Thread 0x000001c4c16a4000 Exception <a 'sun/nio/fs/WindowsException'{0x000000008a61d2f0}> (0x000000008a61d2f0) thrown at [./src/hotspot/share/prims/jni.cpp, line 615]
Event: 12.670 Thread 0x000001c4c16a4000 Exception <a 'java/lang/NullPointerException'{0x000000008fdb4a28}> (0x000000008fdb4a28) thrown at [./src/hotspot/share/interpreter/linkResolver.cpp, line 1440]
Event: 12.953 Thread 0x000001c4c16a4000 Implicit null exception at 0x000001c4b120ab8d to 0x000001c4b120b23c
Event: 13.146 Thread 0x000001c4c16a4000 Exception <a 'java/lang/NoSuchMethodError'{0x000000008ee0d468}: 'int java.lang.invoke.DirectMethodHandle$Holder.invokeStatic(java.lang.Object, java.lang.Object, int, java.lang.Object)'> (0x000000008ee0d468) thrown at [./src/hotspot/share/interpreter/linkResolver.cpp, line 773]
Event: 13.148 Thread 0x000001c4c16a4000 Exception <a 'java/lang/NoSuchMethodError'{0x000000008ee14310}: 'java.lang.Object java.lang.invoke.Invokers$Holder.linkToTargetMethod(java.lang.Object, int, java.lang.Object)'> (0x000000008ee14310) thrown at [./src/hotspot/share/interpreter/linkResolver.cpp, line 773]

Events (20 events):
Event: 13.149 loading class org/xml/sax/helpers/XMLFilterImpl
Event: 13.150 loading class org/xml/sax/helpers/XMLFilterImpl done
Event: 13.150 loading class javax/xml/parsers/SAXParserFactory
Event: 13.151 loading class javax/xml/parsers/SAXParserFactory done
Event: 13.153 loading class com/sun/org/apache/xerces/internal/jaxp/SAXParserFactoryImpl
Event: 13.153 loading class com/sun/org/apache/xerces/internal/jaxp/SAXParserFactoryImpl done
Event: 13.154 loading class com/sun/org/apache/xerces/internal/jaxp/SAXParserImpl
Event: 13.156 loading class com/sun/org/apache/xerces/internal/jaxp/JAXPConstants
Event: 13.156 loading class com/sun/org/apache/xerces/internal/jaxp/JAXPConstants done
Event: 13.156 loading class com/sun/org/apache/xerces/internal/xs/PSVIProvider
Event: 13.157 loading class com/sun/org/apache/xerces/internal/xs/PSVIProvider done
Event: 13.157 loading class javax/xml/parsers/SAXParser
Event: 13.157 loading class javax/xml/parsers/SAXParser done
Event: 13.157 loading class com/sun/org/apache/xerces/internal/jaxp/SAXParserImpl done
Event: 13.158 loading class com/sun/org/apache/xerces/internal/utils/XMLSecurityManager
Event: 13.158 loading class com/sun/org/apache/xerces/internal/utils/XMLSecurityManager done
Event: 13.159 loading class com/sun/org/apache/xerces/internal/utils/XMLSecurityManager$Limit
Event: 13.159 loading class com/sun/org/apache/xerces/internal/utils/XMLSecurityManager$Limit done
Event: 13.159 loading class com/sun/org/apache/xerces/internal/utils/XMLSecurityManager$State
Event: 13.159 loading class com/sun/org/apache/xerces/internal/utils/XMLSecurityManager$State done


Dynamic libraries:
0x00007ff701690000 - 0x00007ff70169a000 	D:\Androidstudio\setup\jre\bin\java.exe
0x00007ffce5b50000 - 0x00007ffce5d45000 	C:\WINDOWS\SYSTEM32\ntdll.dll
0x00007ffce5280000 - 0x00007ffce533d000 	C:\WINDOWS\System32\KERNEL32.DLL
0x00007ffce3650000 - 0x00007ffce3919000 	C:\WINDOWS\System32\KERNELBASE.dll
0x00007ffce3920000 - 0x00007ffce3a20000 	C:\WINDOWS\System32\ucrtbase.dll
0x00007ffca4cd0000 - 0x00007ffca4ce7000 	D:\Androidstudio\setup\jre\bin\VCRUNTIME140.dll
0x00007ffca4940000 - 0x00007ffca4959000 	D:\Androidstudio\setup\jre\bin\jli.dll
0x00007ffce4920000 - 0x00007ffce4ac0000 	C:\WINDOWS\System32\USER32.dll
0x00007ffce3b30000 - 0x00007ffce3b52000 	C:\WINDOWS\System32\win32u.dll
0x00007ffcc0ee0000 - 0x00007ffcc117a000 	C:\WINDOWS\WinSxS\amd64_microsoft.windows.common-controls_6595b64144ccf1df_6.0.19041.1110_none_60b5254171f9507e\COMCTL32.dll
0x00007ffce5ae0000 - 0x00007ffce5b0a000 	C:\WINDOWS\System32\GDI32.dll
0x00007ffce5080000 - 0x00007ffce511e000 	C:\WINDOWS\System32\msvcrt.dll
0x00007ffce3a20000 - 0x00007ffce3b2b000 	C:\WINDOWS\System32\gdi32full.dll
0x00007ffce3340000 - 0x00007ffce33dd000 	C:\WINDOWS\System32\msvcp_win.dll
0x00007ffce4740000 - 0x00007ffce4770000 	C:\WINDOWS\System32\IMM32.DLL
0x00007ffc8c440000 - 0x00007ffc8c4dd000 	D:\Androidstudio\setup\jre\bin\msvcp140.dll
0x00007ffc7e1f0000 - 0x00007ffc7ecac000 	D:\Androidstudio\setup\jre\bin\server\jvm.dll
0x00007ffce4460000 - 0x00007ffce450c000 	C:\WINDOWS\System32\ADVAPI32.dll
0x00007ffce4640000 - 0x00007ffce46db000 	C:\WINDOWS\System32\sechost.dll
0x00007ffce4510000 - 0x00007ffce463a000 	C:\WINDOWS\System32\RPCRT4.dll
0x00007ffce4770000 - 0x00007ffce4778000 	C:\WINDOWS\System32\PSAPI.DLL
0x00007ffcc5400000 - 0x00007ffcc5409000 	C:\WINDOWS\SYSTEM32\WSOCK32.dll
0x00007ffcdf210000 - 0x00007ffcdf237000 	C:\WINDOWS\SYSTEM32\WINMM.dll
0x00007ffce48a0000 - 0x00007ffce490b000 	C:\WINDOWS\System32\WS2_32.dll
0x00007ffcd9bf0000 - 0x00007ffcd9bfa000 	C:\WINDOWS\SYSTEM32\VERSION.dll
0x00007ffce1ba0000 - 0x00007ffce1bb2000 	C:\WINDOWS\SYSTEM32\kernel.appcore.dll
0x00007ffcdc3e0000 - 0x00007ffcdc3f1000 	D:\Androidstudio\setup\jre\bin\verify.dll
0x00007ffce1940000 - 0x00007ffce1b24000 	C:\WINDOWS\SYSTEM32\DBGHELP.DLL
0x00007ffcceea0000 - 0x00007ffcceecc000 	C:\WINDOWS\SYSTEM32\dbgcore.DLL
0x00007ffce35c0000 - 0x00007ffce3643000 	C:\WINDOWS\System32\bcryptPrimitives.dll
0x00007ffcc7090000 - 0x00007ffcc70b9000 	D:\Androidstudio\setup\jre\bin\java.dll
0x00007ffcdc3d0000 - 0x00007ffcdc3db000 	D:\Androidstudio\setup\jre\bin\jimage.dll
0x00007ffccf990000 - 0x00007ffccf9a8000 	D:\Androidstudio\setup\jre\bin\zip.dll
0x00007ffce5340000 - 0x00007ffce5a7f000 	C:\WINDOWS\System32\SHELL32.dll
0x00007ffce10d0000 - 0x00007ffce1861000 	C:\WINDOWS\SYSTEM32\windows.storage.dll
0x00007ffce3e70000 - 0x00007ffce41c5000 	C:\WINDOWS\System32\combase.dll
0x00007ffce2d00000 - 0x00007ffce2d2c000 	C:\WINDOWS\SYSTEM32\Wldp.dll
0x00007ffce5120000 - 0x00007ffce51ce000 	C:\WINDOWS\System32\SHCORE.dll
0x00007ffce3bc0000 - 0x00007ffce3c15000 	C:\WINDOWS\System32\shlwapi.dll
0x00007ffce31d0000 - 0x00007ffce31ef000 	C:\WINDOWS\SYSTEM32\profapi.dll
0x00007ffcc7040000 - 0x00007ffcc705a000 	D:\Androidstudio\setup\jre\bin\net.dll
0x00007ffcdfe20000 - 0x00007ffcdff2a000 	C:\WINDOWS\SYSTEM32\WINHTTP.dll
0x00007ffce2a60000 - 0x00007ffce2aca000 	C:\WINDOWS\system32\mswsock.dll
0x00007ffcc0c70000 - 0x00007ffcc0c84000 	D:\Androidstudio\setup\jre\bin\nio.dll
0x00007ffca67e0000 - 0x00007ffca6807000 	D:\Android\.gradle\native\fdc75f09e3144964f2cf3f50f0aa648679c211496f362492102eb8c894070792\windows-amd64\native-platform.dll
0x00007ffc86bc0000 - 0x00007ffc86d56000 	D:\Android\.gradle\native\12488b8bf47d2d4c9fbf2f6322a914ad602e24e48041cd04a747c6da556b65c4\windows-amd64\native-platform-file-events.dll
0x00007ffcc7df0000 - 0x00007ffcc7dfa000 	D:\Androidstudio\setup\jre\bin\management.dll
0x00007ffcc7080000 - 0x00007ffcc708c000 	D:\Androidstudio\setup\jre\bin\management_ext.dll
0x00007ffce2c40000 - 0x00007ffce2c58000 	C:\WINDOWS\SYSTEM32\CRYPTSP.dll
0x00007ffce2390000 - 0x00007ffce23c4000 	C:\WINDOWS\system32\rsaenh.dll
0x00007ffce3590000 - 0x00007ffce35b7000 	C:\WINDOWS\System32\bcrypt.dll
0x00007ffce3190000 - 0x00007ffce31be000 	C:\WINDOWS\SYSTEM32\USERENV.dll
0x00007ffce2c60000 - 0x00007ffce2c6c000 	C:\WINDOWS\SYSTEM32\CRYPTBASE.dll
0x00007ffce2700000 - 0x00007ffce273b000 	C:\WINDOWS\SYSTEM32\IPHLPAPI.DLL
0x00007ffce5010000 - 0x00007ffce5018000 	C:\WINDOWS\System32\NSI.dll
0x00007ffcd9b80000 - 0x00007ffcd9b97000 	C:\WINDOWS\SYSTEM32\dhcpcsvc6.DLL
0x00007ffcd9b60000 - 0x00007ffcd9b7d000 	C:\WINDOWS\SYSTEM32\dhcpcsvc.DLL
0x00007ffce2750000 - 0x00007ffce281c000 	C:\WINDOWS\SYSTEM32\DNSAPI.dll
0x00007ffcd9ba0000 - 0x00007ffcd9bab000 	C:\WINDOWS\SYSTEM32\WINNSI.DLL

dbghelp: loaded successfully - version: 4.0.5 - missing functions: none
symbol engine: initialized successfully - sym options: 0x614 - pdb path: .;D:\Androidstudio\setup\jre\bin;C:\WINDOWS\SYSTEM32;C:\WINDOWS\WinSxS\amd64_microsoft.windows.common-controls_6595b64144ccf1df_6.0.19041.1110_none_60b5254171f9507e;D:\Androidstudio\setup\jre\bin\server;D:\Android\.gradle\native\fdc75f09e3144964f2cf3f50f0aa648679c211496f362492102eb8c894070792\windows-amd64;D:\Android\.gradle\native\12488b8bf47d2d4c9fbf2f6322a914ad602e24e48041cd04a747c6da556b65c4\windows-amd64

VM Arguments:
jvm_args: --add-opens=java.base/java.util=ALL-UNNAMED --add-opens=java.base/java.lang=ALL-UNNAMED --add-opens=java.base/java.lang.invoke=ALL-UNNAMED --add-opens=java.prefs/java.util.prefs=ALL-UNNAMED -Xmx2048m -Dfile.encoding=UTF-8 -Duser.country=CN -Duser.language=zh -Duser.variant 
java_command: org.gradle.launcher.daemon.bootstrap.GradleDaemon 6.7.1
java_class_path (initial): D:\Android\.gradle\wrapper\dists\gradle-6.7.1-bin\bwlcbys1h7rz3272sye1xwiv6\gradle-6.7.1\lib\gradle-launcher-6.7.1.jar
Launcher Type: SUN_STANDARD

[Global flags]
     intx CICompilerCount                          = 4                                         {product} {ergonomic}
     uint ConcGCThreads                            = 2                                         {product} {ergonomic}
     uint G1ConcRefinementThreads                  = 8                                         {product} {ergonomic}
   size_t G1HeapRegionSize                         = 1048576                                   {product} {ergonomic}
    uintx GCDrainStackTargetSize                   = 64                                        {product} {ergonomic}
   size_t InitialHeapSize                          = 266338304                                 {product} {ergonomic}
   size_t MarkStackSize                            = 4194304                                   {product} {ergonomic}
   size_t MaxHeapSize                              = 2147483648                                {product} {command line}
   size_t MaxNewSize                               = 1287651328                                {product} {ergonomic}
   size_t MinHeapDeltaBytes                        = 1048576                                   {product} {ergonomic}
    uintx NonNMethodCodeHeapSize                   = 5836300                                {pd product} {ergonomic}
    uintx NonProfiledCodeHeapSize                  = 122910970                              {pd product} {ergonomic}
    uintx ProfiledCodeHeapSize                     = 122910970                              {pd product} {ergonomic}
    uintx ReservedCodeCacheSize                    = 251658240                              {pd product} {ergonomic}
     bool SegmentedCodeCache                       = true                                      {product} {ergonomic}
     bool UseCompressedClassPointers               = true                                 {lp64_product} {ergonomic}
     bool UseCompressedOops                        = true                                 {lp64_product} {ergonomic}
     bool UseG1GC                                  = true                                      {product} {ergonomic}
     bool UseLargePagesIndividualAllocation        = false                                  {pd product} {ergonomic}

Logging:
Log output configuration:
 #0: stdout all=warning uptime,level,tags
 #1: stderr all=off uptime,level,tags

Environment Variables:
JAVA_HOME=D:\Java_JDK\jdk-16.0.1_windows-x64_bin\jdk-16.0.1
CLASSPATH=.;D:\Java_JDK\jdk-16.0.1_windows-x64_bin\jdk-16.0.1\lib\dt.jar;D:\Java_JDK\jdk-16.0.1_windows-x64_bin\jdk-16.0.1\lib\tools.jar
PATH=C:\Windows\system32;C:\Windows;C:\Windows\System32\Wbem;C:\Windows\System32\WindowsPowerShell\v1.0\;C:\Windows\System32\OpenSSH\;C:\Program Files (x86)\NVIDIA Corporation\PhysX\Common;C:\Program Files\NVIDIA Corporation\NVIDIA NvDLISR;C:\Program Files\Microsoft SQL Server\130\Tools\Binn\;D:\MATLAB2020a\runtime\win64;D:\MATLAB2020a\bin;C:\Program Files (x86)\IVI Foundation\VISA\WinNT\Bin\;C:\Program Files\IVI Foundation\VISA\Win64\Bin\;C:\Program Files (x86)\IVI Foundation\VISA\WinNT\Bin;D:\NI_Package\LabView\LabVIEW CLI;C:\WINDOWS\system32;C:\WINDOWS;C:\WINDOWS\System32\Wbem;C:\WINDOWS\System32\WindowsPowerShell\v1.0\;C:\WINDOWS\System32\OpenSSH\;D:\Java_JDK\jdk-16.0.1_windows-x64_bin\jdk-16.0.1\bin;%JRE_HOME%\bin;D:\Python3.8.2\python-3.8.2\python 3.8\Scripts\;D:\Python3.8.2\python-3.8.2\python 3.8\;C:\Users\GMQ\AppData\Local\Microsoft\WindowsApps;;D:\pycharm-2019.3.3 setup\PyCharm 2019.3.3\bin;
USERNAME=GMQ
OS=Windows_NT
PROCESSOR_IDENTIFIER=Intel64 Family 6 Model 142 Stepping 12, GenuineIntel



---------------  S Y S T E M  ---------------

OS: Windows 10 , 64 bit Build 19041 (10.0.19041.1023)
OS uptime: 0 days 7:39 hours

CPU:total 8 (initial active 8) (4 cores per cpu, 2 threads per core) family 6 model 142 stepping 12, cmov, cx8, fxsr, mmx, sse, sse2, sse3, ssse3, sse4.1, sse4.2, popcnt, avx, avx2, aes, clmul, erms, 3dnowpref, lzcnt, ht, tsc, tscinvbit, bmi1, bmi2, adx, fma

Memory: 4k page, system-wide physical 16212M (2956M free)
TotalPageFile size 26452M (AvailPageFile size 9M)
current process WorkingSet (physical memory assigned to process): 422M, peak: 424M
current process commit charge ("private bytes"): 516M, peak: 519M

vm_info: OpenJDK 64-Bit Server VM (11.0.8+10-b944.6842174) for windows-amd64 JRE (11.0.8+10-b944.6842174), built on Sep 19 2020 01:11:42 by "builder" with MS VC++ 14.0 (VS2015)

END.
