#
# There is insufficient memory for the Java Runtime Environment to continue.
# Native memory allocation (malloc) failed to allocate 1296976 bytes for Chunk::new
# Possible reasons:
#   The system is out of physical RAM or swap space
#   The process is running with CompressedOops enabled, and the Java Heap may be blocking the growth of the native heap
# Possible solutions:
#   Reduce memory load on the system
#   Increase physical memory or swap space
#   Check if swap backing store is full
#   Decrease Java heap size (-Xmx/-Xms)
#   Decrease number of Java threads
#   Decrease Java thread stack sizes (-Xss)
#   Set larger code cache with -XX:ReservedCodeCacheSize=
#   JVM is running with Unscaled Compressed Oops mode in which the Java heap is
#     placed in the first 4GB address space. The Java Heap base address is the
#     maximum limit for the native heap growth. Please use -XX:HeapBaseMinAddress
#     to set the Java Heap base and to place the Java Heap above 4GB virtual address.
# This output file may be truncated or incomplete.
#
#  Out of Memory Error (./src/hotspot/share/memory/arena.cpp:197), pid=9284, tid=12924
#
# JRE version: OpenJDK Runtime Environment (11.0.8+10) (build 11.0.8+10-b944.6842174)
# Java VM: OpenJDK 64-Bit Server VM (11.0.8+10-b944.6842174, mixed mode, tiered, compressed oops, g1 gc, windows-amd64)
# No core dump will be written. Minidumps are not enabled by default on client versions of Windows
#

---------------  S U M M A R Y ------------

Command Line: --add-opens=java.base/java.util=ALL-UNNAMED --add-opens=java.base/java.lang=ALL-UNNAMED --add-opens=java.base/java.lang.invoke=ALL-UNNAMED --add-opens=java.prefs/java.util.prefs=ALL-UNNAMED -Xmx2048m -Dfile.encoding=UTF-8 -Duser.country=CN -Duser.language=zh -Duser.variant org.gradle.launcher.daemon.bootstrap.GradleDaemon 6.7.1

Host: Intel(R) Core(TM) i7-10510U CPU @ 1.80GHz, 8 cores, 15G,  Windows 10 , 64 bit Build 19041 (10.0.19041.1023)
Time: Sun Jul 25 19:43:06 2021 GMT ÏÄÁîÊ± elapsed time: 2483 seconds (0d 0h 41m 23s)

---------------  T H R E A D  ---------------

Current thread (0x000002cee046b000):  JavaThread "C2 CompilerThread0" daemon [_thread_in_native, id=12924, stack(0x000000d993700000,0x000000d993800000)]


Current CompileTask:
C2:2483475 15068 %     4       org.gradle.internal.instantiation.generator.AbstractClassGenerator::inspectType @ 250 (560 bytes)

Stack: [0x000000d993700000,0x000000d993800000]
Native frames: (J=compiled Java code, j=interpreted, Vv=VM code, C=native code)
V  [jvm.dll+0x5de50a]
V  [jvm.dll+0x7122f5]
V  [jvm.dll+0x71384d]
V  [jvm.dll+0x713f03]
V  [jvm.dll+0x23e728]
V  [jvm.dll+0xb899c]
V  [jvm.dll+0xb8e9c]
V  [jvm.dll+0x2b20e4]
V  [jvm.dll+0x502098]
V  [jvm.dll+0x1ff393]
V  [jvm.dll+0x1f917c]
V  [jvm.dll+0x1f685f]
V  [jvm.dll+0x17f32c]
V  [jvm.dll+0x205047]
V  [jvm.dll+0x203891]
V  [jvm.dll+0x6dad3f]
V  [jvm.dll+0x6d3895]
V  [jvm.dll+0x5dd4a6]
C  [ucrtbase.dll+0x21bb2]
C  [KERNEL32.DLL+0x17034]
C  [ntdll.dll+0x52651]


---------------  P R O C E S S  ---------------

Threads class SMR info:
_java_thread_list=0x000002cee59eaf70, length=156, elements={
0x000002cec586c000, 0x000002cee03ed000, 0x000002cee03ee800, 0x000002cee0416800,
0x000002cee0417800, 0x000002cee046b000, 0x000002cee0477000, 0x000002cee047b000,
0x000002cee05d5800, 0x000002cee05dd000, 0x000002cee281e000, 0x000002cee07bd800,
0x000002cee118f000, 0x000002cee25c6800, 0x000002cee25c5800, 0x000002cee25c9000,
0x000002cee25cb000, 0x000002cee3e7b000, 0x000002cee7501000, 0x000002cee7503000,
0x000002cee7507800, 0x000002cee7505000, 0x000002cee7501800, 0x000002cee7504000,
0x000002cee7508000, 0x000002cee7505800, 0x000002cee7502800, 0x000002cee750b800,
0x000002cee750e000, 0x000002cee750c000, 0x000002cee7509000, 0x000002cee750e800,
0x000002cee750f800, 0x000002cee750a000, 0x000002cee750a800, 0x000002cee750d000,
0x000002cee3e7c000, 0x000002cee3e7a000, 0x000002cee3e76000, 0x000002cee3e7c800,
0x000002cee3e7d800, 0x000002cee3e78000, 0x000002cee3e81000, 0x000002cee3e81800,
0x000002cee3e83000, 0x000002cee3e84000, 0x000002cee3e80000, 0x000002cee3e82800,
0x000002cee3e7e800, 0x000002cee3e85000, 0x000002cee3e7f000, 0x000002cee25c7000,
0x000002cee25c4800, 0x000002cee25c8000, 0x000002cee25c9800, 0x000002cee25ca800,
0x000002cee07ab800, 0x000002cee07aa000, 0x000002cee07ac800, 0x000002cee07ad000,
0x000002cee07a9000, 0x000002cee07a7800, 0x000002cee07ae000, 0x000002cee07a8800,
0x000002cee07ab000, 0x000002cee2406000, 0x000002cee2407000, 0x000002cee240b000,
0x000002cee2405000, 0x000002cee240c800, 0x000002cee240a000, 0x000002cee240b800,
0x000002cee2407800, 0x000002cee240d800, 0x000002cee240e000, 0x000002cee2408800,
0x000002cee240f000, 0x000002cee2409000, 0x000002cee2410800, 0x000002cee2411800,
0x000002cee2414000, 0x000002cee240f800, 0x000002cee2412000, 0x000002cee2413000,
0x000002cee2c4b000, 0x000002cee2c4d000, 0x000002cee2c49800, 0x000002cee2c50000,
0x000002cee2c4d800, 0x000002cee2c4a800, 0x000002cee2c4e800, 0x000002cee2c4f000,
0x000002cee2c51000, 0x000002cee2c51800, 0x000002cee2c4c000, 0x000002cee2c56800,
0x000002cee2c52800, 0x000002cee2c57800, 0x000002cee2c56000, 0x000002cee2c53800,
0x000002cee2c55000, 0x000002cee2c54000, 0x000002cee2c58000, 0x000002cee0b13000,
0x000002cee0b0f000, 0x000002cee0b10800, 0x000002cee0b12000, 0x000002cee0b0e000,
0x000002cee0b0d000, 0x000002cee0b13800, 0x000002cee0b14800, 0x000002cee0b11000,
0x000002cee0b15800, 0x000002cee0b0f800, 0x000002cee0b1b000, 0x000002cee0b1a000,
0x000002cee0b19800, 0x000002cee0b16000, 0x000002cee0b17000, 0x000002cee0b1c000,
0x000002cee0b18000, 0x000002cee0b18800, 0x000002cee5f40000, 0x000002cee5f3a000,
0x000002cee5f3b000, 0x000002cee5f3f000, 0x000002cee5f40800, 0x000002cee5f3c000,
0x000002cee5f3e000, 0x000002cee5f41800, 0x000002cee5f42800, 0x000002cee5f3c800,
0x000002cee5f49000, 0x000002cee5f45800, 0x000002cee5f47000, 0x000002cee5f46800,
0x000002cee5f48000, 0x000002cee5f43000, 0x000002cee5f45000, 0x000002cee5f44000,
0x000002cee4097800, 0x000002cee4094000, 0x000002cee4096800, 0x000002cee4095800,
0x000002cee4098000, 0x000002cee4095000, 0x000002cee4099000, 0x000002cee4093800,
0x000002cee409c800, 0x000002cee409f800, 0x000002cee409a000, 0x000002cee409e000,
0x000002cee409a800, 0x000002cee409e800, 0x000002cee40a1000, 0x000002cee409b800
}

Java Threads: ( => current thread )
  0x000002cec586c000 JavaThread "main" [_thread_blocked, id=3664, stack(0x000000d992c00000,0x000000d992d00000)]
  0x000002cee03ed000 JavaThread "Reference Handler" daemon [_thread_blocked, id=15680, stack(0x000000d993300000,0x000000d993400000)]
  0x000002cee03ee800 JavaThread "Finalizer" daemon [_thread_blocked, id=15796, stack(0x000000d993400000,0x000000d993500000)]
  0x000002cee0416800 JavaThread "Signal Dispatcher" daemon [_thread_blocked, id=1528, stack(0x000000d993500000,0x000000d993600000)]
  0x000002cee0417800 JavaThread "Attach Listener" daemon [_thread_blocked, id=4564, stack(0x000000d993600000,0x000000d993700000)]
=>0x000002cee046b000 JavaThread "C2 CompilerThread0" daemon [_thread_in_native, id=12924, stack(0x000000d993700000,0x000000d993800000)]
  0x000002cee0477000 JavaThread "C1 CompilerThread0" daemon [_thread_blocked, id=9136, stack(0x000000d993800000,0x000000d993900000)]
  0x000002cee047b000 JavaThread "Sweeper thread" daemon [_thread_blocked, id=5524, stack(0x000000d993900000,0x000000d993a00000)]
  0x000002cee05d5800 JavaThread "Common-Cleaner" daemon [_thread_blocked, id=14740, stack(0x000000d993a00000,0x000000d993b00000)]
  0x000002cee05dd000 JavaThread "Service Thread" daemon [_thread_blocked, id=6884, stack(0x000000d993b00000,0x000000d993c00000)]
  0x000002cee281e000 JavaThread "Daemon health stats" [_thread_blocked, id=15068, stack(0x000000d994400000,0x000000d994500000)]
  0x000002cee07bd800 JavaThread "Incoming local TCP Connector on port 61290" [_thread_in_native, id=14932, stack(0x000000d994500000,0x000000d994600000)]
  0x000002cee118f000 JavaThread "Daemon periodic checks" [_thread_blocked, id=16208, stack(0x000000d994600000,0x000000d994700000)]
  0x000002cee25c6800 JavaThread "Cache worker for file hash cache (D:\Android\.gradle\caches\6.7.1\fileHashes)" [_thread_blocked, id=15768, stack(0x000000d994f00000,0x000000d995000000)]
  0x000002cee25c5800 JavaThread "File lock request listener" [_thread_in_native, id=568, stack(0x000000d995000000,0x000000d995100000)]
  0x000002cee25c9000 JavaThread "Cache worker for journal cache (D:\Android\.gradle\caches\journal-1)" [_thread_blocked, id=2260, stack(0x000000d995500000,0x000000d995600000)]
  0x000002cee25cb000 JavaThread "Cache worker for execution history cache (D:\Android\.gradle\caches\6.7.1\executionHistory)" [_thread_blocked, id=12044, stack(0x000000d995b00000,0x000000d995c00000)]
  0x000002cee3e7b000 JavaThread "Cache worker for file content cache (D:\Android\.gradle\caches\6.7.1\fileContent)" [_thread_blocked, id=14928, stack(0x000000d995d00000,0x000000d995e00000)]
  0x000002cee7501000 JavaThread "Memory manager" [_thread_blocked, id=13120, stack(0x000000d99c700000,0x000000d99c800000)]
  0x000002cee7503000 JavaThread "Daemon Thread 2" [_thread_blocked, id=3504, stack(0x000000d992900000,0x000000d992a00000)]
  0x000002cee7507800 JavaThread "Handler for socket connection from /127.0.0.1:61290 to /127.0.0.1:59197" [_thread_in_native, id=3352, stack(0x000000d992a00000,0x000000d992b00000)]
  0x000002cee7505000 JavaThread "Cancel handler" [_thread_blocked, id=13608, stack(0x000000d992b00000,0x000000d992c00000)]
  0x000002cee7501800 JavaThread "Daemon worker Thread 2" [_thread_blocked, id=16020, stack(0x000000d993d00000,0x000000d993e00000)]
  0x000002cee7504000 JavaThread "Asynchronous log dispatcher for DefaultDaemonConnection: socket connection from /127.0.0.1:61290 to /127.0.0.1:59197" [_thread_blocked, id=8424, stack(0x000000d993e00000,0x000000d993f00000)]
  0x000002cee7508000 JavaThread "Stdin handler" [_thread_blocked, id=620, stack(0x000000d994700000,0x000000d994800000)]
  0x000002cee7505800 JavaThread "Thread-141" [_thread_blocked, id=11288, stack(0x000000d994800000,0x000000d994900000)]
  0x000002cee7502800 JavaThread "Cache worker for file hash cache (D:\User\JupyterBookFiles\Dissertation_code\Android_HAR_app\.gradle\6.7.1\fileHashes)" [_thread_blocked, id=15872, stack(0x000000d994900000,0x000000d994a00000)]
  0x000002cee750b800 JavaThread "Cache worker for checksums cache (D:\User\JupyterBookFiles\Dissertation_code\Android_HAR_app\.gradle\checksums)" [_thread_blocked, id=15536, stack(0x000000d994a00000,0x000000d994b00000)]
  0x000002cee750e000 JavaThread "Cache worker for cache directory md-supplier (D:\Android\.gradle\caches\6.7.1\md-supplier)" [_thread_blocked, id=9668, stack(0x000000d994b00000,0x000000d994c00000)]
  0x000002cee750c000 JavaThread "Cache worker for cache directory md-rule (D:\Android\.gradle\caches\6.7.1\md-rule)" [_thread_blocked, id=15384, stack(0x000000d994c00000,0x000000d994d00000)]
  0x000002cee7509000 JavaThread "Cache worker for Build Output Cleanup Cache (D:\User\JupyterBookFiles\Dissertation_code\Android_HAR_app\.gradle\buildOutputCleanup)" [_thread_blocked, id=11784, stack(0x000000d994e00000,0x000000d994f00000)]
  0x000002cee750e800 JavaThread "Build operations" [_thread_blocked, id=14752, stack(0x000000d995700000,0x000000d995800000)]
  0x000002cee750f800 JavaThread "Build operations Thread 2" [_thread_blocked, id=12748, stack(0x000000d995800000,0x000000d995900000)]
  0x000002cee750a000 JavaThread "Build operations Thread 3" [_thread_blocked, id=16004, stack(0x000000d995900000,0x000000d995a00000)]
  0x000002cee750a800 JavaThread "Build operations Thread 4" [_thread_blocked, id=4924, stack(0x000000d995a00000,0x000000d995b00000)]
  0x000002cee750d000 JavaThread "Build operations Thread 5" [_thread_blocked, id=4072, stack(0x000000d995c00000,0x000000d995d00000)]
  0x000002cee3e7c000 JavaThread "Build operations Thread 6" [_thread_blocked, id=7376, stack(0x000000d995e00000,0x000000d995f00000)]
  0x000002cee3e7a000 JavaThread "Build operations Thread 7" [_thread_blocked, id=8204, stack(0x000000d995f00000,0x000000d996000000)]
  0x000002cee3e76000 JavaThread "Build operations Thread 8" [_thread_blocked, id=12208, stack(0x000000d996000000,0x000000d996100000)]
  0x000002cee3e7c800 JavaThread "jar transforms Thread 98" [_thread_blocked, id=2120, stack(0x000000d996100000,0x000000d996200000)]
  0x000002cee3e7d800 JavaThread "jar transforms Thread 99" [_thread_blocked, id=7068, stack(0x000000d996200000,0x000000d996300000)]
  0x000002cee3e78000 JavaThread "jar transforms Thread 100" [_thread_blocked, id=12592, stack(0x000000d996300000,0x000000d996400000)]
  0x000002cee3e81000 JavaThread "jar transforms Thread 101" [_thread_blocked, id=468, stack(0x000000d996400000,0x000000d996500000)]
  0x000002cee3e81800 JavaThread "jar transforms Thread 102" [_thread_blocked, id=932, stack(0x000000d996500000,0x000000d996600000)]
  0x000002cee3e83000 JavaThread "jar transforms Thread 103" [_thread_blocked, id=11964, stack(0x000000d996600000,0x000000d996700000)]
  0x000002cee3e84000 JavaThread "jar transforms Thread 104" [_thread_blocked, id=5744, stack(0x000000d996700000,0x000000d996800000)]
  0x000002cee3e80000 JavaThread "jar transforms Thread 105" [_thread_blocked, id=9724, stack(0x000000d996800000,0x000000d996900000)]
  0x000002cee3e82800 JavaThread "jar transforms Thread 106" [_thread_blocked, id=1148, stack(0x000000d996900000,0x000000d996a00000)]
  0x000002cee3e7e800 JavaThread "jar transforms Thread 107" [_thread_blocked, id=3252, stack(0x000000d996a00000,0x000000d996b00000)]
  0x000002cee3e85000 JavaThread "jar transforms Thread 108" [_thread_blocked, id=12496, stack(0x000000d996b00000,0x000000d996c00000)]
  0x000002cee3e7f000 JavaThread "jar transforms Thread 109" [_thread_blocked, id=12952, stack(0x000000d996c00000,0x000000d996d00000)]
  0x000002cee25c7000 JavaThread "jar transforms Thread 110" [_thread_blocked, id=5612, stack(0x000000d996d00000,0x000000d996e00000)]
  0x000002cee25c4800 JavaThread "jar transforms Thread 111" [_thread_blocked, id=2912, stack(0x000000d996e00000,0x000000d996f00000)]
  0x000002cee25c8000 JavaThread "jar transforms Thread 112" [_thread_blocked, id=15520, stack(0x000000d996f00000,0x000000d997000000)]
  0x000002cee25c9800 JavaThread "jar transforms Thread 113" [_thread_blocked, id=15412, stack(0x000000d997000000,0x000000d997100000)]
  0x000002cee25ca800 JavaThread "jar transforms Thread 114" [_thread_blocked, id=12056, stack(0x000000d997100000,0x000000d997200000)]
  0x000002cee07ab800 JavaThread "jar transforms Thread 115" [_thread_blocked, id=9672, stack(0x000000d997200000,0x000000d997300000)]
  0x000002cee07aa000 JavaThread "jar transforms Thread 116" [_thread_blocked, id=1712, stack(0x000000d997300000,0x000000d997400000)]
  0x000002cee07ac800 JavaThread "jar transforms Thread 117" [_thread_blocked, id=144, stack(0x000000d997400000,0x000000d997500000)]
  0x000002cee07ad000 JavaThread "jar transforms Thread 118" [_thread_blocked, id=12732, stack(0x000000d997500000,0x000000d997600000)]
  0x000002cee07a9000 JavaThread "jar transforms Thread 119" [_thread_blocked, id=8272, stack(0x000000d997600000,0x000000d997700000)]
  0x000002cee07a7800 JavaThread "jar transforms Thread 120" [_thread_blocked, id=11984, stack(0x000000d997700000,0x000000d997800000)]
  0x000002cee07ae000 JavaThread "jar transforms Thread 121" [_thread_blocked, id=3280, stack(0x000000d997800000,0x000000d997900000)]
  0x000002cee07a8800 JavaThread "jar transforms Thread 122" [_thread_blocked, id=11212, stack(0x000000d997900000,0x000000d997a00000)]
  0x000002cee07ab000 JavaThread "jar transforms Thread 123" [_thread_blocked, id=15616, stack(0x000000d997a00000,0x000000d997b00000)]
  0x000002cee2406000 JavaThread "jar transforms Thread 124" [_thread_blocked, id=14080, stack(0x000000d997b00000,0x000000d997c00000)]
  0x000002cee2407000 JavaThread "jar transforms Thread 125" [_thread_blocked, id=6548, stack(0x000000d997c00000,0x000000d997d00000)]
  0x000002cee240b000 JavaThread "jar transforms Thread 126" [_thread_blocked, id=14812, stack(0x000000d997d00000,0x000000d997e00000)]
  0x000002cee2405000 JavaThread "jar transforms Thread 127" [_thread_blocked, id=13484, stack(0x000000d997e00000,0x000000d997f00000)]
  0x000002cee240c800 JavaThread "jar transforms Thread 128" [_thread_blocked, id=3696, stack(0x000000d997f00000,0x000000d998000000)]
  0x000002cee240a000 JavaThread "jar transforms Thread 129" [_thread_blocked, id=11744, stack(0x000000d998000000,0x000000d998100000)]
  0x000002cee240b800 JavaThread "jar transforms Thread 130" [_thread_blocked, id=13576, stack(0x000000d998100000,0x000000d998200000)]
  0x000002cee2407800 JavaThread "jar transforms Thread 131" [_thread_blocked, id=15012, stack(0x000000d998200000,0x000000d998300000)]
  0x000002cee240d800 JavaThread "jar transforms Thread 132" [_thread_blocked, id=7524, stack(0x000000d998300000,0x000000d998400000)]
  0x000002cee240e000 JavaThread "jar transforms Thread 133" [_thread_blocked, id=12940, stack(0x000000d998400000,0x000000d998500000)]
  0x000002cee2408800 JavaThread "jar transforms Thread 134" [_thread_blocked, id=15424, stack(0x000000d998500000,0x000000d998600000)]
  0x000002cee240f000 JavaThread "jar transforms Thread 135" [_thread_blocked, id=6416, stack(0x000000d998600000,0x000000d998700000)]
  0x000002cee2409000 JavaThread "jar transforms Thread 136" [_thread_blocked, id=16336, stack(0x000000d998700000,0x000000d998800000)]
  0x000002cee2410800 JavaThread "jar transforms Thread 137" [_thread_blocked, id=9132, stack(0x000000d998800000,0x000000d998900000)]
  0x000002cee2411800 JavaThread "jar transforms Thread 138" [_thread_blocked, id=16072, stack(0x000000d998900000,0x000000d998a00000)]
  0x000002cee2414000 JavaThread "jar transforms Thread 139" [_thread_blocked, id=4420, stack(0x000000d998a00000,0x000000d998b00000)]
  0x000002cee240f800 JavaThread "jar transforms Thread 140" [_thread_blocked, id=13988, stack(0x000000d998b00000,0x000000d998c00000)]
  0x000002cee2412000 JavaThread "jar transforms Thread 141" [_thread_blocked, id=6640, stack(0x000000d998c00000,0x000000d998d00000)]
  0x000002cee2413000 JavaThread "jar transforms Thread 142" [_thread_blocked, id=14896, stack(0x000000d998d00000,0x000000d998e00000)]
  0x000002cee2c4b000 JavaThread "jar transforms Thread 143" [_thread_blocked, id=440, stack(0x000000d998e00000,0x000000d998f00000)]
  0x000002cee2c4d000 JavaThread "jar transforms Thread 144" [_thread_blocked, id=7140, stack(0x000000d998f00000,0x000000d999000000)]
  0x000002cee2c49800 JavaThread "jar transforms Thread 145" [_thread_blocked, id=10596, stack(0x000000d999000000,0x000000d999100000)]
  0x000002cee2c50000 JavaThread "jar transforms Thread 146" [_thread_blocked, id=9876, stack(0x000000d999100000,0x000000d999200000)]
  0x000002cee2c4d800 JavaThread "jar transforms Thread 147" [_thread_blocked, id=5036, stack(0x000000d999200000,0x000000d999300000)]
  0x000002cee2c4a800 JavaThread "jar transforms Thread 148" [_thread_blocked, id=6864, stack(0x000000d999300000,0x000000d999400000)]
  0x000002cee2c4e800 JavaThread "jar transforms Thread 149" [_thread_blocked, id=12324, stack(0x000000d999400000,0x000000d999500000)]
  0x000002cee2c4f000 JavaThread "jar transforms Thread 150" [_thread_blocked, id=14644, stack(0x000000d999500000,0x000000d999600000)]
  0x000002cee2c51000 JavaThread "jar transforms Thread 151" [_thread_blocked, id=15780, stack(0x000000d999600000,0x000000d999700000)]
  0x000002cee2c51800 JavaThread "jar transforms Thread 152" [_thread_blocked, id=13248, stack(0x000000d999700000,0x000000d999800000)]
  0x000002cee2c4c000 JavaThread "jar transforms Thread 153" [_thread_blocked, id=5988, stack(0x000000d999800000,0x000000d999900000)]
  0x000002cee2c56800 JavaThread "jar transforms Thread 154" [_thread_blocked, id=3320, stack(0x000000d999900000,0x000000d999a00000)]
  0x000002cee2c52800 JavaThread "jar transforms Thread 155" [_thread_blocked, id=11864, stack(0x000000d999a00000,0x000000d999b00000)]
  0x000002cee2c57800 JavaThread "jar transforms Thread 156" [_thread_blocked, id=424, stack(0x000000d999b00000,0x000000d999c00000)]
  0x000002cee2c56000 JavaThread "jar transforms Thread 157" [_thread_blocked, id=16220, stack(0x000000d999c00000,0x000000d999d00000)]
  0x000002cee2c53800 JavaThread "jar transforms Thread 158" [_thread_blocked, id=5892, stack(0x000000d999d00000,0x000000d999e00000)]
  0x000002cee2c55000 JavaThread "jar transforms Thread 159" [_thread_blocked, id=15672, stack(0x000000d999e00000,0x000000d999f00000)]
  0x000002cee2c54000 JavaThread "jar transforms Thread 160" [_thread_blocked, id=3848, stack(0x000000d999f00000,0x000000d99a000000)]
  0x000002cee2c58000 JavaThread "jar transforms Thread 161" [_thread_blocked, id=8564, stack(0x000000d99a000000,0x000000d99a100000)]
  0x000002cee0b13000 JavaThread "jar transforms Thread 162" [_thread_blocked, id=15380, stack(0x000000d99a100000,0x000000d99a200000)]
  0x000002cee0b0f000 JavaThread "jar transforms Thread 163" [_thread_blocked, id=4300, stack(0x000000d99a200000,0x000000d99a300000)]
  0x000002cee0b10800 JavaThread "jar transforms Thread 164" [_thread_blocked, id=9464, stack(0x000000d99a300000,0x000000d99a400000)]
  0x000002cee0b12000 JavaThread "jar transforms Thread 165" [_thread_blocked, id=6496, stack(0x000000d99a400000,0x000000d99a500000)]
  0x000002cee0b0e000 JavaThread "jar transforms Thread 166" [_thread_blocked, id=10992, stack(0x000000d99a500000,0x000000d99a600000)]
  0x000002cee0b0d000 JavaThread "jar transforms Thread 167" [_thread_blocked, id=4752, stack(0x000000d99a600000,0x000000d99a700000)]
  0x000002cee0b13800 JavaThread "jar transforms Thread 168" [_thread_blocked, id=6472, stack(0x000000d99a700000,0x000000d99a800000)]
  0x000002cee0b14800 JavaThread "jar transforms Thread 169" [_thread_blocked, id=11936, stack(0x000000d99a800000,0x000000d99a900000)]
  0x000002cee0b11000 JavaThread "jar transforms Thread 170" [_thread_blocked, id=14016, stack(0x000000d99a900000,0x000000d99aa00000)]
  0x000002cee0b15800 JavaThread "jar transforms Thread 171" [_thread_blocked, id=5444, stack(0x000000d99aa00000,0x000000d99ab00000)]
  0x000002cee0b0f800 JavaThread "jar transforms Thread 172" [_thread_blocked, id=4556, stack(0x000000d99ab00000,0x000000d99ac00000)]
  0x000002cee0b1b000 JavaThread "jar transforms Thread 173" [_thread_blocked, id=9676, stack(0x000000d99ac00000,0x000000d99ad00000)]
  0x000002cee0b1a000 JavaThread "jar transforms Thread 174" [_thread_blocked, id=5604, stack(0x000000d99ad00000,0x000000d99ae00000)]
  0x000002cee0b19800 JavaThread "jar transforms Thread 175" [_thread_blocked, id=12048, stack(0x000000d99ae00000,0x000000d99af00000)]
  0x000002cee0b16000 JavaThread "jar transforms Thread 176" [_thread_blocked, id=2232, stack(0x000000d99af00000,0x000000d99b000000)]
  0x000002cee0b17000 JavaThread "jar transforms Thread 177" [_thread_blocked, id=1220, stack(0x000000d99b000000,0x000000d99b100000)]
  0x000002cee0b1c000 JavaThread "jar transforms Thread 178" [_thread_blocked, id=12344, stack(0x000000d99b100000,0x000000d99b200000)]
  0x000002cee0b18000 JavaThread "jar transforms Thread 179" [_thread_blocked, id=13192, stack(0x000000d99b200000,0x000000d99b300000)]
  0x000002cee0b18800 JavaThread "jar transforms Thread 180" [_thread_blocked, id=6312, stack(0x000000d99b300000,0x000000d99b400000)]
  0x000002cee5f40000 JavaThread "jar transforms Thread 181" [_thread_blocked, id=11624, stack(0x000000d99b400000,0x000000d99b500000)]
  0x000002cee5f3a000 JavaThread "jar transforms Thread 182" [_thread_blocked, id=16284, stack(0x000000d99b500000,0x000000d99b600000)]
  0x000002cee5f3b000 JavaThread "jar transforms Thread 183" [_thread_blocked, id=3132, stack(0x000000d99b600000,0x000000d99b700000)]
  0x000002cee5f3f000 JavaThread "jar transforms Thread 184" [_thread_blocked, id=7964, stack(0x000000d99b700000,0x000000d99b800000)]
  0x000002cee5f40800 JavaThread "jar transforms Thread 185" [_thread_blocked, id=16288, stack(0x000000d99b800000,0x000000d99b900000)]
  0x000002cee5f3c000 JavaThread "jar transforms Thread 186" [_thread_blocked, id=3160, stack(0x000000d99b900000,0x000000d99ba00000)]
  0x000002cee5f3e000 JavaThread "jar transforms Thread 187" [_thread_blocked, id=2224, stack(0x000000d99ba00000,0x000000d99bb00000)]
  0x000002cee5f41800 JavaThread "jar transforms Thread 188" [_thread_blocked, id=16228, stack(0x000000d99bb00000,0x000000d99bc00000)]
  0x000002cee5f42800 JavaThread "jar transforms Thread 189" [_thread_blocked, id=9444, stack(0x000000d99bc00000,0x000000d99bd00000)]
  0x000002cee5f3c800 JavaThread "jar transforms Thread 190" [_thread_blocked, id=4860, stack(0x000000d99bd00000,0x000000d99be00000)]
  0x000002cee5f49000 JavaThread "jar transforms Thread 191" [_thread_blocked, id=2600, stack(0x000000d99be00000,0x000000d99bf00000)]
  0x000002cee5f45800 JavaThread "jar transforms Thread 192" [_thread_blocked, id=9924, stack(0x000000d99bf00000,0x000000d99c000000)]
  0x000002cee5f47000 JavaThread "jar transforms Thread 193" [_thread_blocked, id=12024, stack(0x000000d99c000000,0x000000d99c100000)]
  0x000002cee5f46800 JavaThread "jar transforms Thread 194" [_thread_blocked, id=2144, stack(0x000000d99c100000,0x000000d99c200000)]
  0x000002cee5f48000 JavaThread "build event listener" [_thread_blocked, id=12564, stack(0x000000d99c200000,0x000000d99c300000)]
  0x000002cee5f43000 JavaThread "build event listener" [_thread_blocked, id=6136, stack(0x000000d99c300000,0x000000d99c400000)]
  0x000002cee5f45000 JavaThread "Execution worker for ':'" [_thread_blocked, id=8852, stack(0x000000d99c400000,0x000000d99c500000)]
  0x000002cee5f44000 JavaThread "Execution worker for ':' Thread 2" [_thread_blocked, id=15844, stack(0x000000d99c500000,0x000000d99c600000)]
  0x000002cee4097800 JavaThread "Execution worker for ':' Thread 3" [_thread_blocked, id=6452, stack(0x000000d99c600000,0x000000d99c700000)]
  0x000002cee4094000 JavaThread "Execution worker for ':' Thread 4" [_thread_blocked, id=12432, stack(0x000000d99c900000,0x000000d99ca00000)]
  0x000002cee4096800 JavaThread "Execution worker for ':' Thread 5" [_thread_blocked, id=14252, stack(0x000000d99ca00000,0x000000d99cb00000)]
  0x000002cee4095800 JavaThread "Execution worker for ':' Thread 6" [_thread_blocked, id=16180, stack(0x000000d99cb00000,0x000000d99cc00000)]
  0x000002cee4098000 JavaThread "Execution worker for ':' Thread 7" [_thread_blocked, id=8028, stack(0x000000d99cc00000,0x000000d99cd00000)]
  0x000002cee4095000 JavaThread "Cache worker for execution history cache (D:\User\JupyterBookFiles\Dissertation_code\Android_HAR_app\.gradle\6.7.1\executionHistory)" [_thread_blocked, id=11796, stack(0x000000d99cd00000,0x000000d99ce00000)]
  0x000002cee4099000 JavaThread "Cache worker for Java compile cache (D:\Android\.gradle\caches\6.7.1\javaCompile)" [_thread_blocked, id=12336, stack(0x000000d99ce00000,0x000000d99cf00000)]
  0x000002cee4093800 JavaThread "Cache worker for Java compile cache (D:\User\JupyterBookFiles\Dissertation_code\Android_HAR_app\.gradle\6.7.1\javaCompile)" [_thread_blocked, id=9928, stack(0x000000d99cf00000,0x000000d99d000000)]
  0x000002cee409c800 JavaThread "WorkerExecutor Queue" [_thread_blocked, id=13948, stack(0x000000d99d000000,0x000000d99d100000)]
  0x000002cee409f800 JavaThread "WorkerExecutor Queue Thread 2" [_thread_blocked, id=11824, stack(0x000000d99d100000,0x000000d99d200000)]
  0x000002cee409a000 JavaThread "WorkerExecutor Queue Thread 3" [_thread_blocked, id=16016, stack(0x000000d99d200000,0x000000d99d300000)]
  0x000002cee409e000 JavaThread "WorkerExecutor Queue Thread 4" [_thread_blocked, id=15888, stack(0x000000d99d300000,0x000000d99d400000)]
  0x000002cee409a800 JavaThread "WorkerExecutor Queue Thread 5" [_thread_blocked, id=9224, stack(0x000000d99d400000,0x000000d99d500000)]
  0x000002cee409e800 JavaThread "WorkerExecutor Queue Thread 6" [_thread_blocked, id=600, stack(0x000000d99d500000,0x000000d99d600000)]
  0x000002cee40a1000 JavaThread "WorkerExecutor Queue Thread 8" [_thread_in_Java, id=12560, stack(0x000000d99d700000,0x000000d99d800000)]
  0x000002cee409b800 JavaThread "WorkerExecutor Queue Thread 9" [_thread_blocked, id=15488, stack(0x000000d99d800000,0x000000d99d900000)]

Other Threads:
  0x000002cee03e8800 VMThread "VM Thread" [stack: 0x000000d993200000,0x000000d993300000] [id=13116]
  0x000002cee05ef800 WatcherThread [stack: 0x000000d993c00000,0x000000d993d00000] [id=15732]
  0x000002cec5884000 GCTaskThread "GC Thread#0" [stack: 0x000000d992d00000,0x000000d992e00000] [id=4696]
  0x000002cee12ef800 GCTaskThread "GC Thread#1" [stack: 0x000000d993f00000,0x000000d994000000] [id=13256]
  0x000002cee0bc5800 GCTaskThread "GC Thread#2" [stack: 0x000000d994000000,0x000000d994100000] [id=16128]
  0x000002cee10ec800 GCTaskThread "GC Thread#3" [stack: 0x000000d994100000,0x000000d994200000] [id=4428]
  0x000002cee1016800 GCTaskThread "GC Thread#4" [stack: 0x000000d994200000,0x000000d994300000] [id=11468]
  0x000002cee1017000 GCTaskThread "GC Thread#5" [stack: 0x000000d994300000,0x000000d994400000] [id=13784]
  0x000002cee2c77800 GCTaskThread "GC Thread#6" [stack: 0x000000d995100000,0x000000d995200000] [id=10560]
  0x000002cee2a4a800 GCTaskThread "GC Thread#7" [stack: 0x000000d995200000,0x000000d995300000] [id=14712]
  0x000002cec58b3800 ConcurrentGCThread "G1 Main Marker" [stack: 0x000000d992e00000,0x000000d992f00000] [id=6668]
  0x000002cec58b5000 ConcurrentGCThread "G1 Conc#0" [stack: 0x000000d992f00000,0x000000d993000000] [id=15996]
  0x000002cee1160800 ConcurrentGCThread "G1 Conc#1" [stack: 0x000000d995400000,0x000000d995500000] [id=15256]
  0x000002cec594e800 ConcurrentGCThread "G1 Refine#0" [stack: 0x000000d993000000,0x000000d993100000] [id=4344]
  0x000002cee2266000 ConcurrentGCThread "G1 Refine#1" [stack: 0x000000d995300000,0x000000d995400000] [id=9604]
  0x000002cee9d61000 ConcurrentGCThread "G1 Refine#2" [stack: 0x000000d99c800000,0x000000d99c900000] [id=9040]
  0x000002cee9fb6800 ConcurrentGCThread "G1 Refine#3" [stack: 0x000000d99e000000,0x000000d99e100000] [id=11856]
  0x000002cee59d2800 ConcurrentGCThread "G1 Refine#4" [stack: 0x000000d99e100000,0x000000d99e200000] [id=3656]
  0x000002cee1415000 ConcurrentGCThread "G1 Refine#5" [stack: 0x000000d99e200000,0x000000d99e300000] [id=14168]
  0x000002cee3b51800 ConcurrentGCThread "G1 Refine#6" [stack: 0x000000d99e300000,0x000000d99e400000] [id=4592]
  0x000002ceeb5f3000 ConcurrentGCThread "G1 Refine#7" [stack: 0x000000d99e400000,0x000000d99e500000] [id=15908]
  0x000002cedfa38800 ConcurrentGCThread "G1 Young RemSet Sampling" [stack: 0x000000d993100000,0x000000d993200000] [id=13652]

Threads with active compile tasks:
C2 CompilerThread02483525 15068 %     4       org.gradle.internal.instantiation.generator.AbstractClassGenerator::inspectType @ 250 (560 bytes)

VM state:not at safepoint (normal execution)

VM Mutex/Monitor currently owned by a thread: None

Heap address: 0x0000000080000000, size: 2048 MB, Compressed Oops mode: 32-bit
Narrow klass base: 0x0000000000000000, Narrow klass shift: 3
Compressed class space size: 1073741824 Address: 0x0000000100000000

Heap:
 garbage-first heap   total 285696K, used 211791K [0x0000000080000000, 0x0000000100000000)
  region size 1024K, 36 young (36864K), 1 survivors (1024K)
 Metaspace       used 105108K, capacity 107552K, committed 107940K, reserved 1142784K
  class space    used 13346K, capacity 14230K, committed 14336K, reserved 1048576K
Heap Regions: E=young(eden), S=young(survivor), O=old, HS=humongous(starts), HC=humongous(continues), CS=collection set, F=free, A=archive, TAMS=top-at-mark-start (previous, next)
|   0|0x0000000080000000, 0x0000000080100000, 0x0000000080100000|100%| O|  |TAMS 0x0000000080100000, 0x0000000080000000| Untracked 
|   1|0x0000000080100000, 0x0000000080200000, 0x0000000080200000|100%| O|  |TAMS 0x0000000080200000, 0x0000000080100000| Untracked 
|   2|0x0000000080200000, 0x0000000080300000, 0x0000000080300000|100%| O|  |TAMS 0x0000000080300000, 0x0000000080200000| Untracked 
|   3|0x0000000080300000, 0x0000000080400000, 0x0000000080400000|100%|HS|  |TAMS 0x0000000080400000, 0x0000000080300000| Complete 
|   4|0x0000000080400000, 0x0000000080500000, 0x0000000080500000|100%|HC|  |TAMS 0x0000000080500000, 0x0000000080400000| Complete 
|   5|0x0000000080500000, 0x0000000080600000, 0x0000000080600000|100%|HC|  |TAMS 0x0000000080600000, 0x0000000080500000| Complete 
|   6|0x0000000080600000, 0x0000000080700000, 0x0000000080700000|100%| O|  |TAMS 0x0000000080700000, 0x0000000080600000| Untracked 
|   7|0x0000000080700000, 0x0000000080800000, 0x0000000080800000|100%| O|  |TAMS 0x0000000080800000, 0x0000000080700000| Untracked 
|   8|0x0000000080800000, 0x0000000080900000, 0x0000000080900000|100%| O|  |TAMS 0x0000000080900000, 0x0000000080800000| Untracked 
|   9|0x0000000080900000, 0x0000000080a00000, 0x0000000080a00000|100%| O|  |TAMS 0x0000000080a00000, 0x0000000080900000| Untracked 
|  10|0x0000000080a00000, 0x0000000080b00000, 0x0000000080b00000|100%| O|  |TAMS 0x0000000080b00000, 0x0000000080a00000| Untracked 
|  11|0x0000000080b00000, 0x0000000080c00000, 0x0000000080c00000|100%| O|  |TAMS 0x0000000080c00000, 0x0000000080b00000| Untracked 
|  12|0x0000000080c00000, 0x0000000080d00000, 0x0000000080d00000|100%| O|  |TAMS 0x0000000080d00000, 0x0000000080c00000| Untracked 
|  13|0x0000000080d00000, 0x0000000080e00000, 0x0000000080e00000|100%| O|  |TAMS 0x0000000080e00000, 0x0000000080d00000| Untracked 
|  14|0x0000000080e00000, 0x0000000080f00000, 0x0000000080f00000|100%| O|  |TAMS 0x0000000080f00000, 0x0000000080e00000| Untracked 
|  15|0x0000000080f00000, 0x0000000081000000, 0x0000000081000000|100%| O|  |TAMS 0x0000000081000000, 0x0000000080f00000| Untracked 
|  16|0x0000000081000000, 0x0000000081100000, 0x0000000081100000|100%|HS|  |TAMS 0x0000000081100000, 0x0000000081000000| Complete 
|  17|0x0000000081100000, 0x0000000081200000, 0x0000000081200000|100%|HS|  |TAMS 0x0000000081200000, 0x0000000081100000| Complete 
|  18|0x0000000081200000, 0x0000000081300000, 0x0000000081300000|100%|HC|  |TAMS 0x0000000081300000, 0x0000000081200000| Complete 
|  19|0x0000000081300000, 0x0000000081400000, 0x0000000081400000|100%| O|  |TAMS 0x0000000081400000, 0x0000000081300000| Untracked 
|  20|0x0000000081400000, 0x0000000081500000, 0x0000000081500000|100%| O|  |TAMS 0x0000000081500000, 0x0000000081400000| Untracked 
|  21|0x0000000081500000, 0x0000000081600000, 0x0000000081600000|100%| O|  |TAMS 0x0000000081600000, 0x0000000081500000| Untracked 
|  22|0x0000000081600000, 0x0000000081700000, 0x0000000081700000|100%| O|  |TAMS 0x0000000081600000, 0x0000000081600000| Untracked 
|  23|0x0000000081700000, 0x0000000081800000, 0x0000000081800000|100%| O|  |TAMS 0x0000000081800000, 0x0000000081700000| Untracked 
|  24|0x0000000081800000, 0x0000000081900000, 0x0000000081900000|100%| O|  |TAMS 0x0000000081900000, 0x0000000081800000| Untracked 
|  25|0x0000000081900000, 0x0000000081a00000, 0x0000000081a00000|100%| O|  |TAMS 0x0000000081a00000, 0x0000000081900000| Untracked 
|  26|0x0000000081a00000, 0x0000000081b00000, 0x0000000081b00000|100%| O|  |TAMS 0x0000000081b00000, 0x0000000081a00000| Untracked 
|  27|0x0000000081b00000, 0x0000000081c00000, 0x0000000081c00000|100%| O|  |TAMS 0x0000000081c00000, 0x0000000081b00000| Untracked 
|  28|0x0000000081c00000, 0x0000000081d00000, 0x0000000081d00000|100%| O|  |TAMS 0x0000000081d00000, 0x0000000081c00000| Untracked 
|  29|0x0000000081d00000, 0x0000000081e00000, 0x0000000081e00000|100%| O|  |TAMS 0x0000000081e00000, 0x0000000081d00000| Untracked 
|  30|0x0000000081e00000, 0x0000000081f00000, 0x0000000081f00000|100%| O|  |TAMS 0x0000000081f00000, 0x0000000081e00000| Untracked 
|  31|0x0000000081f00000, 0x0000000082000000, 0x0000000082000000|100%| O|  |TAMS 0x0000000082000000, 0x0000000081f00000| Untracked 
|  32|0x0000000082000000, 0x0000000082100000, 0x0000000082100000|100%| O|  |TAMS 0x0000000082100000, 0x0000000082000000| Untracked 
|  33|0x0000000082100000, 0x0000000082200000, 0x0000000082200000|100%| O|  |TAMS 0x0000000082200000, 0x0000000082100000| Untracked 
|  34|0x0000000082200000, 0x0000000082300000, 0x0000000082300000|100%| O|  |TAMS 0x0000000082300000, 0x0000000082200000| Untracked 
|  35|0x0000000082300000, 0x0000000082300000, 0x0000000082400000|  0%| F|  |TAMS 0x0000000082300000, 0x0000000082300000| Untracked 
|  36|0x0000000082400000, 0x0000000082500000, 0x0000000082500000|100%| O|  |TAMS 0x0000000082500000, 0x0000000082400000| Untracked 
|  37|0x0000000082500000, 0x0000000082600000, 0x0000000082600000|100%| O|  |TAMS 0x0000000082600000, 0x0000000082500000| Untracked 
|  38|0x0000000082600000, 0x0000000082700000, 0x0000000082700000|100%| O|  |TAMS 0x0000000082700000, 0x0000000082600000| Untracked 
|  39|0x0000000082700000, 0x0000000082800000, 0x0000000082800000|100%| O|  |TAMS 0x0000000082800000, 0x0000000082700000| Untracked 
|  40|0x0000000082800000, 0x0000000082900000, 0x0000000082900000|100%| O|  |TAMS 0x0000000082900000, 0x0000000082800000| Untracked 
|  41|0x0000000082900000, 0x0000000082a00000, 0x0000000082a00000|100%| O|  |TAMS 0x0000000082a00000, 0x0000000082900000| Untracked 
|  42|0x0000000082a00000, 0x0000000082b00000, 0x0000000082b00000|100%| O|  |TAMS 0x0000000082b00000, 0x0000000082a00000| Untracked 
|  43|0x0000000082b00000, 0x0000000082c00000, 0x0000000082c00000|100%| O|  |TAMS 0x0000000082c00000, 0x0000000082b00000| Untracked 
|  44|0x0000000082c00000, 0x0000000082d00000, 0x0000000082d00000|100%| O|  |TAMS 0x0000000082d00000, 0x0000000082c00000| Untracked 
|  45|0x0000000082d00000, 0x0000000082d00000, 0x0000000082e00000|  0%| F|  |TAMS 0x0000000082d00000, 0x0000000082d00000| Untracked 
|  46|0x0000000082e00000, 0x0000000082f00000, 0x0000000082f00000|100%|HS|  |TAMS 0x0000000082f00000, 0x0000000082e00000| Complete 
|  47|0x0000000082f00000, 0x0000000082f00000, 0x0000000083000000|  0%| F|  |TAMS 0x0000000082f00000, 0x0000000082f00000| Untracked 
|  48|0x0000000083000000, 0x0000000083000000, 0x0000000083100000|  0%| F|  |TAMS 0x0000000083000000, 0x0000000083000000| Untracked 
|  49|0x0000000083100000, 0x0000000083200000, 0x0000000083200000|100%| O|  |TAMS 0x0000000083165600, 0x0000000083100000| Untracked 
|  50|0x0000000083200000, 0x0000000083300000, 0x0000000083300000|100%|HS|  |TAMS 0x0000000083300000, 0x0000000083200000| Complete 
|  51|0x0000000083300000, 0x0000000083400000, 0x0000000083400000|100%|HS|  |TAMS 0x0000000083400000, 0x0000000083300000| Complete 
|  52|0x0000000083400000, 0x0000000083500000, 0x0000000083500000|100%| O|  |TAMS 0x0000000083500000, 0x0000000083400000| Untracked 
|  53|0x0000000083500000, 0x0000000083600000, 0x0000000083600000|100%| O|  |TAMS 0x0000000083600000, 0x0000000083500000| Untracked 
|  54|0x0000000083600000, 0x0000000083700000, 0x0000000083700000|100%| O|  |TAMS 0x0000000083700000, 0x0000000083600000| Untracked 
|  55|0x0000000083700000, 0x0000000083800000, 0x0000000083800000|100%| O|  |TAMS 0x0000000083800000, 0x0000000083700000| Untracked 
|  56|0x0000000083800000, 0x0000000083900000, 0x0000000083900000|100%| O|  |TAMS 0x0000000083900000, 0x0000000083800000| Untracked 
|  57|0x0000000083900000, 0x0000000083a00000, 0x0000000083a00000|100%| O|  |TAMS 0x0000000083a00000, 0x0000000083900000| Untracked 
|  58|0x0000000083a00000, 0x0000000083b00000, 0x0000000083b00000|100%| O|  |TAMS 0x0000000083b00000, 0x0000000083a00000| Untracked 
|  59|0x0000000083b00000, 0x0000000083c00000, 0x0000000083c00000|100%| O|  |TAMS 0x0000000083c00000, 0x0000000083b00000| Untracked 
|  60|0x0000000083c00000, 0x0000000083d00000, 0x0000000083d00000|100%| O|  |TAMS 0x0000000083d00000, 0x0000000083c00000| Untracked 
|  61|0x0000000083d00000, 0x0000000083e00000, 0x0000000083e00000|100%| O|  |TAMS 0x0000000083e00000, 0x0000000083d00000| Untracked 
|  62|0x0000000083e00000, 0x0000000083f00000, 0x0000000083f00000|100%| O|  |TAMS 0x0000000083f00000, 0x0000000083e00000| Untracked 
|  63|0x0000000083f00000, 0x0000000084000000, 0x0000000084000000|100%| O|  |TAMS 0x0000000084000000, 0x0000000083f00000| Untracked 
|  64|0x0000000084000000, 0x0000000084100000, 0x0000000084100000|100%| O|  |TAMS 0x0000000084100000, 0x0000000084000000| Untracked 
|  65|0x0000000084100000, 0x0000000084200000, 0x0000000084200000|100%| O|  |TAMS 0x0000000084200000, 0x0000000084100000| Untracked 
|  66|0x0000000084200000, 0x0000000084300000, 0x0000000084300000|100%| O|  |TAMS 0x0000000084300000, 0x0000000084200000| Untracked 
|  67|0x0000000084300000, 0x0000000084400000, 0x0000000084400000|100%|HS|  |TAMS 0x0000000084400000, 0x0000000084300000| Complete 
|  68|0x0000000084400000, 0x0000000084500000, 0x0000000084500000|100%|HC|  |TAMS 0x0000000084500000, 0x0000000084400000| Complete 
|  69|0x0000000084500000, 0x0000000084600000, 0x0000000084600000|100%|HC|  |TAMS 0x0000000084600000, 0x0000000084500000| Complete 
|  70|0x0000000084600000, 0x0000000084700000, 0x0000000084700000|100%|HC|  |TAMS 0x0000000084700000, 0x0000000084600000| Complete 
|  71|0x0000000084700000, 0x0000000084800000, 0x0000000084800000|100%|HC|  |TAMS 0x0000000084800000, 0x0000000084700000| Complete 
|  72|0x0000000084800000, 0x0000000084900000, 0x0000000084900000|100%|HC|  |TAMS 0x0000000084900000, 0x0000000084800000| Complete 
|  73|0x0000000084900000, 0x0000000084a00000, 0x0000000084a00000|100%|HC|  |TAMS 0x0000000084a00000, 0x0000000084900000| Complete 
|  74|0x0000000084a00000, 0x0000000084b00000, 0x0000000084b00000|100%| O|  |TAMS 0x0000000084b00000, 0x0000000084a00000| Untracked 
|  75|0x0000000084b00000, 0x0000000084c00000, 0x0000000084c00000|100%| O|  |TAMS 0x0000000084c00000, 0x0000000084b00000| Untracked 
|  76|0x0000000084c00000, 0x0000000084d00000, 0x0000000084d00000|100%| O|  |TAMS 0x0000000084d00000, 0x0000000084c00000| Untracked 
|  77|0x0000000084d00000, 0x0000000084e00000, 0x0000000084e00000|100%| O|  |TAMS 0x0000000084e00000, 0x0000000084d00000| Untracked 
|  78|0x0000000084e00000, 0x0000000084f00000, 0x0000000084f00000|100%| O|  |TAMS 0x0000000084f00000, 0x0000000084e00000| Untracked 
|  79|0x0000000084f00000, 0x0000000085000000, 0x0000000085000000|100%| O|  |TAMS 0x0000000085000000, 0x0000000084f00000| Untracked 
|  80|0x0000000085000000, 0x0000000085100000, 0x0000000085100000|100%| O|  |TAMS 0x0000000085100000, 0x0000000085000000| Untracked 
|  81|0x0000000085100000, 0x0000000085200000, 0x0000000085200000|100%| O|  |TAMS 0x0000000085200000, 0x0000000085100000| Untracked 
|  82|0x0000000085200000, 0x0000000085300000, 0x0000000085300000|100%| O|  |TAMS 0x0000000085300000, 0x0000000085200000| Untracked 
|  83|0x0000000085300000, 0x0000000085300000, 0x0000000085400000|  0%| F|  |TAMS 0x0000000085300000, 0x0000000085300000| Untracked 
|  84|0x0000000085400000, 0x0000000085400000, 0x0000000085500000|  0%| F|  |TAMS 0x0000000085400000, 0x0000000085400000| Untracked 
|  85|0x0000000085500000, 0x0000000085600000, 0x0000000085600000|100%| O|  |TAMS 0x0000000085500000, 0x0000000085500000| Untracked 
|  86|0x0000000085600000, 0x0000000085600000, 0x0000000085700000|  0%| F|  |TAMS 0x0000000085600000, 0x0000000085600000| Untracked 
|  87|0x0000000085700000, 0x0000000085800000, 0x0000000085800000|100%|HS|  |TAMS 0x0000000085700000, 0x0000000085700000| Complete 
|  88|0x0000000085800000, 0x0000000085900000, 0x0000000085900000|100%| O|  |TAMS 0x0000000085900000, 0x0000000085800000| Untracked 
|  89|0x0000000085900000, 0x0000000085a00000, 0x0000000085a00000|100%|HS|  |TAMS 0x0000000085a00000, 0x0000000085900000| Complete 
|  90|0x0000000085a00000, 0x0000000085b00000, 0x0000000085b00000|100%| O|  |TAMS 0x0000000085b00000, 0x0000000085a00000| Untracked 
|  91|0x0000000085b00000, 0x0000000085c00000, 0x0000000085c00000|100%| O|  |TAMS 0x0000000085c00000, 0x0000000085b00000| Untracked 
|  92|0x0000000085c00000, 0x0000000085d00000, 0x0000000085d00000|100%| O|  |TAMS 0x0000000085d00000, 0x0000000085c00000| Untracked 
|  93|0x0000000085d00000, 0x0000000085e00000, 0x0000000085e00000|100%| O|  |TAMS 0x0000000085e00000, 0x0000000085d00000| Untracked 
|  94|0x0000000085e00000, 0x0000000085f00000, 0x0000000085f00000|100%| O|  |TAMS 0x0000000085f00000, 0x0000000085e00000| Untracked 
|  95|0x0000000085f00000, 0x0000000086000000, 0x0000000086000000|100%| O|  |TAMS 0x0000000086000000, 0x0000000085f00000| Untracked 
|  96|0x0000000086000000, 0x0000000086100000, 0x0000000086100000|100%|HS|  |TAMS 0x0000000086100000, 0x0000000086000000| Complete 
|  97|0x0000000086100000, 0x0000000086200000, 0x0000000086200000|100%|HC|  |TAMS 0x0000000086200000, 0x0000000086100000| Complete 
|  98|0x0000000086200000, 0x0000000086300000, 0x0000000086300000|100%|HS|  |TAMS 0x0000000086300000, 0x0000000086200000| Complete 
|  99|0x0000000086300000, 0x0000000086400000, 0x0000000086400000|100%| O|  |TAMS 0x0000000086400000, 0x0000000086300000| Untracked 
| 100|0x0000000086400000, 0x0000000086500000, 0x0000000086500000|100%| O|  |TAMS 0x0000000086500000, 0x0000000086400000| Untracked 
| 101|0x0000000086500000, 0x0000000086600000, 0x0000000086600000|100%| O|  |TAMS 0x0000000086600000, 0x0000000086500000| Untracked 
| 102|0x0000000086600000, 0x0000000086700000, 0x0000000086700000|100%| O|  |TAMS 0x0000000086700000, 0x0000000086600000| Untracked 
| 103|0x0000000086700000, 0x0000000086800000, 0x0000000086800000|100%|HS|  |TAMS 0x0000000086800000, 0x0000000086700000| Complete 
| 104|0x0000000086800000, 0x0000000086900000, 0x0000000086900000|100%| O|  |TAMS 0x0000000086800000, 0x0000000086800000| Untracked 
| 105|0x0000000086900000, 0x0000000086a00000, 0x0000000086a00000|100%|HS|  |TAMS 0x0000000086a00000, 0x0000000086900000| Complete 
| 106|0x0000000086a00000, 0x0000000086a00000, 0x0000000086b00000|  0%| F|  |TAMS 0x0000000086a00000, 0x0000000086a00000| Untracked 
| 107|0x0000000086b00000, 0x0000000086c00000, 0x0000000086c00000|100%|HS|  |TAMS 0x0000000086c00000, 0x0000000086b00000| Complete 
| 108|0x0000000086c00000, 0x0000000086d00000, 0x0000000086d00000|100%|HS|  |TAMS 0x0000000086d00000, 0x0000000086c00000| Complete 
| 109|0x0000000086d00000, 0x0000000086e00000, 0x0000000086e00000|100%|HS|  |TAMS 0x0000000086e00000, 0x0000000086d00000| Complete 
| 110|0x0000000086e00000, 0x0000000086f00000, 0x0000000086f00000|100%|HC|  |TAMS 0x0000000086f00000, 0x0000000086e00000| Complete 
| 111|0x0000000086f00000, 0x0000000086f00000, 0x0000000087000000|  0%| F|  |TAMS 0x0000000086f00000, 0x0000000086f00000| Untracked 
| 112|0x0000000087000000, 0x0000000087100000, 0x0000000087100000|100%| O|  |TAMS 0x0000000087100000, 0x0000000087000000| Untracked 
| 113|0x0000000087100000, 0x0000000087200000, 0x0000000087200000|100%| O|  |TAMS 0x0000000087200000, 0x0000000087100000| Untracked 
| 114|0x0000000087200000, 0x0000000087300000, 0x0000000087300000|100%| O|  |TAMS 0x0000000087300000, 0x0000000087200000| Untracked 
| 115|0x0000000087300000, 0x0000000087400000, 0x0000000087400000|100%| O|  |TAMS 0x0000000087400000, 0x0000000087300000| Untracked 
| 116|0x0000000087400000, 0x0000000087500000, 0x0000000087500000|100%| O|  |TAMS 0x0000000087500000, 0x0000000087400000| Untracked 
| 117|0x0000000087500000, 0x0000000087600000, 0x0000000087600000|100%| O|  |TAMS 0x0000000087600000, 0x0000000087500000| Untracked 
| 118|0x0000000087600000, 0x0000000087700000, 0x0000000087700000|100%| O|  |TAMS 0x0000000087700000, 0x0000000087600000| Untracked 
| 119|0x0000000087700000, 0x0000000087800000, 0x0000000087800000|100%| O|  |TAMS 0x0000000087800000, 0x0000000087700000| Untracked 
| 120|0x0000000087800000, 0x0000000087900000, 0x0000000087900000|100%| O|  |TAMS 0x0000000087900000, 0x0000000087800000| Untracked 
| 121|0x0000000087900000, 0x0000000087a00000, 0x0000000087a00000|100%| O|  |TAMS 0x0000000087a00000, 0x0000000087900000| Untracked 
| 122|0x0000000087a00000, 0x0000000087b00000, 0x0000000087b00000|100%| O|  |TAMS 0x0000000087b00000, 0x0000000087a00000| Untracked 
| 123|0x0000000087b00000, 0x0000000087c00000, 0x0000000087c00000|100%| O|  |TAMS 0x0000000087c00000, 0x0000000087b00000| Untracked 
| 124|0x0000000087c00000, 0x0000000087d00000, 0x0000000087d00000|100%| O|  |TAMS 0x0000000087d00000, 0x0000000087c00000| Untracked 
| 125|0x0000000087d00000, 0x0000000087e00000, 0x0000000087e00000|100%| O|  |TAMS 0x0000000087e00000, 0x0000000087d00000| Untracked 
| 126|0x0000000087e00000, 0x0000000087f00000, 0x0000000087f00000|100%| O|  |TAMS 0x0000000087f00000, 0x0000000087e00000| Untracked 
| 127|0x0000000087f00000, 0x0000000088000000, 0x0000000088000000|100%| O|  |TAMS 0x0000000088000000, 0x0000000087f00000| Untracked 
| 128|0x0000000088000000, 0x0000000088100000, 0x0000000088100000|100%| O|  |TAMS 0x0000000088100000, 0x0000000088000000| Untracked 
| 129|0x0000000088100000, 0x0000000088200000, 0x0000000088200000|100%| O|  |TAMS 0x0000000088200000, 0x0000000088100000| Untracked 
| 130|0x0000000088200000, 0x0000000088200000, 0x0000000088300000|  0%| F|  |TAMS 0x0000000088200000, 0x0000000088200000| Untracked 
| 131|0x0000000088300000, 0x0000000088400000, 0x0000000088400000|100%|HS|  |TAMS 0x0000000088400000, 0x0000000088300000| Complete 
| 132|0x0000000088400000, 0x0000000088500000, 0x0000000088500000|100%|HC|  |TAMS 0x0000000088500000, 0x0000000088400000| Complete 
| 133|0x0000000088500000, 0x0000000088600000, 0x0000000088600000|100%|HS|  |TAMS 0x0000000088600000, 0x0000000088500000| Complete 
| 134|0x0000000088600000, 0x0000000088700000, 0x0000000088700000|100%| O|  |TAMS 0x0000000088700000, 0x0000000088600000| Untracked 
| 135|0x0000000088700000, 0x0000000088800000, 0x0000000088800000|100%| O|  |TAMS 0x0000000088800000, 0x0000000088700000| Untracked 
| 136|0x0000000088800000, 0x0000000088900000, 0x0000000088900000|100%| O|  |TAMS 0x0000000088900000, 0x0000000088800000| Untracked 
| 137|0x0000000088900000, 0x0000000088a00000, 0x0000000088a00000|100%| O|  |TAMS 0x0000000088a00000, 0x0000000088900000| Untracked 
| 138|0x0000000088a00000, 0x0000000088b00000, 0x0000000088b00000|100%|HS|  |TAMS 0x0000000088b00000, 0x0000000088a00000| Complete 
| 139|0x0000000088b00000, 0x0000000088c00000, 0x0000000088c00000|100%|HC|  |TAMS 0x0000000088c00000, 0x0000000088b00000| Complete 
| 140|0x0000000088c00000, 0x0000000088d00000, 0x0000000088d00000|100%|HS|  |TAMS 0x0000000088d00000, 0x0000000088c00000| Complete 
| 141|0x0000000088d00000, 0x0000000088e00000, 0x0000000088e00000|100%|HS|  |TAMS 0x0000000088e00000, 0x0000000088d00000| Complete 
| 142|0x0000000088e00000, 0x0000000088f00000, 0x0000000088f00000|100%| O|  |TAMS 0x0000000088e00000, 0x0000000088e00000| Untracked 
| 143|0x0000000088f00000, 0x0000000089000000, 0x0000000089000000|100%|HS|  |TAMS 0x0000000089000000, 0x0000000088f00000| Complete 
| 144|0x0000000089000000, 0x0000000089100000, 0x0000000089100000|100%|HS|  |TAMS 0x0000000089100000, 0x0000000089000000| Complete 
| 145|0x0000000089100000, 0x0000000089200000, 0x0000000089200000|100%|HS|  |TAMS 0x0000000089200000, 0x0000000089100000| Complete 
| 146|0x0000000089200000, 0x0000000089300000, 0x0000000089300000|100%|HC|  |TAMS 0x0000000089300000, 0x0000000089200000| Complete 
| 147|0x0000000089300000, 0x0000000089400000, 0x0000000089400000|100%| O|  |TAMS 0x0000000089400000, 0x0000000089300000| Untracked 
| 148|0x0000000089400000, 0x0000000089500000, 0x0000000089500000|100%| O|  |TAMS 0x0000000089500000, 0x0000000089400000| Untracked 
| 149|0x0000000089500000, 0x0000000089600000, 0x0000000089600000|100%| O|  |TAMS 0x0000000089600000, 0x0000000089500000| Untracked 
| 150|0x0000000089600000, 0x0000000089700000, 0x0000000089700000|100%| O|  |TAMS 0x0000000089700000, 0x0000000089600000| Untracked 
| 151|0x0000000089700000, 0x0000000089800000, 0x0000000089800000|100%| O|  |TAMS 0x0000000089800000, 0x0000000089700000| Untracked 
| 152|0x0000000089800000, 0x0000000089900000, 0x0000000089900000|100%| O|  |TAMS 0x0000000089900000, 0x0000000089800000| Untracked 
| 153|0x0000000089900000, 0x0000000089a00000, 0x0000000089a00000|100%| O|  |TAMS 0x0000000089900000, 0x0000000089900000| Untracked 
| 154|0x0000000089a00000, 0x0000000089b00000, 0x0000000089b00000|100%| O|  |TAMS 0x0000000089a00000, 0x0000000089a00000| Untracked 
| 155|0x0000000089b00000, 0x0000000089c00000, 0x0000000089c00000|100%| O|  |TAMS 0x0000000089b00000, 0x0000000089b00000| Untracked 
| 156|0x0000000089c00000, 0x0000000089c54e00, 0x0000000089d00000| 33%| O|  |TAMS 0x0000000089c00000, 0x0000000089c00000| Untracked 
| 157|0x0000000089d00000, 0x0000000089d00000, 0x0000000089e00000|  0%| F|  |TAMS 0x0000000089d00000, 0x0000000089d00000| Untracked 
| 158|0x0000000089e00000, 0x0000000089e00000, 0x0000000089f00000|  0%| F|  |TAMS 0x0000000089e00000, 0x0000000089e00000| Untracked 
| 159|0x0000000089f00000, 0x0000000089f00000, 0x000000008a000000|  0%| F|  |TAMS 0x0000000089f00000, 0x0000000089f00000| Untracked 
| 160|0x000000008a000000, 0x000000008a000000, 0x000000008a100000|  0%| F|  |TAMS 0x000000008a000000, 0x000000008a000000| Untracked 
| 161|0x000000008a100000, 0x000000008a200000, 0x000000008a200000|100%| O|  |TAMS 0x000000008a100000, 0x000000008a100000| Untracked 
| 162|0x000000008a200000, 0x000000008a300000, 0x000000008a300000|100%| O|  |TAMS 0x000000008a200000, 0x000000008a200000| Untracked 
| 163|0x000000008a300000, 0x000000008a400000, 0x000000008a400000|100%| O|  |TAMS 0x000000008a300000, 0x000000008a300000| Untracked 
| 164|0x000000008a400000, 0x000000008a500000, 0x000000008a500000|100%| O|  |TAMS 0x000000008a400000, 0x000000008a400000| Untracked 
| 165|0x000000008a500000, 0x000000008a500000, 0x000000008a600000|  0%| F|  |TAMS 0x000000008a500000, 0x000000008a500000| Untracked 
| 166|0x000000008a600000, 0x000000008a600000, 0x000000008a700000|  0%| F|  |TAMS 0x000000008a600000, 0x000000008a600000| Untracked 
| 167|0x000000008a700000, 0x000000008a700000, 0x000000008a800000|  0%| F|  |TAMS 0x000000008a700000, 0x000000008a700000| Untracked 
| 168|0x000000008a800000, 0x000000008a800000, 0x000000008a900000|  0%| F|  |TAMS 0x000000008a800000, 0x000000008a800000| Untracked 
| 169|0x000000008a900000, 0x000000008a900000, 0x000000008aa00000|  0%| F|  |TAMS 0x000000008a900000, 0x000000008a900000| Untracked 
| 170|0x000000008aa00000, 0x000000008aa00000, 0x000000008ab00000|  0%| F|  |TAMS 0x000000008aa00000, 0x000000008aa00000| Untracked 
| 171|0x000000008ab00000, 0x000000008ab00000, 0x000000008ac00000|  0%| F|  |TAMS 0x000000008ab00000, 0x000000008ab00000| Untracked 
| 172|0x000000008ac00000, 0x000000008ac00000, 0x000000008ad00000|  0%| F|  |TAMS 0x000000008ac00000, 0x000000008ac00000| Untracked 
| 173|0x000000008ad00000, 0x000000008ad00000, 0x000000008ae00000|  0%| F|  |TAMS 0x000000008ad00000, 0x000000008ad00000| Untracked 
| 174|0x000000008ae00000, 0x000000008ae00000, 0x000000008af00000|  0%| F|  |TAMS 0x000000008ae00000, 0x000000008ae00000| Untracked 
| 175|0x000000008af00000, 0x000000008af00000, 0x000000008b000000|  0%| F|  |TAMS 0x000000008af00000, 0x000000008af00000| Untracked 
| 176|0x000000008b000000, 0x000000008b000000, 0x000000008b100000|  0%| F|  |TAMS 0x000000008b000000, 0x000000008b000000| Untracked 
| 177|0x000000008b100000, 0x000000008b100000, 0x000000008b200000|  0%| F|  |TAMS 0x000000008b100000, 0x000000008b100000| Untracked 
| 178|0x000000008b200000, 0x000000008b200000, 0x000000008b300000|  0%| F|  |TAMS 0x000000008b200000, 0x000000008b200000| Untracked 
| 179|0x000000008b300000, 0x000000008b300000, 0x000000008b400000|  0%| F|  |TAMS 0x000000008b300000, 0x000000008b300000| Untracked 
| 180|0x000000008b400000, 0x000000008b400000, 0x000000008b500000|  0%| F|  |TAMS 0x000000008b400000, 0x000000008b400000| Untracked 
| 181|0x000000008b500000, 0x000000008b500000, 0x000000008b600000|  0%| F|  |TAMS 0x000000008b500000, 0x000000008b500000| Untracked 
| 182|0x000000008b600000, 0x000000008b600000, 0x000000008b700000|  0%| F|  |TAMS 0x000000008b600000, 0x000000008b600000| Untracked 
| 183|0x000000008b700000, 0x000000008b700000, 0x000000008b800000|  0%| F|  |TAMS 0x000000008b700000, 0x000000008b700000| Untracked 
| 184|0x000000008b800000, 0x000000008b800000, 0x000000008b900000|  0%| F|  |TAMS 0x000000008b800000, 0x000000008b800000| Untracked 
| 185|0x000000008b900000, 0x000000008b900000, 0x000000008ba00000|  0%| F|  |TAMS 0x000000008b900000, 0x000000008b900000| Untracked 
| 186|0x000000008ba00000, 0x000000008ba00000, 0x000000008bb00000|  0%| F|  |TAMS 0x000000008ba00000, 0x000000008ba00000| Untracked 
| 187|0x000000008bb00000, 0x000000008bb00000, 0x000000008bc00000|  0%| F|  |TAMS 0x000000008bb00000, 0x000000008bb00000| Untracked 
| 188|0x000000008bc00000, 0x000000008bc00000, 0x000000008bd00000|  0%| F|  |TAMS 0x000000008bc00000, 0x000000008bc00000| Untracked 
| 189|0x000000008bd00000, 0x000000008bd00000, 0x000000008be00000|  0%| F|  |TAMS 0x000000008bd00000, 0x000000008bd00000| Untracked 
| 190|0x000000008be00000, 0x000000008be00000, 0x000000008bf00000|  0%| F|  |TAMS 0x000000008be00000, 0x000000008be00000| Untracked 
| 191|0x000000008bf00000, 0x000000008bf00000, 0x000000008c000000|  0%| F|  |TAMS 0x000000008bf00000, 0x000000008bf00000| Untracked 
| 192|0x000000008c000000, 0x000000008c000000, 0x000000008c100000|  0%| F|  |TAMS 0x000000008c000000, 0x000000008c000000| Untracked 
| 193|0x000000008c100000, 0x000000008c100000, 0x000000008c200000|  0%| F|  |TAMS 0x000000008c100000, 0x000000008c100000| Untracked 
| 194|0x000000008c200000, 0x000000008c200000, 0x000000008c300000|  0%| F|  |TAMS 0x000000008c200000, 0x000000008c200000| Untracked 
| 195|0x000000008c300000, 0x000000008c300000, 0x000000008c400000|  0%| F|  |TAMS 0x000000008c300000, 0x000000008c300000| Untracked 
| 196|0x000000008c400000, 0x000000008c400000, 0x000000008c500000|  0%| F|  |TAMS 0x000000008c400000, 0x000000008c400000| Untracked 
| 197|0x000000008c500000, 0x000000008c500000, 0x000000008c600000|  0%| F|  |TAMS 0x000000008c500000, 0x000000008c500000| Untracked 
| 198|0x000000008c600000, 0x000000008c600000, 0x000000008c700000|  0%| F|  |TAMS 0x000000008c600000, 0x000000008c600000| Untracked 
| 199|0x000000008c700000, 0x000000008c700000, 0x000000008c800000|  0%| F|  |TAMS 0x000000008c700000, 0x000000008c700000| Untracked 
| 200|0x000000008c800000, 0x000000008c800000, 0x000000008c900000|  0%| F|  |TAMS 0x000000008c800000, 0x000000008c800000| Untracked 
| 201|0x000000008c900000, 0x000000008c900000, 0x000000008ca00000|  0%| F|  |TAMS 0x000000008c900000, 0x000000008c900000| Untracked 
| 202|0x000000008ca00000, 0x000000008ca00000, 0x000000008cb00000|  0%| F|  |TAMS 0x000000008ca00000, 0x000000008ca00000| Untracked 
| 203|0x000000008cb00000, 0x000000008cb00000, 0x000000008cc00000|  0%| F|  |TAMS 0x000000008cb00000, 0x000000008cb00000| Untracked 
| 204|0x000000008cc00000, 0x000000008cc00000, 0x000000008cd00000|  0%| F|  |TAMS 0x000000008cc00000, 0x000000008cc00000| Untracked 
| 205|0x000000008cd00000, 0x000000008cd00000, 0x000000008ce00000|  0%| F|  |TAMS 0x000000008cd00000, 0x000000008cd00000| Untracked 
| 206|0x000000008ce00000, 0x000000008ce00000, 0x000000008cf00000|  0%| F|  |TAMS 0x000000008ce00000, 0x000000008ce00000| Untracked 
| 207|0x000000008cf00000, 0x000000008cf00000, 0x000000008d000000|  0%| F|  |TAMS 0x000000008cf00000, 0x000000008cf00000| Untracked 
| 208|0x000000008d000000, 0x000000008d000000, 0x000000008d100000|  0%| F|  |TAMS 0x000000008d000000, 0x000000008d000000| Untracked 
| 209|0x000000008d100000, 0x000000008d100000, 0x000000008d200000|  0%| F|  |TAMS 0x000000008d100000, 0x000000008d100000| Untracked 
| 210|0x000000008d200000, 0x000000008d200000, 0x000000008d300000|  0%| F|  |TAMS 0x000000008d200000, 0x000000008d200000| Untracked 
| 211|0x000000008d300000, 0x000000008d300000, 0x000000008d400000|  0%| F|  |TAMS 0x000000008d300000, 0x000000008d300000| Untracked 
| 212|0x000000008d400000, 0x000000008d400000, 0x000000008d500000|  0%| F|  |TAMS 0x000000008d400000, 0x000000008d400000| Untracked 
| 213|0x000000008d500000, 0x000000008d500000, 0x000000008d600000|  0%| F|  |TAMS 0x000000008d500000, 0x000000008d500000| Untracked 
| 214|0x000000008d600000, 0x000000008d600000, 0x000000008d700000|  0%| F|  |TAMS 0x000000008d600000, 0x000000008d600000| Untracked 
| 215|0x000000008d700000, 0x000000008d700000, 0x000000008d800000|  0%| F|  |TAMS 0x000000008d700000, 0x000000008d700000| Untracked 
| 216|0x000000008d800000, 0x000000008d800000, 0x000000008d900000|  0%| F|  |TAMS 0x000000008d800000, 0x000000008d800000| Untracked 
| 217|0x000000008d900000, 0x000000008d900000, 0x000000008da00000|  0%| F|  |TAMS 0x000000008d900000, 0x000000008d900000| Untracked 
| 218|0x000000008da00000, 0x000000008da00000, 0x000000008db00000|  0%| F|  |TAMS 0x000000008da00000, 0x000000008da00000| Untracked 
| 219|0x000000008db00000, 0x000000008db00000, 0x000000008dc00000|  0%| F|  |TAMS 0x000000008db00000, 0x000000008db00000| Untracked 
| 220|0x000000008dc00000, 0x000000008dc2fb48, 0x000000008dd00000| 18%| E|  |TAMS 0x000000008dc00000, 0x000000008dc00000| Complete 
| 221|0x000000008dd00000, 0x000000008de00000, 0x000000008de00000|100%| E|CS|TAMS 0x000000008dd00000, 0x000000008dd00000| Complete 
| 222|0x000000008de00000, 0x000000008df00000, 0x000000008df00000|100%| E|CS|TAMS 0x000000008de00000, 0x000000008de00000| Complete 
| 223|0x000000008df00000, 0x000000008e000000, 0x000000008e000000|100%| E|CS|TAMS 0x000000008df00000, 0x000000008df00000| Complete 
| 224|0x000000008e000000, 0x000000008e100000, 0x000000008e100000|100%| E|CS|TAMS 0x000000008e000000, 0x000000008e000000| Complete 
| 225|0x000000008e100000, 0x000000008e200000, 0x000000008e200000|100%| E|CS|TAMS 0x000000008e100000, 0x000000008e100000| Complete 
| 226|0x000000008e200000, 0x000000008e300000, 0x000000008e300000|100%| E|CS|TAMS 0x000000008e200000, 0x000000008e200000| Complete 
| 227|0x000000008e300000, 0x000000008e400000, 0x000000008e400000|100%| E|CS|TAMS 0x000000008e300000, 0x000000008e300000| Complete 
| 228|0x000000008e400000, 0x000000008e500000, 0x000000008e500000|100%| E|CS|TAMS 0x000000008e400000, 0x000000008e400000| Complete 
| 229|0x000000008e500000, 0x000000008e600000, 0x000000008e600000|100%| E|CS|TAMS 0x000000008e500000, 0x000000008e500000| Complete 
| 230|0x000000008e600000, 0x000000008e6fffc8, 0x000000008e700000| 99%| E|  |TAMS 0x000000008e600000, 0x000000008e600000| Complete 
| 231|0x000000008e700000, 0x000000008e800000, 0x000000008e800000|100%| E|CS|TAMS 0x000000008e700000, 0x000000008e700000| Complete 
| 232|0x000000008e800000, 0x000000008e900000, 0x000000008e900000|100%| E|CS|TAMS 0x000000008e800000, 0x000000008e800000| Complete 
| 233|0x000000008e900000, 0x000000008ea00000, 0x000000008ea00000|100%| E|CS|TAMS 0x000000008e900000, 0x000000008e900000| Complete 
| 234|0x000000008ea00000, 0x000000008eb00000, 0x000000008eb00000|100%| E|CS|TAMS 0x000000008ea00000, 0x000000008ea00000| Complete 
| 235|0x000000008eb00000, 0x000000008ec00000, 0x000000008ec00000|100%| E|CS|TAMS 0x000000008eb00000, 0x000000008eb00000| Complete 
| 236|0x000000008ec00000, 0x000000008ed00000, 0x000000008ed00000|100%| E|CS|TAMS 0x000000008ec00000, 0x000000008ec00000| Complete 
| 237|0x000000008ed00000, 0x000000008ee00000, 0x000000008ee00000|100%| E|CS|TAMS 0x000000008ed00000, 0x000000008ed00000| Complete 
| 238|0x000000008ee00000, 0x000000008ef00000, 0x000000008ef00000|100%| E|CS|TAMS 0x000000008ee00000, 0x000000008ee00000| Complete 
| 239|0x000000008ef00000, 0x000000008f000000, 0x000000008f000000|100%| E|CS|TAMS 0x000000008ef00000, 0x000000008ef00000| Complete 
| 240|0x000000008f000000, 0x000000008f100000, 0x000000008f100000|100%| E|CS|TAMS 0x000000008f000000, 0x000000008f000000| Complete 
| 241|0x000000008f100000, 0x000000008f200000, 0x000000008f200000|100%| E|CS|TAMS 0x000000008f100000, 0x000000008f100000| Complete 
| 242|0x000000008f200000, 0x000000008f300000, 0x000000008f300000|100%| E|CS|TAMS 0x000000008f200000, 0x000000008f200000| Complete 
| 243|0x000000008f300000, 0x000000008f37f0e0, 0x000000008f400000| 49%| S|CS|TAMS 0x000000008f300000, 0x000000008f300000| Complete 
| 244|0x000000008f400000, 0x000000008f500000, 0x000000008f500000|100%| E|CS|TAMS 0x000000008f400000, 0x000000008f400000| Complete 
| 245|0x000000008f500000, 0x000000008f600000, 0x000000008f600000|100%| E|CS|TAMS 0x000000008f500000, 0x000000008f500000| Complete 
| 246|0x000000008f600000, 0x000000008f700000, 0x000000008f700000|100%| E|CS|TAMS 0x000000008f600000, 0x000000008f600000| Complete 
| 247|0x000000008f700000, 0x000000008f800000, 0x000000008f800000|100%| E|CS|TAMS 0x000000008f700000, 0x000000008f700000| Complete 
| 248|0x000000008f800000, 0x000000008f900000, 0x000000008f900000|100%| E|CS|TAMS 0x000000008f800000, 0x000000008f800000| Complete 
| 249|0x000000008f900000, 0x000000008fa00000, 0x000000008fa00000|100%| E|CS|TAMS 0x000000008f900000, 0x000000008f900000| Complete 
| 250|0x000000008fa00000, 0x000000008fb00000, 0x000000008fb00000|100%| E|CS|TAMS 0x000000008fa00000, 0x000000008fa00000| Complete 
| 251|0x000000008fb00000, 0x000000008fc00000, 0x000000008fc00000|100%| E|CS|TAMS 0x000000008fb00000, 0x000000008fb00000| Complete 
| 252|0x000000008fc00000, 0x000000008fd00000, 0x000000008fd00000|100%| E|CS|TAMS 0x000000008fc00000, 0x000000008fc00000| Complete 
| 253|0x000000008fd00000, 0x000000008fe00000, 0x000000008fe00000|100%| E|CS|TAMS 0x000000008fd00000, 0x000000008fd00000| Complete 
| 254|0x000000008fe00000, 0x000000008ff00000, 0x000000008ff00000|100%| O|  |TAMS 0x000000008ff00000, 0x000000008fe00000| Untracked 
| 255|0x000000008ff00000, 0x0000000090000000, 0x0000000090000000|100%| O|  |TAMS 0x0000000090000000, 0x000000008ff00000| Untracked 
| 256|0x0000000090000000, 0x0000000090100000, 0x0000000090100000|100%| O|  |TAMS 0x0000000090100000, 0x0000000090000000| Untracked 
| 257|0x0000000090100000, 0x0000000090200000, 0x0000000090200000|100%| O|  |TAMS 0x0000000090200000, 0x0000000090100000| Untracked 
| 258|0x0000000090200000, 0x0000000090300000, 0x0000000090300000|100%| O|  |TAMS 0x0000000090300000, 0x0000000090200000| Untracked 
| 259|0x0000000090300000, 0x0000000090400000, 0x0000000090400000|100%| O|  |TAMS 0x0000000090400000, 0x0000000090300000| Untracked 
| 260|0x0000000090400000, 0x0000000090500000, 0x0000000090500000|100%| O|  |TAMS 0x0000000090500000, 0x0000000090400000| Untracked 
| 261|0x0000000090500000, 0x0000000090600000, 0x0000000090600000|100%| O|  |TAMS 0x0000000090600000, 0x0000000090500000| Untracked 
| 262|0x0000000090600000, 0x0000000090700000, 0x0000000090700000|100%| O|  |TAMS 0x0000000090700000, 0x0000000090600000| Untracked 
| 263|0x0000000090700000, 0x0000000090800000, 0x0000000090800000|100%| O|  |TAMS 0x0000000090800000, 0x0000000090700000| Untracked 
| 264|0x0000000090800000, 0x0000000090900000, 0x0000000090900000|100%| O|  |TAMS 0x0000000090900000, 0x0000000090800000| Untracked 
| 265|0x0000000090900000, 0x0000000090a00000, 0x0000000090a00000|100%| O|  |TAMS 0x0000000090a00000, 0x0000000090900000| Untracked 
| 266|0x0000000090a00000, 0x0000000090b00000, 0x0000000090b00000|100%| O|  |TAMS 0x0000000090b00000, 0x0000000090a00000| Untracked 
| 267|0x0000000090b00000, 0x0000000090c00000, 0x0000000090c00000|100%| O|  |TAMS 0x0000000090c00000, 0x0000000090b00000| Untracked 
| 268|0x0000000090c00000, 0x0000000090d00000, 0x0000000090d00000|100%| O|  |TAMS 0x0000000090d00000, 0x0000000090c00000| Untracked 
| 269|0x0000000090d00000, 0x0000000090e00000, 0x0000000090e00000|100%| O|  |TAMS 0x0000000090e00000, 0x0000000090d00000| Untracked 
| 270|0x0000000090e00000, 0x0000000090f00000, 0x0000000090f00000|100%| O|  |TAMS 0x0000000090f00000, 0x0000000090e00000| Untracked 
| 271|0x0000000090f00000, 0x0000000091000000, 0x0000000091000000|100%| O|  |TAMS 0x0000000091000000, 0x0000000090f00000| Untracked 
| 272|0x0000000091000000, 0x0000000091100000, 0x0000000091100000|100%| O|  |TAMS 0x0000000091100000, 0x0000000091000000| Untracked 
| 273|0x0000000091100000, 0x0000000091200000, 0x0000000091200000|100%| O|  |TAMS 0x0000000091200000, 0x0000000091100000| Untracked 
| 274|0x0000000091200000, 0x0000000091300000, 0x0000000091300000|100%| O|  |TAMS 0x0000000091300000, 0x0000000091200000| Untracked 
| 275|0x0000000091300000, 0x0000000091400000, 0x0000000091400000|100%| O|  |TAMS 0x0000000091400000, 0x0000000091300000| Untracked 
| 276|0x0000000091400000, 0x0000000091500000, 0x0000000091500000|100%| E|CS|TAMS 0x0000000091400000, 0x0000000091400000| Complete 
| 277|0x0000000091500000, 0x0000000091600000, 0x0000000091600000|100%| E|CS|TAMS 0x0000000091500000, 0x0000000091500000| Complete 
| 278|0x0000000091600000, 0x0000000091700000, 0x0000000091700000|100%| O|  |TAMS 0x0000000091700000, 0x0000000091600000| Untracked 

Card table byte_map: [0x000002ced8920000,0x000002ced8d20000] _byte_map_base: 0x000002ced8520000

Marking Bits (Prev, Next): (CMBitMap*) 0x000002cec58aaee0, (CMBitMap*) 0x000002cec58aaea8
 Prev Bits: [0x000002cedb120000, 0x000002cedd120000)
 Next Bits: [0x000002ced9120000, 0x000002cedb120000)

Polling page: 0x000002cec5050000

Metaspace:

Usage:
  Non-class:     91.13 MB capacity,    89.61 MB ( 98%) used,     1.24 MB (  1%) free+waste,   291.44 KB ( <1%) overhead. 
      Class:     13.90 MB capacity,    13.03 MB ( 94%) used,   755.14 KB (  5%) free+waste,   128.31 KB ( <1%) overhead. 
       Both:    105.03 MB capacity,   102.65 MB ( 98%) used,     1.98 MB (  2%) free+waste,   419.75 KB ( <1%) overhead. 

Virtual space:
  Non-class space:       92.00 MB reserved,      91.41 MB (>99%) committed 
      Class space:        1.00 GB reserved,      14.00 MB (  1%) committed 
             Both:        1.09 GB reserved,     105.41 MB (  9%) committed 

Chunk freelists:
   Non-Class:  90.00 KB
       Class:  106.00 KB
        Both:  196.00 KB

MaxMetaspaceSize: 17179869184.00 GB
CompressedClassSpaceSize: 1.00 GB

CodeHeap 'non-profiled nmethods': size=120000Kb used=10241Kb max_used=10241Kb free=109758Kb
 bounds [0x000002ced0cc0000, 0x000002ced16d0000, 0x000002ced81f0000]
CodeHeap 'profiled nmethods': size=120000Kb used=31511Kb max_used=31511Kb free=88489Kb
 bounds [0x000002cec9790000, 0x000002cecb660000, 0x000002ced0cc0000]
CodeHeap 'non-nmethods': size=5760Kb used=2295Kb max_used=2359Kb free=3465Kb
 bounds [0x000002cec91f0000, 0x000002cec9460000, 0x000002cec9790000]
 total_blobs=15578 nmethods=14677 adapters=811
 compilation: enabled
              stopped_count=0, restarted_count=0
 full_count=0

Compilation events (20 events):
Event: 2483.018 Thread 0x000002cee9853000 15139       4       sun.security.provider.SHA::implReset (13 bytes)
Event: 2483.025 Thread 0x000002cee9853000 nmethod 15139 0x000002ced16bd490 code [0x000002ced16bd620, 0x000002ced16bd7d8]
Event: 2483.025 Thread 0x000002cee9853000 15137       4       java.security.MessageDigest::digest (10 bytes)
Event: 2483.036 Thread 0x000002cee9853000 nmethod 15137 0x000002ced16bd910 code [0x000002ced16bdae0, 0x000002ced16bdeb8]
Event: 2483.036 Thread 0x000002cee9853000 15138       4       sun.security.provider.SHA::implDigest (96 bytes)
Event: 2483.047 Thread 0x000002cee9853000 nmethod 15138 0x000002ced16be390 code [0x000002ced16be560, 0x000002ced16be988]
Event: 2483.106 Thread 0x000002cee0477000 15140 % !   3       com.sun.crypto.provider.PKCS12PBECipherCore::derive @ 233 (501 bytes)
Event: 2483.111 Thread 0x000002cee0477000 nmethod 15140% 0x000002cecb64c690 code [0x000002cecb64cba0, 0x000002cecb64fea8]
Event: 2483.112 Thread 0x000002cee0477000 15141   !   3       com.sun.crypto.provider.PKCS12PBECipherCore::derive (501 bytes)
Event: 2483.117 Thread 0x000002cee0477000 nmethod 15141 0x000002cecb651c10 code [0x000002cecb652120, 0x000002cecb654fe8]
Event: 2483.196 Thread 0x000002cee0477000 15142  s    1       java.util.Vector::size (5 bytes)
Event: 2483.196 Thread 0x000002cee0477000 nmethod 15142 0x000002ced16bed10 code [0x000002ced16beec0, 0x000002ced16bf0d8]
Event: 2483.210 Thread 0x000002cee0477000 15143       3       java.lang.Character::isJavaIdentifierStart (9 bytes)
Event: 2483.211 Thread 0x000002cee0477000 nmethod 15143 0x000002cecb656b90 code [0x000002cecb656d60, 0x000002cecb656f38]
Event: 2483.215 Thread 0x000002cee0477000 15144       3       jdk.internal.misc.Unsafe::getCharUnaligned (12 bytes)
Event: 2483.215 Thread 0x000002cee0477000 nmethod 15144 0x000002cecb657010 code [0x000002cecb6571c0, 0x000002cecb6573f8]
Event: 2483.215 Thread 0x000002cee0477000 15145       3       jdk.internal.misc.Unsafe::getCharUnaligned (34 bytes)
Event: 2483.215 Thread 0x000002cee0477000 nmethod 15145 0x000002cecb657510 code [0x000002cecb6576e0, 0x000002cecb657a78]
Event: 2483.216 Thread 0x000002cee0477000 15147       3       java.nio.HeapByteBuffer::getChar (25 bytes)
Event: 2483.216 Thread 0x000002cee0477000 nmethod 15147 0x000002cecb657c10 code [0x000002cecb657e00, 0x000002cecb6582c8]

GC Heap History (20 events):
Event: 2477.852 GC heap before
{Heap before GC invocations=17 (full 0):
 garbage-first heap   total 285696K, used 160256K [0x0000000080000000, 0x0000000100000000)
  region size 1024K, 17 young (17408K), 6 survivors (6144K)
 Metaspace       used 100725K, capacity 103197K, committed 103716K, reserved 1138688K
  class space    used 12886K, capacity 13801K, committed 13952K, reserved 1048576K
}
Event: 2477.870 GC heap after
{Heap after GC invocations=18 (full 0):
 garbage-first heap   total 285696K, used 155443K [0x0000000080000000, 0x0000000100000000)
  region size 1024K, 4 young (4096K), 4 survivors (4096K)
 Metaspace       used 100725K, capacity 103197K, committed 103716K, reserved 1138688K
  class space    used 12886K, capacity 13801K, committed 13952K, reserved 1048576K
}
Event: 2478.743 GC heap before
{Heap before GC invocations=19 (full 0):
 garbage-first heap   total 285696K, used 187187K [0x0000000080000000, 0x0000000100000000)
  region size 1024K, 44 young (45056K), 4 survivors (4096K)
 Metaspace       used 100762K, capacity 103174K, committed 103716K, reserved 1138688K
  class space    used 12856K, capacity 13746K, committed 13952K, reserved 1048576K
}
Event: 2478.772 GC heap after
{Heap after GC invocations=20 (full 0):
 garbage-first heap   total 285696K, used 156929K [0x0000000080000000, 0x0000000100000000)
  region size 1024K, 6 young (6144K), 6 survivors (6144K)
 Metaspace       used 100762K, capacity 103174K, committed 103716K, reserved 1138688K
  class space    used 12856K, capacity 13746K, committed 13952K, reserved 1048576K
}
Event: 2478.915 GC heap before
{Heap before GC invocations=20 (full 0):
 garbage-first heap   total 285696K, used 168193K [0x0000000080000000, 0x0000000100000000)
  region size 1024K, 13 young (13312K), 6 survivors (6144K)
 Metaspace       used 100771K, capacity 103180K, committed 103716K, reserved 1138688K
  class space    used 12856K, capacity 13746K, committed 13952K, reserved 1048576K
}
Event: 2478.941 GC heap after
{Heap after GC invocations=21 (full 0):
 garbage-first heap   total 285696K, used 156986K [0x0000000080000000, 0x0000000100000000)
  region size 1024K, 2 young (2048K), 2 survivors (2048K)
 Metaspace       used 100771K, capacity 103180K, committed 103716K, reserved 1138688K
  class space    used 12856K, capacity 13746K, committed 13952K, reserved 1048576K
}
Event: 2478.951 GC heap before
{Heap before GC invocations=21 (full 0):
 garbage-first heap   total 285696K, used 156986K [0x0000000080000000, 0x0000000100000000)
  region size 1024K, 3 young (3072K), 2 survivors (2048K)
 Metaspace       used 100771K, capacity 103180K, committed 103716K, reserved 1138688K
  class space    used 12856K, capacity 13746K, committed 13952K, reserved 1048576K
}
Event: 2478.962 GC heap after
{Heap after GC invocations=22 (full 0):
 garbage-first heap   total 285696K, used 156910K [0x0000000080000000, 0x0000000100000000)
  region size 1024K, 2 young (2048K), 2 survivors (2048K)
 Metaspace       used 100771K, capacity 103180K, committed 103716K, reserved 1138688K
  class space    used 12856K, capacity 13746K, committed 13952K, reserved 1048576K
}
Event: 2480.046 GC heap before
{Heap before GC invocations=23 (full 0):
 garbage-first heap   total 285696K, used 210158K [0x0000000080000000, 0x0000000100000000)
  region size 1024K, 42 young (43008K), 2 survivors (2048K)
 Metaspace       used 100875K, capacity 103312K, committed 103972K, reserved 1138688K
  class space    used 12855K, capacity 13744K, committed 13952K, reserved 1048576K
}
Event: 2480.056 GC heap after
{Heap after GC invocations=24 (full 0):
 garbage-first heap   total 285696K, used 173834K [0x0000000080000000, 0x0000000100000000)
  region size 1024K, 6 young (6144K), 6 survivors (6144K)
 Metaspace       used 100875K, capacity 103312K, committed 103972K, reserved 1138688K
  class space    used 12855K, capacity 13744K, committed 13952K, reserved 1048576K
}
Event: 2480.199 GC heap before
{Heap before GC invocations=24 (full 0):
 garbage-first heap   total 285696K, used 185098K [0x0000000080000000, 0x0000000100000000)
  region size 1024K, 13 young (13312K), 6 survivors (6144K)
 Metaspace       used 100914K, capacity 103322K, committed 103972K, reserved 1138688K
  class space    used 12856K, capacity 13745K, committed 13952K, reserved 1048576K
}
Event: 2480.209 GC heap after
{Heap after GC invocations=25 (full 0):
 garbage-first heap   total 285696K, used 176226K [0x0000000080000000, 0x0000000100000000)
  region size 1024K, 1 young (1024K), 1 survivors (1024K)
 Metaspace       used 100914K, capacity 103322K, committed 103972K, reserved 1138688K
  class space    used 12856K, capacity 13745K, committed 13952K, reserved 1048576K
}
Event: 2480.290 GC heap before
{Heap before GC invocations=25 (full 0):
 garbage-first heap   total 285696K, used 202850K [0x0000000080000000, 0x0000000100000000)
  region size 1024K, 29 young (29696K), 1 survivors (1024K)
 Metaspace       used 100930K, capacity 103388K, committed 103972K, reserved 1138688K
  class space    used 12856K, capacity 13745K, committed 13952K, reserved 1048576K
}
Event: 2480.300 GC heap after
{Heap after GC invocations=26 (full 0):
 garbage-first heap   total 285696K, used 181653K [0x0000000080000000, 0x0000000100000000)
  region size 1024K, 5 young (5120K), 5 survivors (5120K)
 Metaspace       used 100930K, capacity 103388K, committed 103972K, reserved 1138688K
  class space    used 12856K, capacity 13745K, committed 13952K, reserved 1048576K
}
Event: 2480.638 GC heap before
{Heap before GC invocations=26 (full 0):
 garbage-first heap   total 285696K, used 225685K [0x0000000080000000, 0x0000000100000000)
  region size 1024K, 41 young (41984K), 5 survivors (5120K)
 Metaspace       used 101011K, capacity 103415K, committed 103972K, reserved 1138688K
  class space    used 12856K, capacity 13745K, committed 13952K, reserved 1048576K
}
Event: 2480.650 GC heap after
{Heap after GC invocations=27 (full 0):
 garbage-first heap   total 285696K, used 193643K [0x0000000080000000, 0x0000000100000000)
  region size 1024K, 5 young (5120K), 5 survivors (5120K)
 Metaspace       used 101011K, capacity 103415K, committed 103972K, reserved 1138688K
  class space    used 12856K, capacity 13745K, committed 13952K, reserved 1048576K
}
Event: 2482.050 GC heap before
{Heap before GC invocations=28 (full 0):
 garbage-first heap   total 285696K, used 226411K [0x0000000080000000, 0x0000000100000000)
  region size 1024K, 38 young (38912K), 5 survivors (5120K)
 Metaspace       used 101542K, capacity 103941K, committed 104484K, reserved 1140736K
  class space    used 12916K, capacity 13784K, committed 13952K, reserved 1048576K
}
Event: 2482.058 GC heap after
{Heap after GC invocations=29 (full 0):
 garbage-first heap   total 285696K, used 184886K [0x0000000080000000, 0x0000000100000000)
  region size 1024K, 1 young (1024K), 1 survivors (1024K)
 Metaspace       used 101542K, capacity 103941K, committed 104484K, reserved 1140736K
  class space    used 12916K, capacity 13784K, committed 13952K, reserved 1048576K
}
Event: 2482.362 GC heap before
{Heap before GC invocations=29 (full 0):
 garbage-first heap   total 285696K, used 197174K [0x0000000080000000, 0x0000000100000000)
  region size 1024K, 13 young (13312K), 1 survivors (1024K)
 Metaspace       used 102755K, capacity 105125K, committed 105636K, reserved 1140736K
  class space    used 13073K, capacity 13944K, committed 14080K, reserved 1048576K
}
Event: 2482.371 GC heap after
{Heap after GC invocations=30 (full 0):
 garbage-first heap   total 285696K, used 177999K [0x0000000080000000, 0x0000000100000000)
  region size 1024K, 1 young (1024K), 1 survivors (1024K)
 Metaspace       used 102755K, capacity 105125K, committed 105636K, reserved 1140736K
  class space    used 13073K, capacity 13944K, committed 14080K, reserved 1048576K
}

Deoptimization events (20 events):
Event: 2482.964 Thread 0x000002cee40a1000 Uncommon trap: trap_request=0xfffffff4 fr.pc=0x000002ced0e264a0 relative=0x0000000000005520
Event: 2482.964 Thread 0x000002cee40a1000 Uncommon trap: reason=null_check action=make_not_entrant pc=0x000002ced0e264a0 method=java.net.URL.getURLStreamHandler(Ljava/lang/String;)Ljava/net/URLStreamHandler; @ 7 c2
Event: 2482.964 Thread 0x000002cee40a1000 DEOPT PACKING pc=0x000002ced0e264a0 sp=0x000000d99d7fc960
Event: 2482.964 Thread 0x000002cee40a1000 DEOPT UNPACKING pc=0x000002cec92174af sp=0x000000d99d7fc888 mode 2
Event: 2482.969 Thread 0x000002cee40a1000 Uncommon trap: trap_request=0xffffffde fr.pc=0x000002ced15eafcc relative=0x000000000000010c
Event: 2482.969 Thread 0x000002cee40a1000 Uncommon trap: reason=class_check action=maybe_recompile pc=0x000002ced15eafcc method=java.util.Spliterators$ArraySpliterator.tryAdvance(Ljava/util/function/Consumer;)Z @ 49 c2
Event: 2482.969 Thread 0x000002cee40a1000 DEOPT PACKING pc=0x000002ced15eafcc sp=0x000000d99d7fabb0
Event: 2482.969 Thread 0x000002cee40a1000 DEOPT UNPACKING pc=0x000002cec92174af sp=0x000000d99d7fab40 mode 2
Event: 2482.973 Thread 0x000002cee40a1000 Uncommon trap: trap_request=0xffffff4d fr.pc=0x000002ced0fcea94 relative=0x00000000000009d4
Event: 2482.973 Thread 0x000002cee40a1000 Uncommon trap: reason=unstable_if action=reinterpret pc=0x000002ced0fcea94 method=sun.net.util.IPAddressUtil.scan(Ljava/lang/String;JJ[C)I @ 14 c2
Event: 2482.973 Thread 0x000002cee40a1000 DEOPT PACKING pc=0x000002ced0fcea94 sp=0x000000d99d7fc520
Event: 2482.973 Thread 0x000002cee40a1000 DEOPT UNPACKING pc=0x000002cec92174af sp=0x000000d99d7fc3a0 mode 2
Event: 2483.219 Thread 0x000002cee40a1000 Uncommon trap: trap_request=0xffffff4d fr.pc=0x000002ced0d76b04 relative=0x0000000000000344
Event: 2483.219 Thread 0x000002cee40a1000 Uncommon trap: reason=unstable_if action=reinterpret pc=0x000002ced0d76b04 method=java.lang.StringUTF16.compress([CII)[B @ 13 c2
Event: 2483.219 Thread 0x000002cee40a1000 DEOPT PACKING pc=0x000002ced0d76b04 sp=0x000000d99d7fb8a0
Event: 2483.219 Thread 0x000002cee40a1000 DEOPT UNPACKING pc=0x000002cec92174af sp=0x000000d99d7fb768 mode 2
Event: 2483.221 Thread 0x000002cee40a1000 Uncommon trap: trap_request=0xffffff4d fr.pc=0x000002ced0d18520 relative=0x0000000000000080
Event: 2483.221 Thread 0x000002cee40a1000 Uncommon trap: reason=unstable_if action=reinterpret pc=0x000002ced0d18520 method=java.lang.CharacterDataLatin1.isWhitespace(I)Z @ 14 c2
Event: 2483.221 Thread 0x000002cee40a1000 DEOPT PACKING pc=0x000002ced0d18520 sp=0x000000d99d7fd1e0
Event: 2483.221 Thread 0x000002cee40a1000 DEOPT UNPACKING pc=0x000002cec92174af sp=0x000000d99d7fd150 mode 2

Classes redefined (0 events):
No events

Internal exceptions (20 events):
Event: 2475.726 Thread 0x000002cee409e000 Exception <a 'java/lang/NoSuchMethodError'{0x000000008f9329e0}: 'java.lang.Object java.lang.invoke.DirectMethodHandle$Holder.invokeInterface(java.lang.Object, java.lang.Object, int)'> (0x000000008f9329e0) thrown at [./src/hotspot/share/interpreter/linkResolver.cpp, line 773]
Event: 2475.819 Thread 0x000002cee409e000 Exception <a 'java/lang/NoSuchMethodError'{0x000000008f51f0d8}: 'java.lang.Object java.lang.invoke.DirectMethodHandle$Holder.invokeSpecial(java.lang.Object, java.lang.Object, java.lang.Object, java.lang.Object, java.lang.Object, java.lang.Object, java.lang.Object, java.lang.Object, java.lang.Object, java.lang.Object)'> (0x000000008f51f0d8) thrown at [./src/hotspot/share/interpreter/linkResolver.cpp, line 773]
Event: 2475.819 Thread 0x000002cee409e000 Exception <a 'java/lang/NoSuchMethodError'{0x000000008f523428}: 'java.lang.Object java.lang.invoke.Invokers$Holder.linkToTargetMethod(java.lang.Object, java.lang.Object, java.lang.Object, java.lang.Object, java.lang.Object, java.lang.Object, java.lang.Object, java.lang.Object, java.lang.Object)'> (0x000000008f523428) thrown at [./src/hotspot/share/interpreter/linkResolver.cpp, line 773]
Event: 2475.830 Thread 0x000002cee409e000 Implicit null exception at 0x000002ced0e079a7 to 0x000002ced0e07b28
Event: 2475.831 Thread 0x000002cee409e000 Implicit null exception at 0x000002ced0faeb30 to 0x000002ced0faf8f4
Event: 2475.903 Thread 0x000002cee409e000 Exception <a 'java/lang/NoSuchMethodError'{0x000000008f3d4a98}: 'void java.lang.invoke.DirectMethodHandle$Holder.invokeVirtual(java.lang.Object, java.lang.Object, int)'> (0x000000008f3d4a98) thrown at [./src/hotspot/share/interpreter/linkResolver.cpp, line 773]
Event: 2475.920 Thread 0x000002cee409e000 Exception <a 'sun/nio/fs/WindowsException'{0x000000008f255fb8}> (0x000000008f255fb8) thrown at [./src/hotspot/share/prims/jni.cpp, line 615]
Event: 2476.181 Thread 0x000002cee4094000 Exception <a 'java/lang/NoSuchMethodError'{0x000000008ddf0bd0}: <clinit>> (0x000000008ddf0bd0) thrown at [./src/hotspot/share/prims/jni.cpp, line 1362]
Event: 2476.185 Thread 0x000002cee409b800 Implicit null exception at 0x000002ced0e5344e to 0x000002ced0e539f4
Event: 2476.288 Thread 0x000002cee409f800 Exception <a 'sun/nio/fs/WindowsException'{0x000000008d35ecf8}> (0x000000008d35ecf8) thrown at [./src/hotspot/share/prims/jni.cpp, line 615]
Event: 2476.682 Thread 0x000002cee409f800 Implicit null exception at 0x000002ced149b51c to 0x000002ced149c06c
Event: 2481.724 Thread 0x000002cee7164800 Exception <a 'sun/nio/fs/WindowsException'{0x000000008e490450}> (0x000000008e490450) thrown at [./src/hotspot/share/prims/jni.cpp, line 615]
Event: 2481.914 Thread 0x000002cee4094000 Implicit null exception at 0x000002ced0f0a13f to 0x000002ced0f0ca74
Event: 2482.829 Thread 0x000002cee4094000 Exception <a 'java/lang/NoSuchMethodError'{0x000000008eefa4a8}: <clinit>> (0x000000008eefa4a8) thrown at [./src/hotspot/share/prims/jni.cpp, line 1362]
Event: 2482.956 Thread 0x000002cee40a1000 Exception <a 'sun/nio/fs/WindowsException'{0x000000008ea5aad8}> (0x000000008ea5aad8) thrown at [./src/hotspot/share/prims/jni.cpp, line 615]
Event: 2482.964 Thread 0x000002cee40a1000 Implicit null exception at 0x000002ced0e23b70 to 0x000002ced0e26490
Event: 2483.227 Thread 0x000002cee40a1000 Exception <a 'java/lang/NoSuchMethodError'{0x000000008e541a00}: 'java.lang.Object java.lang.invoke.Invokers$Holder.linkToTargetMethod(java.lang.Object, java.lang.Object, java.lang.Object, java.lang.Object, int, java.lang.Object, java.lang.Object)'> (0x000000008e541a00) thrown at [./src/hotspot/share/interpreter/linkResolver.cpp, line 773]
Event: 2483.357 Thread 0x000002cee40a1000 Exception <a 'java/lang/NoSuchMethodError'{0x000000008e175320}: 'java.lang.Object java.lang.invoke.DirectMethodHandle$Holder.invokeStatic(java.lang.Object, java.lang.Object, java.lang.Object, java.lang.Object, java.lang.Object, java.lang.Object, java.lang.Object, int)'> (0x000000008e175320) thrown at [./src/hotspot/share/interpreter/linkResolver.cpp, line 773]
Event: 2483.358 Thread 0x000002cee40a1000 Exception <a 'java/lang/NoSuchMethodError'{0x000000008e179878}: 'java.lang.Object java.lang.invoke.DirectMethodHandle$Holder.invokeSpecial(java.lang.Object, java.lang.Object, java.lang.Object, java.lang.Object, java.lang.Object, java.lang.Object, java.lang.Object, java.lang.Object, int)'> (0x000000008e179878) thrown at [./src/hotspot/share/interpreter/linkResolver.cpp, line 773]
Event: 2483.360 Thread 0x000002cee40a1000 Exception <a 'java/lang/NoSuchMethodError'{0x000000008e17dab8}: 'java.lang.Object java.lang.invoke.Invokers$Holder.linkToTargetMethod(java.lang.Object, java.lang.Object, java.lang.Object, java.lang.Object, java.lang.Object, java.lang.Object, int, java.lang.Object)'> (0x000000008e17dab8) thrown at [./src/hotspot/share/interpreter/linkResolver.cpp, line 773]

Events (20 events):
Event: 2483.224 loading class javax/crypto/Mac
Event: 2483.224 loading class javax/crypto/Mac done
Event: 2483.227 loading class com/sun/crypto/provider/HmacPKCS12PBESHA1
Event: 2483.228 loading class com/sun/crypto/provider/HmacCore
Event: 2483.229 loading class javax/crypto/MacSpi
Event: 2483.229 loading class javax/crypto/MacSpi done
Event: 2483.229 loading class com/sun/crypto/provider/HmacCore done
Event: 2483.229 loading class com/sun/crypto/provider/HmacPKCS12PBESHA1 done
Event: 2483.353 loading class java/security/KeyStore$PasswordProtection
Event: 2483.353 loading class java/security/KeyStore$PasswordProtection done
Event: 2483.353 loading class sun/security/pkcs/EncryptedPrivateKeyInfo
Event: 2483.354 loading class sun/security/pkcs/EncryptedPrivateKeyInfo done
Event: 2483.361 loading class com/sun/crypto/provider/PKCS12PBECipherCore$PBEWithSHA1AndDESede
Event: 2483.363 loading class com/sun/crypto/provider/PKCS12PBECipherCore$PBEWithSHA1AndDESede done
Event: 2483.363 loading class com/sun/crypto/provider/DESedeCrypt
Event: 2483.364 loading class com/sun/crypto/provider/DESConstants
Event: 2483.364 loading class com/sun/crypto/provider/DESConstants done
Event: 2483.365 loading class com/sun/crypto/provider/DESCrypt
Event: 2483.366 loading class com/sun/crypto/provider/DESCrypt done
Event: 2483.366 loading class com/sun/crypto/provider/DESedeCrypt done


Dynamic libraries:
0x00007ff701690000 - 0x00007ff70169a000 	D:\Androidstudio\setup\jre\bin\java.exe
0x00007ffce5b50000 - 0x00007ffce5d45000 	C:\WINDOWS\SYSTEM32\ntdll.dll
0x00007ffce5280000 - 0x00007ffce533d000 	C:\WINDOWS\System32\KERNEL32.DLL
0x00007ffce3650000 - 0x00007ffce3919000 	C:\WINDOWS\System32\KERNELBASE.dll
0x00007ffce3920000 - 0x00007ffce3a20000 	C:\WINDOWS\System32\ucrtbase.dll
0x00007ffcaebc0000 - 0x00007ffcaebd9000 	D:\Androidstudio\setup\jre\bin\jli.dll
0x00007ffcaefb0000 - 0x00007ffcaefc7000 	D:\Androidstudio\setup\jre\bin\VCRUNTIME140.dll
0x00007ffce4920000 - 0x00007ffce4ac0000 	C:\WINDOWS\System32\USER32.dll
0x00007ffce3b30000 - 0x00007ffce3b52000 	C:\WINDOWS\System32\win32u.dll
0x00007ffcc0ee0000 - 0x00007ffcc117a000 	C:\WINDOWS\WinSxS\amd64_microsoft.windows.common-controls_6595b64144ccf1df_6.0.19041.1110_none_60b5254171f9507e\COMCTL32.dll
0x00007ffce5ae0000 - 0x00007ffce5b0a000 	C:\WINDOWS\System32\GDI32.dll
0x00007ffce5080000 - 0x00007ffce511e000 	C:\WINDOWS\System32\msvcrt.dll
0x00007ffce3a20000 - 0x00007ffce3b2b000 	C:\WINDOWS\System32\gdi32full.dll
0x00007ffce3340000 - 0x00007ffce33dd000 	C:\WINDOWS\System32\msvcp_win.dll
0x00007ffce4740000 - 0x00007ffce4770000 	C:\WINDOWS\System32\IMM32.DLL
0x00007ffca3930000 - 0x00007ffca39cd000 	D:\Androidstudio\setup\jre\bin\msvcp140.dll
0x00007ffca1490000 - 0x00007ffca1f4c000 	D:\Androidstudio\setup\jre\bin\server\jvm.dll
0x00007ffce4460000 - 0x00007ffce450c000 	C:\WINDOWS\System32\ADVAPI32.dll
0x00007ffce4640000 - 0x00007ffce46db000 	C:\WINDOWS\System32\sechost.dll
0x00007ffce4510000 - 0x00007ffce463a000 	C:\WINDOWS\System32\RPCRT4.dll
0x00007ffce4770000 - 0x00007ffce4778000 	C:\WINDOWS\System32\PSAPI.DLL
0x00007ffcc5400000 - 0x00007ffcc5409000 	C:\WINDOWS\SYSTEM32\WSOCK32.dll
0x00007ffcdf210000 - 0x00007ffcdf237000 	C:\WINDOWS\SYSTEM32\WINMM.dll
0x00007ffcd9bf0000 - 0x00007ffcd9bfa000 	C:\WINDOWS\SYSTEM32\VERSION.dll
0x00007ffce48a0000 - 0x00007ffce490b000 	C:\WINDOWS\System32\WS2_32.dll
0x00007ffce1ba0000 - 0x00007ffce1bb2000 	C:\WINDOWS\SYSTEM32\kernel.appcore.dll
0x00007ffcdccd0000 - 0x00007ffcdcce1000 	D:\Androidstudio\setup\jre\bin\verify.dll
0x00007ffce1940000 - 0x00007ffce1b24000 	C:\WINDOWS\SYSTEM32\DBGHELP.DLL
0x00007ffcceea0000 - 0x00007ffcceecc000 	C:\WINDOWS\SYSTEM32\dbgcore.DLL
0x00007ffce35c0000 - 0x00007ffce3643000 	C:\WINDOWS\System32\bcryptPrimitives.dll
0x00007ffcdc3d0000 - 0x00007ffcdc3f9000 	D:\Androidstudio\setup\jre\bin\java.dll
0x00007ffcdc380000 - 0x00007ffcdc38b000 	D:\Androidstudio\setup\jre\bin\jimage.dll
0x00007ffcdbc60000 - 0x00007ffcdbc78000 	D:\Androidstudio\setup\jre\bin\zip.dll
0x00007ffce5340000 - 0x00007ffce5a7f000 	C:\WINDOWS\System32\SHELL32.dll
0x00007ffce10d0000 - 0x00007ffce1861000 	C:\WINDOWS\SYSTEM32\windows.storage.dll
0x00007ffce3e70000 - 0x00007ffce41c5000 	C:\WINDOWS\System32\combase.dll
0x00007ffce2d00000 - 0x00007ffce2d2c000 	C:\WINDOWS\SYSTEM32\Wldp.dll
0x00007ffce5120000 - 0x00007ffce51ce000 	C:\WINDOWS\System32\SHCORE.dll
0x00007ffce3bc0000 - 0x00007ffce3c15000 	C:\WINDOWS\System32\shlwapi.dll
0x00007ffce31d0000 - 0x00007ffce31ef000 	C:\WINDOWS\SYSTEM32\profapi.dll
0x00007ffcdb4c0000 - 0x00007ffcdb4da000 	D:\Androidstudio\setup\jre\bin\net.dll
0x00007ffcdfe20000 - 0x00007ffcdff2a000 	C:\WINDOWS\SYSTEM32\WINHTTP.dll
0x00007ffce2a60000 - 0x00007ffce2aca000 	C:\WINDOWS\system32\mswsock.dll
0x00007ffcda860000 - 0x00007ffcda874000 	D:\Androidstudio\setup\jre\bin\nio.dll
0x00007ffcb4b20000 - 0x00007ffcb4b47000 	D:\Android\.gradle\native\fdc75f09e3144964f2cf3f50f0aa648679c211496f362492102eb8c894070792\windows-amd64\native-platform.dll
0x00007ffca0fc0000 - 0x00007ffca1156000 	D:\Android\.gradle\native\12488b8bf47d2d4c9fbf2f6322a914ad602e24e48041cd04a747c6da556b65c4\windows-amd64\native-platform-file-events.dll
0x00007ffcda850000 - 0x00007ffcda85a000 	D:\Androidstudio\setup\jre\bin\management.dll
0x00007ffcda780000 - 0x00007ffcda78c000 	D:\Androidstudio\setup\jre\bin\management_ext.dll
0x00007ffce2c40000 - 0x00007ffce2c58000 	C:\WINDOWS\SYSTEM32\CRYPTSP.dll
0x00007ffce2390000 - 0x00007ffce23c4000 	C:\WINDOWS\system32\rsaenh.dll
0x00007ffce3590000 - 0x00007ffce35b7000 	C:\WINDOWS\System32\bcrypt.dll
0x00007ffce3190000 - 0x00007ffce31be000 	C:\WINDOWS\SYSTEM32\USERENV.dll
0x00007ffce2c60000 - 0x00007ffce2c6c000 	C:\WINDOWS\SYSTEM32\CRYPTBASE.dll
0x00007ffce2700000 - 0x00007ffce273b000 	C:\WINDOWS\SYSTEM32\IPHLPAPI.DLL
0x00007ffce5010000 - 0x00007ffce5018000 	C:\WINDOWS\System32\NSI.dll
0x00007ffcd9b80000 - 0x00007ffcd9b97000 	C:\WINDOWS\SYSTEM32\dhcpcsvc6.DLL
0x00007ffcd9b60000 - 0x00007ffcd9b7d000 	C:\WINDOWS\SYSTEM32\dhcpcsvc.DLL
0x00007ffce2750000 - 0x00007ffce281c000 	C:\WINDOWS\SYSTEM32\DNSAPI.dll
0x00007ffcd9ba0000 - 0x00007ffcd9bab000 	C:\WINDOWS\SYSTEM32\WINNSI.DLL
0x00007ffcc16d0000 - 0x00007ffcc16f7000 	D:\Androidstudio\setup\jre\bin\sunec.dll

dbghelp: loaded successfully - version: 4.0.5 - missing functions: none
symbol engine: initialized successfully - sym options: 0x614 - pdb path: .;D:\Androidstudio\setup\jre\bin;C:\WINDOWS\SYSTEM32;C:\WINDOWS\WinSxS\amd64_microsoft.windows.common-controls_6595b64144ccf1df_6.0.19041.1110_none_60b5254171f9507e;D:\Androidstudio\setup\jre\bin\server;D:\Android\.gradle\native\fdc75f09e3144964f2cf3f50f0aa648679c211496f362492102eb8c894070792\windows-amd64;D:\Android\.gradle\native\12488b8bf47d2d4c9fbf2f6322a914ad602e24e48041cd04a747c6da556b65c4\windows-amd64

VM Arguments:
jvm_args: --add-opens=java.base/java.util=ALL-UNNAMED --add-opens=java.base/java.lang=ALL-UNNAMED --add-opens=java.base/java.lang.invoke=ALL-UNNAMED --add-opens=java.prefs/java.util.prefs=ALL-UNNAMED -Xmx2048m -Dfile.encoding=UTF-8 -Duser.country=CN -Duser.language=zh -Duser.variant 
java_command: org.gradle.launcher.daemon.bootstrap.GradleDaemon 6.7.1
java_class_path (initial): D:\Android\.gradle\wrapper\dists\gradle-6.7.1-bin\bwlcbys1h7rz3272sye1xwiv6\gradle-6.7.1\lib\gradle-launcher-6.7.1.jar
Launcher Type: SUN_STANDARD

[Global flags]
     intx CICompilerCount                          = 4                                         {product} {ergonomic}
     uint ConcGCThreads                            = 2                                         {product} {ergonomic}
     uint G1ConcRefinementThreads                  = 8                                         {product} {ergonomic}
   size_t G1HeapRegionSize                         = 1048576                                   {product} {ergonomic}
    uintx GCDrainStackTargetSize                   = 64                                        {product} {ergonomic}
   size_t InitialHeapSize                          = 266338304                                 {product} {ergonomic}
   size_t MarkStackSize                            = 4194304                                   {product} {ergonomic}
   size_t MaxHeapSize                              = 2147483648                                {product} {command line}
   size_t MaxNewSize                               = 1287651328                                {product} {ergonomic}
   size_t MinHeapDeltaBytes                        = 1048576                                   {product} {ergonomic}
    uintx NonNMethodCodeHeapSize                   = 5836300                                {pd product} {ergonomic}
    uintx NonProfiledCodeHeapSize                  = 122910970                              {pd product} {ergonomic}
    uintx ProfiledCodeHeapSize                     = 122910970                              {pd product} {ergonomic}
    uintx ReservedCodeCacheSize                    = 251658240                              {pd product} {ergonomic}
     bool SegmentedCodeCache                       = true                                      {product} {ergonomic}
     bool UseCompressedClassPointers               = true                                 {lp64_product} {ergonomic}
     bool UseCompressedOops                        = true                                 {lp64_product} {ergonomic}
     bool UseG1GC                                  = true                                      {product} {ergonomic}
     bool UseLargePagesIndividualAllocation        = false                                  {pd product} {ergonomic}

Logging:
Log output configuration:
 #0: stdout all=warning uptime,level,tags
 #1: stderr all=off uptime,level,tags

Environment Variables:
JAVA_HOME=D:\Java_JDK\jdk-16.0.1_windows-x64_bin\jdk-16.0.1
CLASSPATH=.;D:\Java_JDK\jdk-16.0.1_windows-x64_bin\jdk-16.0.1\lib\dt.jar;D:\Java_JDK\jdk-16.0.1_windows-x64_bin\jdk-16.0.1\lib\tools.jar
PATH=C:\Windows\system32;C:\Windows;C:\Windows\System32\Wbem;C:\Windows\System32\WindowsPowerShell\v1.0\;C:\Windows\System32\OpenSSH\;C:\Program Files (x86)\NVIDIA Corporation\PhysX\Common;C:\Program Files\NVIDIA Corporation\NVIDIA NvDLISR;C:\Program Files\Microsoft SQL Server\130\Tools\Binn\;D:\MATLAB2020a\runtime\win64;D:\MATLAB2020a\bin;C:\Program Files (x86)\IVI Foundation\VISA\WinNT\Bin\;C:\Program Files\IVI Foundation\VISA\Win64\Bin\;C:\Program Files (x86)\IVI Foundation\VISA\WinNT\Bin;D:\NI_Package\LabView\LabVIEW CLI;C:\WINDOWS\system32;C:\WINDOWS;C:\WINDOWS\System32\Wbem;C:\WINDOWS\System32\WindowsPowerShell\v1.0\;C:\WINDOWS\System32\OpenSSH\;D:\Java_JDK\jdk-16.0.1_windows-x64_bin\jdk-16.0.1\bin;%JRE_HOME%\bin;D:\Python3.8.2\python-3.8.2\python 3.8\Scripts\;D:\Python3.8.2\python-3.8.2\python 3.8\;C:\Users\GMQ\AppData\Local\Microsoft\WindowsApps;;D:\pycharm-2019.3.3 setup\PyCharm 2019.3.3\bin;
USERNAME=GMQ
OS=Windows_NT
PROCESSOR_IDENTIFIER=Intel64 Family 6 Model 142 Stepping 12, GenuineIntel



---------------  S Y S T E M  ---------------

OS: Windows 10 , 64 bit Build 19041 (10.0.19041.1023)
OS uptime: 0 days 8:24 hours

CPU:total 8 (initial active 8) (4 cores per cpu, 2 threads per core) family 6 model 142 stepping 12, cmov, cx8, fxsr, mmx, sse, sse2, sse3, ssse3, sse4.1, sse4.2, popcnt, avx, avx2, aes, clmul, erms, 3dnowpref, lzcnt, ht, tsc, tscinvbit, bmi1, bmi2, adx, fma

Memory: 4k page, system-wide physical 16212M (838M free)
TotalPageFile size 26452M (AvailPageFile size 5M)
current process WorkingSet (physical memory assigned to process): 571M, peak: 574M
current process commit charge ("private bytes"): 645M, peak: 650M

vm_info: OpenJDK 64-Bit Server VM (11.0.8+10-b944.6842174) for windows-amd64 JRE (11.0.8+10-b944.6842174), built on Sep 19 2020 01:11:42 by "builder" with MS VC++ 14.0 (VS2015)

END.
